2024-03-19 14:42:10.472724+00:00 [notice] <0.230.0> Logging: configured log handlers are now ACTIVE
2024-03-19 14:42:10.791471+00:00 [info] <0.230.0> ra: starting system quorum_queues
2024-03-19 14:42:10.791942+00:00 [info] <0.230.0> starting Ra system: quorum_queues in directory: /var/lib/rabbitmq/mnesia/rabbit@3d3bb9b24aa5/quorum/rabbit@3d3bb9b24aa5
2024-03-19 14:42:10.910051+00:00 [info] <0.267.0> ra system 'quorum_queues' running pre init for 0 registered servers
2024-03-19 14:42:10.926107+00:00 [info] <0.268.0> ra: meta data store initialised for system quorum_queues. 0 record(s) recovered
2024-03-19 14:42:10.949636+00:00 [notice] <0.273.0> WAL: ra_log_wal init, open tbls: ra_log_open_mem_tables, closed tbls: ra_log_closed_mem_tables
2024-03-19 14:42:10.960444+00:00 [info] <0.230.0> ra: starting system coordination
2024-03-19 14:42:10.960498+00:00 [info] <0.230.0> starting Ra system: coordination in directory: /var/lib/rabbitmq/mnesia/rabbit@3d3bb9b24aa5/coordination/rabbit@3d3bb9b24aa5
2024-03-19 14:42:10.962807+00:00 [info] <0.280.0> ra system 'coordination' running pre init for 0 registered servers
2024-03-19 14:42:10.964398+00:00 [info] <0.281.0> ra: meta data store initialised for system coordination. 0 record(s) recovered
2024-03-19 14:42:10.964478+00:00 [notice] <0.286.0> WAL: ra_coordination_log_wal init, open tbls: ra_coordination_log_open_mem_tables, closed tbls: ra_coordination_log_closed_mem_tables
2024-03-19 14:42:10.970145+00:00 [info] <0.230.0> 
2024-03-19 14:42:10.970145+00:00 [info] <0.230.0>  Starting RabbitMQ 3.11.28 on Erlang 25.3.2.9 [jit]
2024-03-19 14:42:10.970145+00:00 [info] <0.230.0>  Copyright (c) 2007-2023 Broadcom Inc and/or its subsidiaries
2024-03-19 14:42:10.970145+00:00 [info] <0.230.0>  Licensed under the MPL 2.0. Website: https://rabbitmq.com
2024-03-19 14:42:10.971425+00:00 [info] <0.230.0> 
2024-03-19 14:42:10.971425+00:00 [info] <0.230.0>  node           : rabbit@3d3bb9b24aa5
2024-03-19 14:42:10.971425+00:00 [info] <0.230.0>  home dir       : /var/lib/rabbitmq
2024-03-19 14:42:10.971425+00:00 [info] <0.230.0>  config file(s) : (none)
2024-03-19 14:42:10.971425+00:00 [info] <0.230.0>  cookie hash    : movsmfCfmasvqU09tBIFaQ==
2024-03-19 14:42:10.971425+00:00 [info] <0.230.0>  log(s)         : /var/log/rabbitmq/rabbit@3d3bb9b24aa5.log
2024-03-19 14:42:10.971425+00:00 [info] <0.230.0>                 : /var/log/rabbitmq/rabbit@3d3bb9b24aa5_upgrade.log
2024-03-19 14:42:10.971425+00:00 [info] <0.230.0>                 : <stdout>
2024-03-19 14:42:10.971425+00:00 [info] <0.230.0>  database dir   : /var/lib/rabbitmq/mnesia/rabbit@3d3bb9b24aa5
2024-03-19 14:42:13.871778+00:00 [info] <0.230.0> Running boot step pre_boot defined by app rabbit
2024-03-19 14:42:13.871843+00:00 [info] <0.230.0> Running boot step rabbit_global_counters defined by app rabbit
2024-03-19 14:42:13.872110+00:00 [info] <0.230.0> Running boot step rabbit_osiris_metrics defined by app rabbit
2024-03-19 14:42:13.872206+00:00 [info] <0.230.0> Running boot step rabbit_core_metrics defined by app rabbit
2024-03-19 14:42:13.872598+00:00 [info] <0.230.0> Running boot step rabbit_alarm defined by app rabbit
2024-03-19 14:42:13.876644+00:00 [info] <0.298.0> Memory high watermark set to 3176 MiB (3330795110 bytes) of 7941 MiB (8326987776 bytes) total
2024-03-19 14:42:13.880504+00:00 [info] <0.300.0> Enabling free disk space monitoring (disk free space: 38565494784, total memory: 8326987776)
2024-03-19 14:42:13.880549+00:00 [info] <0.300.0> Disk free limit set to 50MB
2024-03-19 14:42:13.882552+00:00 [info] <0.230.0> Running boot step code_server_cache defined by app rabbit
2024-03-19 14:42:13.882699+00:00 [info] <0.230.0> Running boot step file_handle_cache defined by app rabbit
2024-03-19 14:42:13.882852+00:00 [info] <0.303.0> Limiting to approx 1048479 file handles (943629 sockets)
2024-03-19 14:42:13.882918+00:00 [info] <0.304.0> FHC read buffering: OFF
2024-03-19 14:42:13.882934+00:00 [info] <0.304.0> FHC write buffering: ON
2024-03-19 14:42:13.883751+00:00 [info] <0.230.0> Running boot step worker_pool defined by app rabbit
2024-03-19 14:42:13.883845+00:00 [info] <0.288.0> Will use 8 processes for default worker pool
2024-03-19 14:42:13.883951+00:00 [info] <0.288.0> Starting worker pool 'worker_pool' with 8 processes in it
2024-03-19 14:42:13.886666+00:00 [info] <0.230.0> Running boot step database defined by app rabbit
2024-03-19 14:42:13.893665+00:00 [info] <0.230.0> Node database directory at /var/lib/rabbitmq/mnesia/rabbit@3d3bb9b24aa5 is empty. Assuming we need to join an existing cluster or initialise from scratch...
2024-03-19 14:42:13.893896+00:00 [info] <0.230.0> Configured peer discovery backend: rabbit_peer_discovery_classic_config
2024-03-19 14:42:13.894016+00:00 [info] <0.230.0> Will try to lock with peer discovery backend rabbit_peer_discovery_classic_config
2024-03-19 14:42:13.894189+00:00 [info] <0.230.0> All discovered existing cluster peers:
2024-03-19 14:42:13.894205+00:00 [info] <0.230.0> Discovered no peer nodes to cluster with. Some discovery backends can filter nodes out based on a readiness criteria. Enabling debug logging might help troubleshoot.
2024-03-19 14:42:13.901891+00:00 [notice] <0.44.0> Application mnesia exited with reason: stopped
2024-03-19 14:42:14.024548+00:00 [info] <0.230.0> Waiting for Mnesia tables for 30000 ms, 9 retries left
2024-03-19 14:42:14.024669+00:00 [info] <0.230.0> Successfully synced tables from a peer
2024-03-19 14:42:14.028954+00:00 [info] <0.230.0> Feature flags: `feature_flags_v2`: supported, attempt to enable...
2024-03-19 14:42:14.044030+00:00 [notice] <0.289.0> Feature flags: attempt to enable `classic_mirrored_queue_version`...
2024-03-19 14:42:14.062177+00:00 [notice] <0.289.0> Feature flags: `classic_mirrored_queue_version` enabled
2024-03-19 14:42:14.062573+00:00 [notice] <0.289.0> Feature flags: attempt to enable `classic_queue_type_delivery_support`...
2024-03-19 14:42:14.072773+00:00 [notice] <0.289.0> Feature flags: attempt to enable `stream_queue`...
2024-03-19 14:42:14.091449+00:00 [notice] <0.289.0> Feature flags: `stream_queue` enabled
2024-03-19 14:42:14.101235+00:00 [notice] <0.289.0> Feature flags: `classic_queue_type_delivery_support` enabled
2024-03-19 14:42:14.101615+00:00 [notice] <0.289.0> Feature flags: attempt to enable `direct_exchange_routing_v2`...
2024-03-19 14:42:14.112002+00:00 [info] <0.501.0> Waiting for Mnesia tables for 30000 ms, 9 retries left
2024-03-19 14:42:14.113729+00:00 [info] <0.501.0> Successfully synced tables from a peer
2024-03-19 14:42:14.125613+00:00 [notice] <0.289.0> Feature flags: `direct_exchange_routing_v2` enabled
2024-03-19 14:42:14.126360+00:00 [notice] <0.289.0> Feature flags: attempt to enable `listener_records_in_ets`...
2024-03-19 14:42:14.168639+00:00 [notice] <0.289.0> Feature flags: `listener_records_in_ets` enabled
2024-03-19 14:42:14.171022+00:00 [notice] <0.289.0> Feature flags: attempt to enable `stream_sac_coordinator_unblock_group`...
2024-03-19 14:42:14.186241+00:00 [notice] <0.289.0> Feature flags: attempt to enable `stream_single_active_consumer`...
2024-03-19 14:42:14.222247+00:00 [notice] <0.289.0> Feature flags: `stream_single_active_consumer` enabled
2024-03-19 14:42:14.233826+00:00 [notice] <0.289.0> Feature flags: `stream_sac_coordinator_unblock_group` enabled
2024-03-19 14:42:14.234525+00:00 [notice] <0.289.0> Feature flags: attempt to enable `tracking_records_in_ets`...
2024-03-19 14:42:14.251511+00:00 [notice] <0.289.0> Feature flags: `tracking_records_in_ets` enabled
2024-03-19 14:42:14.252126+00:00 [info] <0.230.0> Waiting for Mnesia tables for 30000 ms, 9 retries left
2024-03-19 14:42:14.252188+00:00 [info] <0.230.0> Successfully synced tables from a peer
2024-03-19 14:42:14.261572+00:00 [info] <0.230.0> Waiting for Mnesia tables for 30000 ms, 9 retries left
2024-03-19 14:42:14.261688+00:00 [info] <0.230.0> Successfully synced tables from a peer
2024-03-19 14:42:14.261740+00:00 [info] <0.230.0> Peer discovery backend rabbit_peer_discovery_classic_config does not support registration, skipping registration.
2024-03-19 14:42:14.261781+00:00 [info] <0.230.0> Will try to unlock with peer discovery backend rabbit_peer_discovery_classic_config
2024-03-19 14:42:14.261855+00:00 [info] <0.230.0> Running boot step tracking_metadata_store defined by app rabbit
2024-03-19 14:42:14.261912+00:00 [info] <0.612.0> Setting up a table for connection tracking on this node: tracked_connection
2024-03-19 14:42:14.261950+00:00 [info] <0.612.0> Setting up a table for per-vhost connection counting on this node: tracked_connection_per_vhost
2024-03-19 14:42:14.262229+00:00 [info] <0.612.0> Setting up a table for per-user connection counting on this node: tracked_connection_per_user
2024-03-19 14:42:14.262262+00:00 [info] <0.612.0> Setting up a table for channel tracking on this node: tracked_channel
2024-03-19 14:42:14.262295+00:00 [info] <0.612.0> Setting up a table for channel tracking on this node: tracked_channel_per_user
2024-03-19 14:42:14.262422+00:00 [info] <0.230.0> Running boot step networking_metadata_store defined by app rabbit
2024-03-19 14:42:14.262456+00:00 [info] <0.230.0> Running boot step database_sync defined by app rabbit
2024-03-19 14:42:14.262513+00:00 [info] <0.230.0> Running boot step feature_flags defined by app rabbit
2024-03-19 14:42:14.262577+00:00 [info] <0.230.0> Running boot step codec_correctness_check defined by app rabbit
2024-03-19 14:42:14.262590+00:00 [info] <0.230.0> Running boot step external_infrastructure defined by app rabbit
2024-03-19 14:42:14.262603+00:00 [info] <0.230.0> Running boot step rabbit_event defined by app rabbit
2024-03-19 14:42:14.262662+00:00 [info] <0.230.0> Running boot step rabbit_registry defined by app rabbit
2024-03-19 14:42:14.262686+00:00 [info] <0.230.0> Running boot step rabbit_auth_mechanism_amqplain defined by app rabbit
2024-03-19 14:42:14.262725+00:00 [info] <0.230.0> Running boot step rabbit_auth_mechanism_cr_demo defined by app rabbit
2024-03-19 14:42:14.262763+00:00 [info] <0.230.0> Running boot step rabbit_auth_mechanism_plain defined by app rabbit
2024-03-19 14:42:14.262800+00:00 [info] <0.230.0> Running boot step rabbit_exchange_type_direct defined by app rabbit
2024-03-19 14:42:14.262831+00:00 [info] <0.230.0> Running boot step rabbit_exchange_type_fanout defined by app rabbit
2024-03-19 14:42:14.262925+00:00 [info] <0.230.0> Running boot step rabbit_exchange_type_headers defined by app rabbit
2024-03-19 14:42:14.262958+00:00 [info] <0.230.0> Running boot step rabbit_exchange_type_topic defined by app rabbit
2024-03-19 14:42:14.262987+00:00 [info] <0.230.0> Running boot step rabbit_mirror_queue_mode_all defined by app rabbit
2024-03-19 14:42:14.263005+00:00 [info] <0.230.0> Running boot step rabbit_mirror_queue_mode_exactly defined by app rabbit
2024-03-19 14:42:14.263022+00:00 [info] <0.230.0> Running boot step rabbit_mirror_queue_mode_nodes defined by app rabbit
2024-03-19 14:42:14.263036+00:00 [info] <0.230.0> Running boot step rabbit_priority_queue defined by app rabbit
2024-03-19 14:42:14.263051+00:00 [info] <0.230.0> Priority queues enabled, real BQ is rabbit_variable_queue
2024-03-19 14:42:14.263073+00:00 [info] <0.230.0> Running boot step rabbit_queue_location_client_local defined by app rabbit
2024-03-19 14:42:14.263096+00:00 [info] <0.230.0> Running boot step rabbit_queue_location_min_masters defined by app rabbit
2024-03-19 14:42:14.263115+00:00 [info] <0.230.0> Running boot step rabbit_queue_location_random defined by app rabbit
2024-03-19 14:42:14.263132+00:00 [info] <0.230.0> Running boot step kernel_ready defined by app rabbit
2024-03-19 14:42:14.263140+00:00 [info] <0.230.0> Running boot step rabbit_sysmon_minder defined by app rabbit
2024-03-19 14:42:14.263189+00:00 [info] <0.230.0> Running boot step rabbit_epmd_monitor defined by app rabbit
2024-03-19 14:42:14.265354+00:00 [info] <0.621.0> epmd monitor knows us, inter-node communication (distribution) port: 25672
2024-03-19 14:42:14.265526+00:00 [info] <0.230.0> Running boot step guid_generator defined by app rabbit
2024-03-19 14:42:14.267990+00:00 [info] <0.230.0> Running boot step rabbit_node_monitor defined by app rabbit
2024-03-19 14:42:14.268124+00:00 [info] <0.625.0> Starting rabbit_node_monitor (in ignore mode)
2024-03-19 14:42:14.268209+00:00 [info] <0.230.0> Running boot step delegate_sup defined by app rabbit
2024-03-19 14:42:14.268542+00:00 [info] <0.230.0> Running boot step rabbit_memory_monitor defined by app rabbit
2024-03-19 14:42:14.268704+00:00 [info] <0.230.0> Running boot step rabbit_fifo_dlx_sup defined by app rabbit
2024-03-19 14:42:14.268776+00:00 [info] <0.230.0> Running boot step core_initialized defined by app rabbit
2024-03-19 14:42:14.268787+00:00 [info] <0.230.0> Running boot step upgrade_queues defined by app rabbit
2024-03-19 14:42:14.272933+00:00 [info] <0.230.0> message_store upgrades: 1 to apply
2024-03-19 14:42:14.273008+00:00 [info] <0.230.0> message_store upgrades: Applying rabbit_variable_queue:move_messages_to_vhost_store
2024-03-19 14:42:14.273094+00:00 [info] <0.230.0> message_store upgrades: No durable queues found. Skipping message store migration
2024-03-19 14:42:14.273113+00:00 [info] <0.230.0> message_store upgrades: Removing the old message store data
2024-03-19 14:42:14.273847+00:00 [info] <0.230.0> message_store upgrades: All upgrades applied successfully
2024-03-19 14:42:14.279621+00:00 [info] <0.230.0> Running boot step channel_tracking defined by app rabbit
2024-03-19 14:42:14.279666+00:00 [info] <0.230.0> Running boot step rabbit_channel_tracking_handler defined by app rabbit
2024-03-19 14:42:14.279717+00:00 [info] <0.230.0> Running boot step connection_tracking defined by app rabbit
2024-03-19 14:42:14.279729+00:00 [info] <0.230.0> Running boot step rabbit_connection_tracking_handler defined by app rabbit
2024-03-19 14:42:14.279769+00:00 [info] <0.230.0> Running boot step rabbit_definitions_hashing defined by app rabbit
2024-03-19 14:42:14.279799+00:00 [info] <0.230.0> Running boot step rabbit_exchange_parameters defined by app rabbit
2024-03-19 14:42:14.279866+00:00 [info] <0.230.0> Running boot step rabbit_mirror_queue_misc defined by app rabbit
2024-03-19 14:42:14.280047+00:00 [info] <0.230.0> Running boot step rabbit_policies defined by app rabbit
2024-03-19 14:42:14.280177+00:00 [info] <0.230.0> Running boot step rabbit_policy defined by app rabbit
2024-03-19 14:42:14.280218+00:00 [info] <0.230.0> Running boot step rabbit_queue_location_validator defined by app rabbit
2024-03-19 14:42:14.280245+00:00 [info] <0.230.0> Running boot step rabbit_quorum_memory_manager defined by app rabbit
2024-03-19 14:42:14.280411+00:00 [info] <0.230.0> Running boot step rabbit_stream_coordinator defined by app rabbit
2024-03-19 14:42:14.280522+00:00 [info] <0.230.0> Running boot step rabbit_vhost_limit defined by app rabbit
2024-03-19 14:42:14.280556+00:00 [info] <0.230.0> Running boot step recovery defined by app rabbit
2024-03-19 14:42:14.281290+00:00 [info] <0.230.0> Running boot step empty_db_check defined by app rabbit
2024-03-19 14:42:14.281416+00:00 [info] <0.230.0> Will seed default virtual host and user...
2024-03-19 14:42:14.281479+00:00 [info] <0.230.0> Adding vhost '/' (description: 'Default virtual host', tags: [])
2024-03-19 14:42:14.301183+00:00 [info] <0.662.0> Making sure data directory '/var/lib/rabbitmq/mnesia/rabbit@3d3bb9b24aa5/msg_stores/vhosts/628WB79CIFDYO9LJI6DKMI09L' for vhost '/' exists
2024-03-19 14:42:14.302405+00:00 [info] <0.662.0> Setting segment_entry_count for vhost '/' with 0 queues to '2048'
2024-03-19 14:42:14.304891+00:00 [info] <0.662.0> Starting message stores for vhost '/'
2024-03-19 14:42:14.305200+00:00 [info] <0.667.0> Message store "628WB79CIFDYO9LJI6DKMI09L/msg_store_transient": using rabbit_msg_store_ets_index to provide index
2024-03-19 14:42:14.306451+00:00 [info] <0.662.0> Started message store of type transient for vhost '/'
2024-03-19 14:42:14.306595+00:00 [info] <0.671.0> Message store "628WB79CIFDYO9LJI6DKMI09L/msg_store_persistent": using rabbit_msg_store_ets_index to provide index
2024-03-19 14:42:14.307154+00:00 [warning] <0.671.0> Message store "628WB79CIFDYO9LJI6DKMI09L/msg_store_persistent": rebuilding indices from scratch
2024-03-19 14:42:14.307768+00:00 [info] <0.662.0> Started message store of type persistent for vhost '/'
2024-03-19 14:42:14.307861+00:00 [info] <0.662.0> Recovering 0 queues of type rabbit_classic_queue took 5ms
2024-03-19 14:42:14.307901+00:00 [info] <0.662.0> Recovering 0 queues of type rabbit_quorum_queue took 0ms
2024-03-19 14:42:14.307927+00:00 [info] <0.662.0> Recovering 0 queues of type rabbit_stream_queue took 0ms
2024-03-19 14:42:14.310230+00:00 [info] <0.230.0> Created user 'excdev_test'
2024-03-19 14:42:14.311438+00:00 [info] <0.230.0> Successfully set user tags for user 'excdev_test' to [administrator]
2024-03-19 14:42:14.312563+00:00 [info] <0.230.0> Successfully set permissions for 'excdev_test' in virtual host '/' to '.*', '.*', '.*'
2024-03-19 14:42:14.312604+00:00 [info] <0.230.0> Running boot step rabbit_observer_cli defined by app rabbit
2024-03-19 14:42:14.312658+00:00 [info] <0.230.0> Running boot step rabbit_looking_glass defined by app rabbit
2024-03-19 14:42:14.312693+00:00 [info] <0.230.0> Running boot step rabbit_core_metrics_gc defined by app rabbit
2024-03-19 14:42:14.312877+00:00 [info] <0.230.0> Running boot step background_gc defined by app rabbit
2024-03-19 14:42:14.312968+00:00 [info] <0.230.0> Running boot step routing_ready defined by app rabbit
2024-03-19 14:42:14.312979+00:00 [info] <0.230.0> Running boot step pre_flight defined by app rabbit
2024-03-19 14:42:14.313006+00:00 [info] <0.230.0> Running boot step notify_cluster defined by app rabbit
2024-03-19 14:42:14.313028+00:00 [info] <0.230.0> Running boot step networking defined by app rabbit
2024-03-19 14:42:14.313068+00:00 [info] <0.230.0> Running boot step definition_import_worker_pool defined by app rabbit
2024-03-19 14:42:14.313095+00:00 [info] <0.288.0> Starting worker pool 'definition_import_pool' with 8 processes in it
2024-03-19 14:42:14.313528+00:00 [info] <0.230.0> Running boot step cluster_name defined by app rabbit
2024-03-19 14:42:14.313618+00:00 [info] <0.230.0> Initialising internal cluster ID to 'rabbitmq-cluster-id-0SPpBqu4aYWKbsIX1wdTHg'
2024-03-19 14:42:14.314885+00:00 [info] <0.230.0> Running boot step direct_client defined by app rabbit
2024-03-19 14:42:14.314988+00:00 [info] <0.230.0> Running boot step rabbit_maintenance_mode_state defined by app rabbit
2024-03-19 14:42:14.315017+00:00 [info] <0.230.0> Creating table rabbit_node_maintenance_states for maintenance mode status
2024-03-19 14:42:14.318451+00:00 [info] <0.713.0> Resetting node maintenance status
2024-03-19 14:42:14.318547+00:00 [info] <0.713.0> Ready to start client connection listeners
2024-03-19 14:42:14.320198+00:00 [info] <0.731.0> started TCP listener on [::]:5672
2024-03-19 14:42:14.441996+00:00 [info] <0.713.0> Server startup complete; 0 plugins started.
2024-03-19 14:42:14.520304+00:00 [info] <0.9.0> Time to start RabbitMQ: 6520175 us
2024-03-19 14:42:50.399705+00:00 [notice] <0.61.0> SIGTERM received - shutting down
2024-03-19 14:42:50.399705+00:00 [notice] <0.61.0> 
2024-03-19 14:42:50.401997+00:00 [info] <0.230.0> Peer discovery backend rabbit_peer_discovery_classic_config does not support registration, skipping unregistration.
2024-03-19 14:42:50.402361+00:00 [info] <0.731.0> stopped TCP listener on [::]:5672
2024-03-19 14:42:50.407264+00:00 [info] <0.732.0> Closing all connections in vhost '/' on node 'rabbit@3d3bb9b24aa5' because the vhost is stopping
2024-03-19 14:42:50.407584+00:00 [info] <0.671.0> Stopping message store for directory '/var/lib/rabbitmq/mnesia/rabbit@3d3bb9b24aa5/msg_stores/vhosts/628WB79CIFDYO9LJI6DKMI09L/msg_store_persistent'
2024-03-19 14:42:50.415017+00:00 [info] <0.671.0> Message store for directory '/var/lib/rabbitmq/mnesia/rabbit@3d3bb9b24aa5/msg_stores/vhosts/628WB79CIFDYO9LJI6DKMI09L/msg_store_persistent' is stopped
2024-03-19 14:42:50.415188+00:00 [info] <0.667.0> Stopping message store for directory '/var/lib/rabbitmq/mnesia/rabbit@3d3bb9b24aa5/msg_stores/vhosts/628WB79CIFDYO9LJI6DKMI09L/msg_store_transient'
2024-03-19 14:42:50.418986+00:00 [info] <0.667.0> Message store for directory '/var/lib/rabbitmq/mnesia/rabbit@3d3bb9b24aa5/msg_stores/vhosts/628WB79CIFDYO9LJI6DKMI09L/msg_store_transient' is stopped
