2024-03-19 13:56:34.110403+00:00 [notice] <0.230.0> Logging: configured log handlers are now ACTIVE
2024-03-19 13:56:34.247855+00:00 [info] <0.230.0> ra: starting system quorum_queues
2024-03-19 13:56:34.247909+00:00 [info] <0.230.0> starting Ra system: quorum_queues in directory: /var/lib/rabbitmq/mnesia/rabbit@e516df5f08dc/quorum/rabbit@e516df5f08dc
2024-03-19 13:56:34.287729+00:00 [info] <0.267.0> ra system 'quorum_queues' running pre init for 0 registered servers
2024-03-19 13:56:34.293852+00:00 [info] <0.268.0> ra: meta data store initialised for system quorum_queues. 0 record(s) recovered
2024-03-19 13:56:34.303255+00:00 [notice] <0.273.0> WAL: ra_log_wal init, open tbls: ra_log_open_mem_tables, closed tbls: ra_log_closed_mem_tables
2024-03-19 13:56:34.306758+00:00 [info] <0.230.0> ra: starting system coordination
2024-03-19 13:56:34.306774+00:00 [info] <0.230.0> starting Ra system: coordination in directory: /var/lib/rabbitmq/mnesia/rabbit@e516df5f08dc/coordination/rabbit@e516df5f08dc
2024-03-19 13:56:34.307420+00:00 [info] <0.280.0> ra system 'coordination' running pre init for 0 registered servers
2024-03-19 13:56:34.307749+00:00 [info] <0.281.0> ra: meta data store initialised for system coordination. 0 record(s) recovered
2024-03-19 13:56:34.307815+00:00 [notice] <0.286.0> WAL: ra_coordination_log_wal init, open tbls: ra_coordination_log_open_mem_tables, closed tbls: ra_coordination_log_closed_mem_tables
2024-03-19 13:56:34.309039+00:00 [info] <0.230.0> 
2024-03-19 13:56:34.309039+00:00 [info] <0.230.0>  Starting RabbitMQ 3.11.28 on Erlang 25.3.2.9 [jit]
2024-03-19 13:56:34.309039+00:00 [info] <0.230.0>  Copyright (c) 2007-2023 Broadcom Inc and/or its subsidiaries
2024-03-19 13:56:34.309039+00:00 [info] <0.230.0>  Licensed under the MPL 2.0. Website: https://rabbitmq.com
2024-03-19 13:56:34.309698+00:00 [info] <0.230.0> 
2024-03-19 13:56:34.309698+00:00 [info] <0.230.0>  node           : rabbit@e516df5f08dc
2024-03-19 13:56:34.309698+00:00 [info] <0.230.0>  home dir       : /var/lib/rabbitmq
2024-03-19 13:56:34.309698+00:00 [info] <0.230.0>  config file(s) : (none)
2024-03-19 13:56:34.309698+00:00 [info] <0.230.0>  cookie hash    : AmAl5J3BYaxewcU3oZcWiA==
2024-03-19 13:56:34.309698+00:00 [info] <0.230.0>  log(s)         : /var/log/rabbitmq/rabbit@e516df5f08dc.log
2024-03-19 13:56:34.309698+00:00 [info] <0.230.0>                 : /var/log/rabbitmq/rabbit@e516df5f08dc_upgrade.log
2024-03-19 13:56:34.309698+00:00 [info] <0.230.0>                 : <stdout>
2024-03-19 13:56:34.309698+00:00 [info] <0.230.0>  database dir   : /var/lib/rabbitmq/mnesia/rabbit@e516df5f08dc
2024-03-19 13:56:36.255379+00:00 [info] <0.230.0> Running boot step pre_boot defined by app rabbit
2024-03-19 13:56:36.255437+00:00 [info] <0.230.0> Running boot step rabbit_global_counters defined by app rabbit
2024-03-19 13:56:36.255751+00:00 [info] <0.230.0> Running boot step rabbit_osiris_metrics defined by app rabbit
2024-03-19 13:56:36.255819+00:00 [info] <0.230.0> Running boot step rabbit_core_metrics defined by app rabbit
2024-03-19 13:56:36.256058+00:00 [info] <0.230.0> Running boot step rabbit_alarm defined by app rabbit
2024-03-19 13:56:36.258503+00:00 [info] <0.298.0> Memory high watermark set to 3176 MiB (3330795110 bytes) of 7941 MiB (8326987776 bytes) total
2024-03-19 13:56:36.260578+00:00 [info] <0.300.0> Enabling free disk space monitoring (disk free space: 38568300544, total memory: 8326987776)
2024-03-19 13:56:36.260614+00:00 [info] <0.300.0> Disk free limit set to 50MB
2024-03-19 13:56:36.261524+00:00 [info] <0.230.0> Running boot step code_server_cache defined by app rabbit
2024-03-19 13:56:36.261578+00:00 [info] <0.230.0> Running boot step file_handle_cache defined by app rabbit
2024-03-19 13:56:36.261677+00:00 [info] <0.303.0> Limiting to approx 1048479 file handles (943629 sockets)
2024-03-19 13:56:36.261721+00:00 [info] <0.304.0> FHC read buffering: OFF
2024-03-19 13:56:36.261736+00:00 [info] <0.304.0> FHC write buffering: ON
2024-03-19 13:56:36.262011+00:00 [info] <0.230.0> Running boot step worker_pool defined by app rabbit
2024-03-19 13:56:36.262041+00:00 [info] <0.288.0> Will use 8 processes for default worker pool
2024-03-19 13:56:36.262056+00:00 [info] <0.288.0> Starting worker pool 'worker_pool' with 8 processes in it
2024-03-19 13:56:36.262306+00:00 [info] <0.230.0> Running boot step database defined by app rabbit
2024-03-19 13:56:36.262475+00:00 [info] <0.230.0> Node database directory at /var/lib/rabbitmq/mnesia/rabbit@e516df5f08dc is empty. Assuming we need to join an existing cluster or initialise from scratch...
2024-03-19 13:56:36.262502+00:00 [info] <0.230.0> Configured peer discovery backend: rabbit_peer_discovery_classic_config
2024-03-19 13:56:36.262527+00:00 [info] <0.230.0> Will try to lock with peer discovery backend rabbit_peer_discovery_classic_config
2024-03-19 13:56:36.262566+00:00 [info] <0.230.0> All discovered existing cluster peers:
2024-03-19 13:56:36.262585+00:00 [info] <0.230.0> Discovered no peer nodes to cluster with. Some discovery backends can filter nodes out based on a readiness criteria. Enabling debug logging might help troubleshoot.
2024-03-19 13:56:36.263841+00:00 [notice] <0.44.0> Application mnesia exited with reason: stopped
2024-03-19 13:56:36.303701+00:00 [info] <0.230.0> Waiting for Mnesia tables for 30000 ms, 9 retries left
2024-03-19 13:56:36.303787+00:00 [info] <0.230.0> Successfully synced tables from a peer
2024-03-19 13:56:36.307999+00:00 [info] <0.230.0> Feature flags: `feature_flags_v2`: supported, attempt to enable...
2024-03-19 13:56:36.321027+00:00 [notice] <0.289.0> Feature flags: attempt to enable `classic_mirrored_queue_version`...
2024-03-19 13:56:36.333606+00:00 [notice] <0.289.0> Feature flags: `classic_mirrored_queue_version` enabled
2024-03-19 13:56:36.333870+00:00 [notice] <0.289.0> Feature flags: attempt to enable `classic_queue_type_delivery_support`...
2024-03-19 13:56:36.339768+00:00 [notice] <0.289.0> Feature flags: attempt to enable `stream_queue`...
2024-03-19 13:56:36.353045+00:00 [notice] <0.289.0> Feature flags: `stream_queue` enabled
2024-03-19 13:56:36.360205+00:00 [notice] <0.289.0> Feature flags: `classic_queue_type_delivery_support` enabled
2024-03-19 13:56:36.360571+00:00 [notice] <0.289.0> Feature flags: attempt to enable `direct_exchange_routing_v2`...
2024-03-19 13:56:36.366824+00:00 [info] <0.501.0> Waiting for Mnesia tables for 30000 ms, 9 retries left
2024-03-19 13:56:36.366908+00:00 [info] <0.501.0> Successfully synced tables from a peer
2024-03-19 13:56:36.378377+00:00 [notice] <0.289.0> Feature flags: `direct_exchange_routing_v2` enabled
2024-03-19 13:56:36.378802+00:00 [notice] <0.289.0> Feature flags: attempt to enable `listener_records_in_ets`...
2024-03-19 13:56:36.400078+00:00 [notice] <0.289.0> Feature flags: `listener_records_in_ets` enabled
2024-03-19 13:56:36.400690+00:00 [notice] <0.289.0> Feature flags: attempt to enable `stream_sac_coordinator_unblock_group`...
2024-03-19 13:56:36.406871+00:00 [notice] <0.289.0> Feature flags: attempt to enable `stream_single_active_consumer`...
2024-03-19 13:56:36.419099+00:00 [notice] <0.289.0> Feature flags: `stream_single_active_consumer` enabled
2024-03-19 13:56:36.425662+00:00 [notice] <0.289.0> Feature flags: `stream_sac_coordinator_unblock_group` enabled
2024-03-19 13:56:36.426133+00:00 [notice] <0.289.0> Feature flags: attempt to enable `tracking_records_in_ets`...
2024-03-19 13:56:36.438979+00:00 [notice] <0.289.0> Feature flags: `tracking_records_in_ets` enabled
2024-03-19 13:56:36.439398+00:00 [info] <0.230.0> Waiting for Mnesia tables for 30000 ms, 9 retries left
2024-03-19 13:56:36.439466+00:00 [info] <0.230.0> Successfully synced tables from a peer
2024-03-19 13:56:36.445026+00:00 [info] <0.230.0> Waiting for Mnesia tables for 30000 ms, 9 retries left
2024-03-19 13:56:36.445080+00:00 [info] <0.230.0> Successfully synced tables from a peer
2024-03-19 13:56:36.445091+00:00 [info] <0.230.0> Peer discovery backend rabbit_peer_discovery_classic_config does not support registration, skipping registration.
2024-03-19 13:56:36.445124+00:00 [info] <0.230.0> Will try to unlock with peer discovery backend rabbit_peer_discovery_classic_config
2024-03-19 13:56:36.445162+00:00 [info] <0.230.0> Running boot step tracking_metadata_store defined by app rabbit
2024-03-19 13:56:36.445194+00:00 [info] <0.612.0> Setting up a table for connection tracking on this node: tracked_connection
2024-03-19 13:56:36.445216+00:00 [info] <0.612.0> Setting up a table for per-vhost connection counting on this node: tracked_connection_per_vhost
2024-03-19 13:56:36.445245+00:00 [info] <0.612.0> Setting up a table for per-user connection counting on this node: tracked_connection_per_user
2024-03-19 13:56:36.445273+00:00 [info] <0.612.0> Setting up a table for channel tracking on this node: tracked_channel
2024-03-19 13:56:36.445296+00:00 [info] <0.612.0> Setting up a table for channel tracking on this node: tracked_channel_per_user
2024-03-19 13:56:36.445318+00:00 [info] <0.230.0> Running boot step networking_metadata_store defined by app rabbit
2024-03-19 13:56:36.445359+00:00 [info] <0.230.0> Running boot step database_sync defined by app rabbit
2024-03-19 13:56:36.445397+00:00 [info] <0.230.0> Running boot step feature_flags defined by app rabbit
2024-03-19 13:56:36.445445+00:00 [info] <0.230.0> Running boot step codec_correctness_check defined by app rabbit
2024-03-19 13:56:36.445462+00:00 [info] <0.230.0> Running boot step external_infrastructure defined by app rabbit
2024-03-19 13:56:36.445473+00:00 [info] <0.230.0> Running boot step rabbit_event defined by app rabbit
2024-03-19 13:56:36.445529+00:00 [info] <0.230.0> Running boot step rabbit_registry defined by app rabbit
2024-03-19 13:56:36.445548+00:00 [info] <0.230.0> Running boot step rabbit_auth_mechanism_amqplain defined by app rabbit
2024-03-19 13:56:36.445588+00:00 [info] <0.230.0> Running boot step rabbit_auth_mechanism_cr_demo defined by app rabbit
2024-03-19 13:56:36.445606+00:00 [info] <0.230.0> Running boot step rabbit_auth_mechanism_plain defined by app rabbit
2024-03-19 13:56:36.445626+00:00 [info] <0.230.0> Running boot step rabbit_exchange_type_direct defined by app rabbit
2024-03-19 13:56:36.445648+00:00 [info] <0.230.0> Running boot step rabbit_exchange_type_fanout defined by app rabbit
2024-03-19 13:56:36.445666+00:00 [info] <0.230.0> Running boot step rabbit_exchange_type_headers defined by app rabbit
2024-03-19 13:56:36.445687+00:00 [info] <0.230.0> Running boot step rabbit_exchange_type_topic defined by app rabbit
2024-03-19 13:56:36.445721+00:00 [info] <0.230.0> Running boot step rabbit_mirror_queue_mode_all defined by app rabbit
2024-03-19 13:56:36.445755+00:00 [info] <0.230.0> Running boot step rabbit_mirror_queue_mode_exactly defined by app rabbit
2024-03-19 13:56:36.445782+00:00 [info] <0.230.0> Running boot step rabbit_mirror_queue_mode_nodes defined by app rabbit
2024-03-19 13:56:36.445797+00:00 [info] <0.230.0> Running boot step rabbit_priority_queue defined by app rabbit
2024-03-19 13:56:36.445809+00:00 [info] <0.230.0> Priority queues enabled, real BQ is rabbit_variable_queue
2024-03-19 13:56:36.445852+00:00 [info] <0.230.0> Running boot step rabbit_queue_location_client_local defined by app rabbit
2024-03-19 13:56:36.445916+00:00 [info] <0.230.0> Running boot step rabbit_queue_location_min_masters defined by app rabbit
2024-03-19 13:56:36.445954+00:00 [info] <0.230.0> Running boot step rabbit_queue_location_random defined by app rabbit
2024-03-19 13:56:36.445997+00:00 [info] <0.230.0> Running boot step kernel_ready defined by app rabbit
2024-03-19 13:56:36.446008+00:00 [info] <0.230.0> Running boot step rabbit_sysmon_minder defined by app rabbit
2024-03-19 13:56:36.446078+00:00 [info] <0.230.0> Running boot step rabbit_epmd_monitor defined by app rabbit
2024-03-19 13:56:36.446614+00:00 [info] <0.621.0> epmd monitor knows us, inter-node communication (distribution) port: 25672
2024-03-19 13:56:36.446681+00:00 [info] <0.230.0> Running boot step guid_generator defined by app rabbit
2024-03-19 13:56:36.447502+00:00 [info] <0.230.0> Running boot step rabbit_node_monitor defined by app rabbit
2024-03-19 13:56:36.447602+00:00 [info] <0.625.0> Starting rabbit_node_monitor (in ignore mode)
2024-03-19 13:56:36.447681+00:00 [info] <0.230.0> Running boot step delegate_sup defined by app rabbit
2024-03-19 13:56:36.447903+00:00 [info] <0.230.0> Running boot step rabbit_memory_monitor defined by app rabbit
2024-03-19 13:56:36.447978+00:00 [info] <0.230.0> Running boot step rabbit_fifo_dlx_sup defined by app rabbit
2024-03-19 13:56:36.448019+00:00 [info] <0.230.0> Running boot step core_initialized defined by app rabbit
2024-03-19 13:56:36.448030+00:00 [info] <0.230.0> Running boot step upgrade_queues defined by app rabbit
2024-03-19 13:56:36.450777+00:00 [info] <0.230.0> message_store upgrades: 1 to apply
2024-03-19 13:56:36.450816+00:00 [info] <0.230.0> message_store upgrades: Applying rabbit_variable_queue:move_messages_to_vhost_store
2024-03-19 13:56:36.450890+00:00 [info] <0.230.0> message_store upgrades: No durable queues found. Skipping message store migration
2024-03-19 13:56:36.450905+00:00 [info] <0.230.0> message_store upgrades: Removing the old message store data
2024-03-19 13:56:36.451281+00:00 [info] <0.230.0> message_store upgrades: All upgrades applied successfully
2024-03-19 13:56:36.454455+00:00 [info] <0.230.0> Running boot step channel_tracking defined by app rabbit
2024-03-19 13:56:36.454478+00:00 [info] <0.230.0> Running boot step rabbit_channel_tracking_handler defined by app rabbit
2024-03-19 13:56:36.454519+00:00 [info] <0.230.0> Running boot step connection_tracking defined by app rabbit
2024-03-19 13:56:36.454536+00:00 [info] <0.230.0> Running boot step rabbit_connection_tracking_handler defined by app rabbit
2024-03-19 13:56:36.454561+00:00 [info] <0.230.0> Running boot step rabbit_definitions_hashing defined by app rabbit
2024-03-19 13:56:36.454594+00:00 [info] <0.230.0> Running boot step rabbit_exchange_parameters defined by app rabbit
2024-03-19 13:56:36.454639+00:00 [info] <0.230.0> Running boot step rabbit_mirror_queue_misc defined by app rabbit
2024-03-19 13:56:36.454784+00:00 [info] <0.230.0> Running boot step rabbit_policies defined by app rabbit
2024-03-19 13:56:36.454894+00:00 [info] <0.230.0> Running boot step rabbit_policy defined by app rabbit
2024-03-19 13:56:36.454918+00:00 [info] <0.230.0> Running boot step rabbit_queue_location_validator defined by app rabbit
2024-03-19 13:56:36.454948+00:00 [info] <0.230.0> Running boot step rabbit_quorum_memory_manager defined by app rabbit
2024-03-19 13:56:36.454974+00:00 [info] <0.230.0> Running boot step rabbit_stream_coordinator defined by app rabbit
2024-03-19 13:56:36.455055+00:00 [info] <0.230.0> Running boot step rabbit_vhost_limit defined by app rabbit
2024-03-19 13:56:36.455090+00:00 [info] <0.230.0> Running boot step recovery defined by app rabbit
2024-03-19 13:56:36.455576+00:00 [info] <0.230.0> Running boot step empty_db_check defined by app rabbit
2024-03-19 13:56:36.455595+00:00 [info] <0.230.0> Will seed default virtual host and user...
2024-03-19 13:56:36.455640+00:00 [info] <0.230.0> Adding vhost '/' (description: 'Default virtual host', tags: [])
2024-03-19 13:56:36.460361+00:00 [info] <0.662.0> Making sure data directory '/var/lib/rabbitmq/mnesia/rabbit@e516df5f08dc/msg_stores/vhosts/628WB79CIFDYO9LJI6DKMI09L' for vhost '/' exists
2024-03-19 13:56:36.460893+00:00 [info] <0.662.0> Setting segment_entry_count for vhost '/' with 0 queues to '2048'
2024-03-19 13:56:36.462146+00:00 [info] <0.662.0> Starting message stores for vhost '/'
2024-03-19 13:56:36.462273+00:00 [info] <0.667.0> Message store "628WB79CIFDYO9LJI6DKMI09L/msg_store_transient": using rabbit_msg_store_ets_index to provide index
2024-03-19 13:56:36.462816+00:00 [info] <0.662.0> Started message store of type transient for vhost '/'
2024-03-19 13:56:36.462883+00:00 [info] <0.671.0> Message store "628WB79CIFDYO9LJI6DKMI09L/msg_store_persistent": using rabbit_msg_store_ets_index to provide index
2024-03-19 13:56:36.463189+00:00 [warning] <0.671.0> Message store "628WB79CIFDYO9LJI6DKMI09L/msg_store_persistent": rebuilding indices from scratch
2024-03-19 13:56:36.463534+00:00 [info] <0.662.0> Started message store of type persistent for vhost '/'
2024-03-19 13:56:36.463585+00:00 [info] <0.662.0> Recovering 0 queues of type rabbit_classic_queue took 2ms
2024-03-19 13:56:36.463599+00:00 [info] <0.662.0> Recovering 0 queues of type rabbit_quorum_queue took 0ms
2024-03-19 13:56:36.463621+00:00 [info] <0.662.0> Recovering 0 queues of type rabbit_stream_queue took 0ms
2024-03-19 13:56:36.464602+00:00 [info] <0.230.0> Created user 'excdev_test'
2024-03-19 13:56:36.465024+00:00 [info] <0.230.0> Successfully set user tags for user 'excdev_test' to [administrator]
2024-03-19 13:56:36.465602+00:00 [info] <0.230.0> Successfully set permissions for 'excdev_test' in virtual host '/' to '.*', '.*', '.*'
2024-03-19 13:56:36.465632+00:00 [info] <0.230.0> Running boot step rabbit_observer_cli defined by app rabbit
2024-03-19 13:56:36.465661+00:00 [info] <0.230.0> Running boot step rabbit_looking_glass defined by app rabbit
2024-03-19 13:56:36.465676+00:00 [info] <0.230.0> Running boot step rabbit_core_metrics_gc defined by app rabbit
2024-03-19 13:56:36.465741+00:00 [info] <0.230.0> Running boot step background_gc defined by app rabbit
2024-03-19 13:56:36.465789+00:00 [info] <0.230.0> Running boot step routing_ready defined by app rabbit
2024-03-19 13:56:36.465799+00:00 [info] <0.230.0> Running boot step pre_flight defined by app rabbit
2024-03-19 13:56:36.465831+00:00 [info] <0.230.0> Running boot step notify_cluster defined by app rabbit
2024-03-19 13:56:36.465858+00:00 [info] <0.230.0> Running boot step networking defined by app rabbit
2024-03-19 13:56:36.465878+00:00 [info] <0.230.0> Running boot step definition_import_worker_pool defined by app rabbit
2024-03-19 13:56:36.465902+00:00 [info] <0.288.0> Starting worker pool 'definition_import_pool' with 8 processes in it
2024-03-19 13:56:36.466205+00:00 [info] <0.230.0> Running boot step cluster_name defined by app rabbit
2024-03-19 13:56:36.466231+00:00 [info] <0.230.0> Initialising internal cluster ID to 'rabbitmq-cluster-id-eXMbzE8Ax744XYxOKCk5Ug'
2024-03-19 13:56:36.466900+00:00 [info] <0.230.0> Running boot step direct_client defined by app rabbit
2024-03-19 13:56:36.466959+00:00 [info] <0.230.0> Running boot step rabbit_maintenance_mode_state defined by app rabbit
2024-03-19 13:56:36.466974+00:00 [info] <0.230.0> Creating table rabbit_node_maintenance_states for maintenance mode status
2024-03-19 13:56:36.468423+00:00 [info] <0.713.0> Resetting node maintenance status
2024-03-19 13:56:36.468488+00:00 [info] <0.713.0> Ready to start client connection listeners
2024-03-19 13:56:36.469444+00:00 [info] <0.731.0> started TCP listener on [::]:5672
2024-03-19 13:56:36.531487+00:00 [info] <0.713.0> Server startup complete; 0 plugins started.
2024-03-19 13:56:36.671166+00:00 [info] <0.9.0> Time to start RabbitMQ: 4466601 us
2024-03-19 14:07:46.087493+00:00 [notice] <0.61.0> SIGTERM received - shutting down
2024-03-19 14:07:46.087493+00:00 [notice] <0.61.0> 
2024-03-19 14:07:46.093173+00:00 [info] <0.230.0> Peer discovery backend rabbit_peer_discovery_classic_config does not support registration, skipping unregistration.
2024-03-19 14:07:46.093683+00:00 [info] <0.731.0> stopped TCP listener on [::]:5672
2024-03-19 14:07:46.096333+00:00 [info] <0.757.0> Closing all connections in vhost '/' on node 'rabbit@e516df5f08dc' because the vhost is stopping
2024-03-19 14:07:46.096564+00:00 [info] <0.671.0> Stopping message store for directory '/var/lib/rabbitmq/mnesia/rabbit@e516df5f08dc/msg_stores/vhosts/628WB79CIFDYO9LJI6DKMI09L/msg_store_persistent'
2024-03-19 14:07:46.104501+00:00 [info] <0.671.0> Message store for directory '/var/lib/rabbitmq/mnesia/rabbit@e516df5f08dc/msg_stores/vhosts/628WB79CIFDYO9LJI6DKMI09L/msg_store_persistent' is stopped
2024-03-19 14:07:46.106570+00:00 [info] <0.667.0> Stopping message store for directory '/var/lib/rabbitmq/mnesia/rabbit@e516df5f08dc/msg_stores/vhosts/628WB79CIFDYO9LJI6DKMI09L/msg_store_transient'
2024-03-19 14:07:46.120184+00:00 [info] <0.667.0> Message store for directory '/var/lib/rabbitmq/mnesia/rabbit@e516df5f08dc/msg_stores/vhosts/628WB79CIFDYO9LJI6DKMI09L/msg_store_transient' is stopped
