2024-03-19 09:45:08.862262+00:00 [notice] <0.230.0> Logging: configured log handlers are now ACTIVE
2024-03-19 09:45:09.003621+00:00 [info] <0.230.0> ra: starting system quorum_queues
2024-03-19 09:45:09.003701+00:00 [info] <0.230.0> starting Ra system: quorum_queues in directory: /var/lib/rabbitmq/mnesia/rabbit@478b795e276e/quorum/rabbit@478b795e276e
2024-03-19 09:45:09.045954+00:00 [info] <0.267.0> ra system 'quorum_queues' running pre init for 0 registered servers
2024-03-19 09:45:09.053467+00:00 [info] <0.268.0> ra: meta data store initialised for system quorum_queues. 0 record(s) recovered
2024-03-19 09:45:09.063334+00:00 [notice] <0.273.0> WAL: ra_log_wal init, open tbls: ra_log_open_mem_tables, closed tbls: ra_log_closed_mem_tables
2024-03-19 09:45:09.068461+00:00 [info] <0.230.0> ra: starting system coordination
2024-03-19 09:45:09.068491+00:00 [info] <0.230.0> starting Ra system: coordination in directory: /var/lib/rabbitmq/mnesia/rabbit@478b795e276e/coordination/rabbit@478b795e276e
2024-03-19 09:45:09.069447+00:00 [info] <0.280.0> ra system 'coordination' running pre init for 0 registered servers
2024-03-19 09:45:09.070010+00:00 [info] <0.281.0> ra: meta data store initialised for system coordination. 0 record(s) recovered
2024-03-19 09:45:09.070089+00:00 [notice] <0.286.0> WAL: ra_coordination_log_wal init, open tbls: ra_coordination_log_open_mem_tables, closed tbls: ra_coordination_log_closed_mem_tables
2024-03-19 09:45:09.071831+00:00 [info] <0.230.0> 
2024-03-19 09:45:09.071831+00:00 [info] <0.230.0>  Starting RabbitMQ 3.11.28 on Erlang 25.3.2.9 [jit]
2024-03-19 09:45:09.071831+00:00 [info] <0.230.0>  Copyright (c) 2007-2023 Broadcom Inc and/or its subsidiaries
2024-03-19 09:45:09.071831+00:00 [info] <0.230.0>  Licensed under the MPL 2.0. Website: https://rabbitmq.com
2024-03-19 09:45:09.072527+00:00 [info] <0.230.0> 
2024-03-19 09:45:09.072527+00:00 [info] <0.230.0>  node           : rabbit@478b795e276e
2024-03-19 09:45:09.072527+00:00 [info] <0.230.0>  home dir       : /var/lib/rabbitmq
2024-03-19 09:45:09.072527+00:00 [info] <0.230.0>  config file(s) : (none)
2024-03-19 09:45:09.072527+00:00 [info] <0.230.0>  cookie hash    : bJfPxCi0dTUvwtx8FUM1NA==
2024-03-19 09:45:09.072527+00:00 [info] <0.230.0>  log(s)         : /var/log/rabbitmq/rabbit@478b795e276e.log
2024-03-19 09:45:09.072527+00:00 [info] <0.230.0>                 : /var/log/rabbitmq/rabbit@478b795e276e_upgrade.log
2024-03-19 09:45:09.072527+00:00 [info] <0.230.0>                 : <stdout>
2024-03-19 09:45:09.072527+00:00 [info] <0.230.0>  database dir   : /var/lib/rabbitmq/mnesia/rabbit@478b795e276e
2024-03-19 09:45:11.142945+00:00 [info] <0.230.0> Running boot step pre_boot defined by app rabbit
2024-03-19 09:45:11.143053+00:00 [info] <0.230.0> Running boot step rabbit_global_counters defined by app rabbit
2024-03-19 09:45:11.143456+00:00 [info] <0.230.0> Running boot step rabbit_osiris_metrics defined by app rabbit
2024-03-19 09:45:11.143625+00:00 [info] <0.230.0> Running boot step rabbit_core_metrics defined by app rabbit
2024-03-19 09:45:11.143896+00:00 [info] <0.230.0> Running boot step rabbit_alarm defined by app rabbit
2024-03-19 09:45:11.146415+00:00 [info] <0.298.0> Memory high watermark set to 3176 MiB (3330795110 bytes) of 7941 MiB (8326987776 bytes) total
2024-03-19 09:45:11.148410+00:00 [info] <0.300.0> Enabling free disk space monitoring (disk free space: 38846783488, total memory: 8326987776)
2024-03-19 09:45:11.148442+00:00 [info] <0.300.0> Disk free limit set to 50MB
2024-03-19 09:45:11.149463+00:00 [info] <0.230.0> Running boot step code_server_cache defined by app rabbit
2024-03-19 09:45:11.149531+00:00 [info] <0.230.0> Running boot step file_handle_cache defined by app rabbit
2024-03-19 09:45:11.149687+00:00 [info] <0.303.0> Limiting to approx 1048479 file handles (943629 sockets)
2024-03-19 09:45:11.149769+00:00 [info] <0.304.0> FHC read buffering: OFF
2024-03-19 09:45:11.149787+00:00 [info] <0.304.0> FHC write buffering: ON
2024-03-19 09:45:11.150107+00:00 [info] <0.230.0> Running boot step worker_pool defined by app rabbit
2024-03-19 09:45:11.150156+00:00 [info] <0.288.0> Will use 8 processes for default worker pool
2024-03-19 09:45:11.150174+00:00 [info] <0.288.0> Starting worker pool 'worker_pool' with 8 processes in it
2024-03-19 09:45:11.150442+00:00 [info] <0.230.0> Running boot step database defined by app rabbit
2024-03-19 09:45:11.150701+00:00 [info] <0.230.0> Node database directory at /var/lib/rabbitmq/mnesia/rabbit@478b795e276e is empty. Assuming we need to join an existing cluster or initialise from scratch...
2024-03-19 09:45:11.150738+00:00 [info] <0.230.0> Configured peer discovery backend: rabbit_peer_discovery_classic_config
2024-03-19 09:45:11.150793+00:00 [info] <0.230.0> Will try to lock with peer discovery backend rabbit_peer_discovery_classic_config
2024-03-19 09:45:11.150878+00:00 [info] <0.230.0> All discovered existing cluster peers:
2024-03-19 09:45:11.150891+00:00 [info] <0.230.0> Discovered no peer nodes to cluster with. Some discovery backends can filter nodes out based on a readiness criteria. Enabling debug logging might help troubleshoot.
2024-03-19 09:45:11.152381+00:00 [notice] <0.44.0> Application mnesia exited with reason: stopped
2024-03-19 09:45:11.194069+00:00 [info] <0.230.0> Waiting for Mnesia tables for 30000 ms, 9 retries left
2024-03-19 09:45:11.194172+00:00 [info] <0.230.0> Successfully synced tables from a peer
2024-03-19 09:45:11.198678+00:00 [info] <0.230.0> Feature flags: `feature_flags_v2`: supported, attempt to enable...
2024-03-19 09:45:11.213676+00:00 [notice] <0.289.0> Feature flags: attempt to enable `classic_mirrored_queue_version`...
2024-03-19 09:45:11.227716+00:00 [notice] <0.289.0> Feature flags: `classic_mirrored_queue_version` enabled
2024-03-19 09:45:11.227987+00:00 [notice] <0.289.0> Feature flags: attempt to enable `classic_queue_type_delivery_support`...
2024-03-19 09:45:11.234323+00:00 [notice] <0.289.0> Feature flags: attempt to enable `stream_queue`...
2024-03-19 09:45:11.248153+00:00 [notice] <0.289.0> Feature flags: `stream_queue` enabled
2024-03-19 09:45:11.255790+00:00 [notice] <0.289.0> Feature flags: `classic_queue_type_delivery_support` enabled
2024-03-19 09:45:11.256105+00:00 [notice] <0.289.0> Feature flags: attempt to enable `direct_exchange_routing_v2`...
2024-03-19 09:45:11.262987+00:00 [info] <0.501.0> Waiting for Mnesia tables for 30000 ms, 9 retries left
2024-03-19 09:45:11.263077+00:00 [info] <0.501.0> Successfully synced tables from a peer
2024-03-19 09:45:11.273480+00:00 [notice] <0.289.0> Feature flags: `direct_exchange_routing_v2` enabled
2024-03-19 09:45:11.273993+00:00 [notice] <0.289.0> Feature flags: attempt to enable `listener_records_in_ets`...
2024-03-19 09:45:11.298769+00:00 [notice] <0.289.0> Feature flags: `listener_records_in_ets` enabled
2024-03-19 09:45:11.299452+00:00 [notice] <0.289.0> Feature flags: attempt to enable `stream_sac_coordinator_unblock_group`...
2024-03-19 09:45:11.305570+00:00 [notice] <0.289.0> Feature flags: attempt to enable `stream_single_active_consumer`...
2024-03-19 09:45:11.318800+00:00 [notice] <0.289.0> Feature flags: `stream_single_active_consumer` enabled
2024-03-19 09:45:11.326174+00:00 [notice] <0.289.0> Feature flags: `stream_sac_coordinator_unblock_group` enabled
2024-03-19 09:45:11.326636+00:00 [notice] <0.289.0> Feature flags: attempt to enable `tracking_records_in_ets`...
2024-03-19 09:45:11.341160+00:00 [notice] <0.289.0> Feature flags: `tracking_records_in_ets` enabled
2024-03-19 09:45:11.342126+00:00 [info] <0.230.0> Waiting for Mnesia tables for 30000 ms, 9 retries left
2024-03-19 09:45:11.342222+00:00 [info] <0.230.0> Successfully synced tables from a peer
2024-03-19 09:45:11.348953+00:00 [info] <0.230.0> Waiting for Mnesia tables for 30000 ms, 9 retries left
2024-03-19 09:45:11.349046+00:00 [info] <0.230.0> Successfully synced tables from a peer
2024-03-19 09:45:11.349060+00:00 [info] <0.230.0> Peer discovery backend rabbit_peer_discovery_classic_config does not support registration, skipping registration.
2024-03-19 09:45:11.349111+00:00 [info] <0.230.0> Will try to unlock with peer discovery backend rabbit_peer_discovery_classic_config
2024-03-19 09:45:11.349172+00:00 [info] <0.230.0> Running boot step tracking_metadata_store defined by app rabbit
2024-03-19 09:45:11.349224+00:00 [info] <0.612.0> Setting up a table for connection tracking on this node: tracked_connection
2024-03-19 09:45:11.349249+00:00 [info] <0.612.0> Setting up a table for per-vhost connection counting on this node: tracked_connection_per_vhost
2024-03-19 09:45:11.349308+00:00 [info] <0.612.0> Setting up a table for per-user connection counting on this node: tracked_connection_per_user
2024-03-19 09:45:11.349346+00:00 [info] <0.612.0> Setting up a table for channel tracking on this node: tracked_channel
2024-03-19 09:45:11.349391+00:00 [info] <0.612.0> Setting up a table for channel tracking on this node: tracked_channel_per_user
2024-03-19 09:45:11.349448+00:00 [info] <0.230.0> Running boot step networking_metadata_store defined by app rabbit
2024-03-19 09:45:11.349505+00:00 [info] <0.230.0> Running boot step database_sync defined by app rabbit
2024-03-19 09:45:11.349542+00:00 [info] <0.230.0> Running boot step feature_flags defined by app rabbit
2024-03-19 09:45:11.349624+00:00 [info] <0.230.0> Running boot step codec_correctness_check defined by app rabbit
2024-03-19 09:45:11.349637+00:00 [info] <0.230.0> Running boot step external_infrastructure defined by app rabbit
2024-03-19 09:45:11.349659+00:00 [info] <0.230.0> Running boot step rabbit_event defined by app rabbit
2024-03-19 09:45:11.349736+00:00 [info] <0.230.0> Running boot step rabbit_registry defined by app rabbit
2024-03-19 09:45:11.349785+00:00 [info] <0.230.0> Running boot step rabbit_auth_mechanism_amqplain defined by app rabbit
2024-03-19 09:45:11.349892+00:00 [info] <0.230.0> Running boot step rabbit_auth_mechanism_cr_demo defined by app rabbit
2024-03-19 09:45:11.349927+00:00 [info] <0.230.0> Running boot step rabbit_auth_mechanism_plain defined by app rabbit
2024-03-19 09:45:11.349962+00:00 [info] <0.230.0> Running boot step rabbit_exchange_type_direct defined by app rabbit
2024-03-19 09:45:11.349997+00:00 [info] <0.230.0> Running boot step rabbit_exchange_type_fanout defined by app rabbit
2024-03-19 09:45:11.350034+00:00 [info] <0.230.0> Running boot step rabbit_exchange_type_headers defined by app rabbit
2024-03-19 09:45:11.350069+00:00 [info] <0.230.0> Running boot step rabbit_exchange_type_topic defined by app rabbit
2024-03-19 09:45:11.350113+00:00 [info] <0.230.0> Running boot step rabbit_mirror_queue_mode_all defined by app rabbit
2024-03-19 09:45:11.350150+00:00 [info] <0.230.0> Running boot step rabbit_mirror_queue_mode_exactly defined by app rabbit
2024-03-19 09:45:11.350221+00:00 [info] <0.230.0> Running boot step rabbit_mirror_queue_mode_nodes defined by app rabbit
2024-03-19 09:45:11.350245+00:00 [info] <0.230.0> Running boot step rabbit_priority_queue defined by app rabbit
2024-03-19 09:45:11.350275+00:00 [info] <0.230.0> Priority queues enabled, real BQ is rabbit_variable_queue
2024-03-19 09:45:11.350321+00:00 [info] <0.230.0> Running boot step rabbit_queue_location_client_local defined by app rabbit
2024-03-19 09:45:11.350382+00:00 [info] <0.230.0> Running boot step rabbit_queue_location_min_masters defined by app rabbit
2024-03-19 09:45:11.350420+00:00 [info] <0.230.0> Running boot step rabbit_queue_location_random defined by app rabbit
2024-03-19 09:45:11.350449+00:00 [info] <0.230.0> Running boot step kernel_ready defined by app rabbit
2024-03-19 09:45:11.350466+00:00 [info] <0.230.0> Running boot step rabbit_sysmon_minder defined by app rabbit
2024-03-19 09:45:11.350569+00:00 [info] <0.230.0> Running boot step rabbit_epmd_monitor defined by app rabbit
2024-03-19 09:45:11.351398+00:00 [info] <0.621.0> epmd monitor knows us, inter-node communication (distribution) port: 25672
2024-03-19 09:45:11.351450+00:00 [info] <0.230.0> Running boot step guid_generator defined by app rabbit
2024-03-19 09:45:11.352668+00:00 [info] <0.230.0> Running boot step rabbit_node_monitor defined by app rabbit
2024-03-19 09:45:11.352799+00:00 [info] <0.625.0> Starting rabbit_node_monitor (in ignore mode)
2024-03-19 09:45:11.352886+00:00 [info] <0.230.0> Running boot step delegate_sup defined by app rabbit
2024-03-19 09:45:11.353126+00:00 [info] <0.230.0> Running boot step rabbit_memory_monitor defined by app rabbit
2024-03-19 09:45:11.353243+00:00 [info] <0.230.0> Running boot step rabbit_fifo_dlx_sup defined by app rabbit
2024-03-19 09:45:11.353315+00:00 [info] <0.230.0> Running boot step core_initialized defined by app rabbit
2024-03-19 09:45:11.353326+00:00 [info] <0.230.0> Running boot step upgrade_queues defined by app rabbit
2024-03-19 09:45:11.357084+00:00 [info] <0.230.0> message_store upgrades: 1 to apply
2024-03-19 09:45:11.357151+00:00 [info] <0.230.0> message_store upgrades: Applying rabbit_variable_queue:move_messages_to_vhost_store
2024-03-19 09:45:11.357231+00:00 [info] <0.230.0> message_store upgrades: No durable queues found. Skipping message store migration
2024-03-19 09:45:11.357248+00:00 [info] <0.230.0> message_store upgrades: Removing the old message store data
2024-03-19 09:45:11.357897+00:00 [info] <0.230.0> message_store upgrades: All upgrades applied successfully
2024-03-19 09:45:11.362862+00:00 [info] <0.230.0> Running boot step channel_tracking defined by app rabbit
2024-03-19 09:45:11.362912+00:00 [info] <0.230.0> Running boot step rabbit_channel_tracking_handler defined by app rabbit
2024-03-19 09:45:11.362977+00:00 [info] <0.230.0> Running boot step connection_tracking defined by app rabbit
2024-03-19 09:45:11.362989+00:00 [info] <0.230.0> Running boot step rabbit_connection_tracking_handler defined by app rabbit
2024-03-19 09:45:11.363044+00:00 [info] <0.230.0> Running boot step rabbit_definitions_hashing defined by app rabbit
2024-03-19 09:45:11.363101+00:00 [info] <0.230.0> Running boot step rabbit_exchange_parameters defined by app rabbit
2024-03-19 09:45:11.363160+00:00 [info] <0.230.0> Running boot step rabbit_mirror_queue_misc defined by app rabbit
2024-03-19 09:45:11.363348+00:00 [info] <0.230.0> Running boot step rabbit_policies defined by app rabbit
2024-03-19 09:45:11.363470+00:00 [info] <0.230.0> Running boot step rabbit_policy defined by app rabbit
2024-03-19 09:45:11.363511+00:00 [info] <0.230.0> Running boot step rabbit_queue_location_validator defined by app rabbit
2024-03-19 09:45:11.363538+00:00 [info] <0.230.0> Running boot step rabbit_quorum_memory_manager defined by app rabbit
2024-03-19 09:45:11.363565+00:00 [info] <0.230.0> Running boot step rabbit_stream_coordinator defined by app rabbit
2024-03-19 09:45:11.363673+00:00 [info] <0.230.0> Running boot step rabbit_vhost_limit defined by app rabbit
2024-03-19 09:45:11.363706+00:00 [info] <0.230.0> Running boot step recovery defined by app rabbit
2024-03-19 09:45:11.364271+00:00 [info] <0.230.0> Running boot step empty_db_check defined by app rabbit
2024-03-19 09:45:11.364319+00:00 [info] <0.230.0> Will seed default virtual host and user...
2024-03-19 09:45:11.364368+00:00 [info] <0.230.0> Adding vhost '/' (description: 'Default virtual host', tags: [])
2024-03-19 09:45:11.371069+00:00 [info] <0.662.0> Making sure data directory '/var/lib/rabbitmq/mnesia/rabbit@478b795e276e/msg_stores/vhosts/628WB79CIFDYO9LJI6DKMI09L' for vhost '/' exists
2024-03-19 09:45:11.371814+00:00 [info] <0.662.0> Setting segment_entry_count for vhost '/' with 0 queues to '2048'
2024-03-19 09:45:11.373159+00:00 [info] <0.662.0> Starting message stores for vhost '/'
2024-03-19 09:45:11.373274+00:00 [info] <0.667.0> Message store "628WB79CIFDYO9LJI6DKMI09L/msg_store_transient": using rabbit_msg_store_ets_index to provide index
2024-03-19 09:45:11.373965+00:00 [info] <0.662.0> Started message store of type transient for vhost '/'
2024-03-19 09:45:11.374057+00:00 [info] <0.671.0> Message store "628WB79CIFDYO9LJI6DKMI09L/msg_store_persistent": using rabbit_msg_store_ets_index to provide index
2024-03-19 09:45:11.374493+00:00 [warning] <0.671.0> Message store "628WB79CIFDYO9LJI6DKMI09L/msg_store_persistent": rebuilding indices from scratch
2024-03-19 09:45:11.374943+00:00 [info] <0.662.0> Started message store of type persistent for vhost '/'
2024-03-19 09:45:11.375033+00:00 [info] <0.662.0> Recovering 0 queues of type rabbit_classic_queue took 3ms
2024-03-19 09:45:11.375050+00:00 [info] <0.662.0> Recovering 0 queues of type rabbit_quorum_queue took 0ms
2024-03-19 09:45:11.375091+00:00 [info] <0.662.0> Recovering 0 queues of type rabbit_stream_queue took 0ms
2024-03-19 09:45:11.377035+00:00 [info] <0.230.0> Created user 'excdev_test'
2024-03-19 09:45:11.377923+00:00 [info] <0.230.0> Successfully set user tags for user 'excdev_test' to [administrator]
2024-03-19 09:45:11.378500+00:00 [info] <0.230.0> Successfully set permissions for 'excdev_test' in virtual host '/' to '.*', '.*', '.*'
2024-03-19 09:45:11.378542+00:00 [info] <0.230.0> Running boot step rabbit_observer_cli defined by app rabbit
2024-03-19 09:45:11.378591+00:00 [info] <0.230.0> Running boot step rabbit_looking_glass defined by app rabbit
2024-03-19 09:45:11.378606+00:00 [info] <0.230.0> Running boot step rabbit_core_metrics_gc defined by app rabbit
2024-03-19 09:45:11.378686+00:00 [info] <0.230.0> Running boot step background_gc defined by app rabbit
2024-03-19 09:45:11.378763+00:00 [info] <0.230.0> Running boot step routing_ready defined by app rabbit
2024-03-19 09:45:11.378774+00:00 [info] <0.230.0> Running boot step pre_flight defined by app rabbit
2024-03-19 09:45:11.378793+00:00 [info] <0.230.0> Running boot step notify_cluster defined by app rabbit
2024-03-19 09:45:11.378811+00:00 [info] <0.230.0> Running boot step networking defined by app rabbit
2024-03-19 09:45:11.378823+00:00 [info] <0.230.0> Running boot step definition_import_worker_pool defined by app rabbit
2024-03-19 09:45:11.378845+00:00 [info] <0.288.0> Starting worker pool 'definition_import_pool' with 8 processes in it
2024-03-19 09:45:11.379159+00:00 [info] <0.230.0> Running boot step cluster_name defined by app rabbit
2024-03-19 09:45:11.379208+00:00 [info] <0.230.0> Initialising internal cluster ID to 'rabbitmq-cluster-id-5RhYziRffaubQINRUJQJgw'
2024-03-19 09:45:11.379931+00:00 [info] <0.230.0> Running boot step direct_client defined by app rabbit
2024-03-19 09:45:11.379988+00:00 [info] <0.230.0> Running boot step rabbit_maintenance_mode_state defined by app rabbit
2024-03-19 09:45:11.380010+00:00 [info] <0.230.0> Creating table rabbit_node_maintenance_states for maintenance mode status
2024-03-19 09:45:11.382381+00:00 [info] <0.713.0> Resetting node maintenance status
2024-03-19 09:45:11.382492+00:00 [info] <0.713.0> Ready to start client connection listeners
2024-03-19 09:45:11.383963+00:00 [info] <0.731.0> started TCP listener on [::]:5672
2024-03-19 09:45:11.452263+00:00 [info] <0.713.0> Server startup complete; 0 plugins started.
2024-03-19 09:45:11.583592+00:00 [info] <0.9.0> Time to start RabbitMQ: 4459046 us
2024-03-19 09:55:06.596043+00:00 [notice] <0.61.0> SIGTERM received - shutting down
2024-03-19 09:55:06.596043+00:00 [notice] <0.61.0> 
2024-03-19 09:55:06.601072+00:00 [info] <0.230.0> Peer discovery backend rabbit_peer_discovery_classic_config does not support registration, skipping unregistration.
2024-03-19 09:55:06.602779+00:00 [info] <0.731.0> stopped TCP listener on [::]:5672
2024-03-19 09:55:06.607817+00:00 [info] <0.756.0> Closing all connections in vhost '/' on node 'rabbit@478b795e276e' because the vhost is stopping
2024-03-19 09:55:06.607967+00:00 [info] <0.671.0> Stopping message store for directory '/var/lib/rabbitmq/mnesia/rabbit@478b795e276e/msg_stores/vhosts/628WB79CIFDYO9LJI6DKMI09L/msg_store_persistent'
2024-03-19 09:55:06.620735+00:00 [info] <0.671.0> Message store for directory '/var/lib/rabbitmq/mnesia/rabbit@478b795e276e/msg_stores/vhosts/628WB79CIFDYO9LJI6DKMI09L/msg_store_persistent' is stopped
2024-03-19 09:55:06.621266+00:00 [info] <0.667.0> Stopping message store for directory '/var/lib/rabbitmq/mnesia/rabbit@478b795e276e/msg_stores/vhosts/628WB79CIFDYO9LJI6DKMI09L/msg_store_transient'
2024-03-19 09:55:06.628825+00:00 [info] <0.667.0> Message store for directory '/var/lib/rabbitmq/mnesia/rabbit@478b795e276e/msg_stores/vhosts/628WB79CIFDYO9LJI6DKMI09L/msg_store_transient' is stopped
