2024-03-19 19:35:00.369188+00:00 [notice] <0.230.0> Logging: configured log handlers are now ACTIVE
2024-03-19 19:35:00.666931+00:00 [info] <0.230.0> ra: starting system quorum_queues
2024-03-19 19:35:00.666994+00:00 [info] <0.230.0> starting Ra system: quorum_queues in directory: /var/lib/rabbitmq/mnesia/rabbit@21aca8e7bb71/quorum/rabbit@21aca8e7bb71
2024-03-19 19:35:00.734892+00:00 [info] <0.267.0> ra system 'quorum_queues' running pre init for 0 registered servers
2024-03-19 19:35:00.747577+00:00 [info] <0.268.0> ra: meta data store initialised for system quorum_queues. 0 record(s) recovered
2024-03-19 19:35:00.762685+00:00 [notice] <0.273.0> WAL: ra_log_wal init, open tbls: ra_log_open_mem_tables, closed tbls: ra_log_closed_mem_tables
2024-03-19 19:35:00.769076+00:00 [info] <0.230.0> ra: starting system coordination
2024-03-19 19:35:00.769110+00:00 [info] <0.230.0> starting Ra system: coordination in directory: /var/lib/rabbitmq/mnesia/rabbit@21aca8e7bb71/coordination/rabbit@21aca8e7bb71
2024-03-19 19:35:00.770664+00:00 [info] <0.280.0> ra system 'coordination' running pre init for 0 registered servers
2024-03-19 19:35:00.771865+00:00 [info] <0.281.0> ra: meta data store initialised for system coordination. 0 record(s) recovered
2024-03-19 19:35:00.771983+00:00 [notice] <0.286.0> WAL: ra_coordination_log_wal init, open tbls: ra_coordination_log_open_mem_tables, closed tbls: ra_coordination_log_closed_mem_tables
2024-03-19 19:35:00.775300+00:00 [info] <0.230.0> 
2024-03-19 19:35:00.775300+00:00 [info] <0.230.0>  Starting RabbitMQ 3.11.28 on Erlang 25.3.2.9 [jit]
2024-03-19 19:35:00.775300+00:00 [info] <0.230.0>  Copyright (c) 2007-2023 Broadcom Inc and/or its subsidiaries
2024-03-19 19:35:00.775300+00:00 [info] <0.230.0>  Licensed under the MPL 2.0. Website: https://rabbitmq.com
2024-03-19 19:35:00.776521+00:00 [info] <0.230.0> 
2024-03-19 19:35:00.776521+00:00 [info] <0.230.0>  node           : rabbit@21aca8e7bb71
2024-03-19 19:35:00.776521+00:00 [info] <0.230.0>  home dir       : /var/lib/rabbitmq
2024-03-19 19:35:00.776521+00:00 [info] <0.230.0>  config file(s) : (none)
2024-03-19 19:35:00.776521+00:00 [info] <0.230.0>  cookie hash    : h2rYdc/mNdWoY4miWwpbSg==
2024-03-19 19:35:00.776521+00:00 [info] <0.230.0>  log(s)         : /var/log/rabbitmq/rabbit@21aca8e7bb71.log
2024-03-19 19:35:00.776521+00:00 [info] <0.230.0>                 : /var/log/rabbitmq/rabbit@21aca8e7bb71_upgrade.log
2024-03-19 19:35:00.776521+00:00 [info] <0.230.0>                 : <stdout>
2024-03-19 19:35:00.776521+00:00 [info] <0.230.0>  database dir   : /var/lib/rabbitmq/mnesia/rabbit@21aca8e7bb71
2024-03-19 19:35:03.045120+00:00 [info] <0.230.0> Running boot step pre_boot defined by app rabbit
2024-03-19 19:35:03.045175+00:00 [info] <0.230.0> Running boot step rabbit_global_counters defined by app rabbit
2024-03-19 19:35:03.045440+00:00 [info] <0.230.0> Running boot step rabbit_osiris_metrics defined by app rabbit
2024-03-19 19:35:03.045521+00:00 [info] <0.230.0> Running boot step rabbit_core_metrics defined by app rabbit
2024-03-19 19:35:03.045881+00:00 [info] <0.230.0> Running boot step rabbit_alarm defined by app rabbit
2024-03-19 19:35:03.048232+00:00 [info] <0.298.0> Memory high watermark set to 3176 MiB (3330795110 bytes) of 7941 MiB (8326987776 bytes) total
2024-03-19 19:35:03.050635+00:00 [info] <0.300.0> Enabling free disk space monitoring (disk free space: 38563901440, total memory: 8326987776)
2024-03-19 19:35:03.050675+00:00 [info] <0.300.0> Disk free limit set to 50MB
2024-03-19 19:35:03.051760+00:00 [info] <0.230.0> Running boot step code_server_cache defined by app rabbit
2024-03-19 19:35:03.051839+00:00 [info] <0.230.0> Running boot step file_handle_cache defined by app rabbit
2024-03-19 19:35:03.051970+00:00 [info] <0.303.0> Limiting to approx 1048479 file handles (943629 sockets)
2024-03-19 19:35:03.052032+00:00 [info] <0.304.0> FHC read buffering: OFF
2024-03-19 19:35:03.052047+00:00 [info] <0.304.0> FHC write buffering: ON
2024-03-19 19:35:03.052344+00:00 [info] <0.230.0> Running boot step worker_pool defined by app rabbit
2024-03-19 19:35:03.052375+00:00 [info] <0.288.0> Will use 8 processes for default worker pool
2024-03-19 19:35:03.052392+00:00 [info] <0.288.0> Starting worker pool 'worker_pool' with 8 processes in it
2024-03-19 19:35:03.052636+00:00 [info] <0.230.0> Running boot step database defined by app rabbit
2024-03-19 19:35:03.052967+00:00 [info] <0.230.0> Node database directory at /var/lib/rabbitmq/mnesia/rabbit@21aca8e7bb71 is empty. Assuming we need to join an existing cluster or initialise from scratch...
2024-03-19 19:35:03.053015+00:00 [info] <0.230.0> Configured peer discovery backend: rabbit_peer_discovery_classic_config
2024-03-19 19:35:03.053049+00:00 [info] <0.230.0> Will try to lock with peer discovery backend rabbit_peer_discovery_classic_config
2024-03-19 19:35:03.053092+00:00 [info] <0.230.0> All discovered existing cluster peers:
2024-03-19 19:35:03.053101+00:00 [info] <0.230.0> Discovered no peer nodes to cluster with. Some discovery backends can filter nodes out based on a readiness criteria. Enabling debug logging might help troubleshoot.
2024-03-19 19:35:03.055221+00:00 [notice] <0.44.0> Application mnesia exited with reason: stopped
2024-03-19 19:35:03.104370+00:00 [info] <0.230.0> Waiting for Mnesia tables for 30000 ms, 9 retries left
2024-03-19 19:35:03.104468+00:00 [info] <0.230.0> Successfully synced tables from a peer
2024-03-19 19:35:03.108816+00:00 [info] <0.230.0> Feature flags: `feature_flags_v2`: supported, attempt to enable...
2024-03-19 19:35:03.122747+00:00 [notice] <0.289.0> Feature flags: attempt to enable `classic_mirrored_queue_version`...
2024-03-19 19:35:03.136393+00:00 [notice] <0.289.0> Feature flags: `classic_mirrored_queue_version` enabled
2024-03-19 19:35:03.136677+00:00 [notice] <0.289.0> Feature flags: attempt to enable `classic_queue_type_delivery_support`...
2024-03-19 19:35:03.143404+00:00 [notice] <0.289.0> Feature flags: attempt to enable `stream_queue`...
2024-03-19 19:35:03.165005+00:00 [notice] <0.289.0> Feature flags: `stream_queue` enabled
2024-03-19 19:35:03.175332+00:00 [notice] <0.289.0> Feature flags: `classic_queue_type_delivery_support` enabled
2024-03-19 19:35:03.175685+00:00 [notice] <0.289.0> Feature flags: attempt to enable `direct_exchange_routing_v2`...
2024-03-19 19:35:03.184982+00:00 [info] <0.501.0> Waiting for Mnesia tables for 30000 ms, 9 retries left
2024-03-19 19:35:03.185071+00:00 [info] <0.501.0> Successfully synced tables from a peer
2024-03-19 19:35:03.195960+00:00 [notice] <0.289.0> Feature flags: `direct_exchange_routing_v2` enabled
2024-03-19 19:35:03.196449+00:00 [notice] <0.289.0> Feature flags: attempt to enable `listener_records_in_ets`...
2024-03-19 19:35:03.219594+00:00 [notice] <0.289.0> Feature flags: `listener_records_in_ets` enabled
2024-03-19 19:35:03.220278+00:00 [notice] <0.289.0> Feature flags: attempt to enable `stream_sac_coordinator_unblock_group`...
2024-03-19 19:35:03.228955+00:00 [notice] <0.289.0> Feature flags: attempt to enable `stream_single_active_consumer`...
2024-03-19 19:35:03.245443+00:00 [notice] <0.289.0> Feature flags: `stream_single_active_consumer` enabled
2024-03-19 19:35:03.253641+00:00 [notice] <0.289.0> Feature flags: `stream_sac_coordinator_unblock_group` enabled
2024-03-19 19:35:03.254086+00:00 [notice] <0.289.0> Feature flags: attempt to enable `tracking_records_in_ets`...
2024-03-19 19:35:03.267884+00:00 [notice] <0.289.0> Feature flags: `tracking_records_in_ets` enabled
2024-03-19 19:35:03.268426+00:00 [info] <0.230.0> Waiting for Mnesia tables for 30000 ms, 9 retries left
2024-03-19 19:35:03.268533+00:00 [info] <0.230.0> Successfully synced tables from a peer
2024-03-19 19:35:03.275806+00:00 [info] <0.230.0> Waiting for Mnesia tables for 30000 ms, 9 retries left
2024-03-19 19:35:03.275923+00:00 [info] <0.230.0> Successfully synced tables from a peer
2024-03-19 19:35:03.275935+00:00 [info] <0.230.0> Peer discovery backend rabbit_peer_discovery_classic_config does not support registration, skipping registration.
2024-03-19 19:35:03.275980+00:00 [info] <0.230.0> Will try to unlock with peer discovery backend rabbit_peer_discovery_classic_config
2024-03-19 19:35:03.276046+00:00 [info] <0.230.0> Running boot step tracking_metadata_store defined by app rabbit
2024-03-19 19:35:03.276105+00:00 [info] <0.612.0> Setting up a table for connection tracking on this node: tracked_connection
2024-03-19 19:35:03.276144+00:00 [info] <0.612.0> Setting up a table for per-vhost connection counting on this node: tracked_connection_per_vhost
2024-03-19 19:35:03.276174+00:00 [info] <0.612.0> Setting up a table for per-user connection counting on this node: tracked_connection_per_user
2024-03-19 19:35:03.276198+00:00 [info] <0.612.0> Setting up a table for channel tracking on this node: tracked_channel
2024-03-19 19:35:03.276227+00:00 [info] <0.612.0> Setting up a table for channel tracking on this node: tracked_channel_per_user
2024-03-19 19:35:03.276327+00:00 [info] <0.230.0> Running boot step networking_metadata_store defined by app rabbit
2024-03-19 19:35:03.276398+00:00 [info] <0.230.0> Running boot step database_sync defined by app rabbit
2024-03-19 19:35:03.276438+00:00 [info] <0.230.0> Running boot step feature_flags defined by app rabbit
2024-03-19 19:35:03.276559+00:00 [info] <0.230.0> Running boot step codec_correctness_check defined by app rabbit
2024-03-19 19:35:03.276571+00:00 [info] <0.230.0> Running boot step external_infrastructure defined by app rabbit
2024-03-19 19:35:03.276598+00:00 [info] <0.230.0> Running boot step rabbit_event defined by app rabbit
2024-03-19 19:35:03.276703+00:00 [info] <0.230.0> Running boot step rabbit_registry defined by app rabbit
2024-03-19 19:35:03.276745+00:00 [info] <0.230.0> Running boot step rabbit_auth_mechanism_amqplain defined by app rabbit
2024-03-19 19:35:03.276797+00:00 [info] <0.230.0> Running boot step rabbit_auth_mechanism_cr_demo defined by app rabbit
2024-03-19 19:35:03.276841+00:00 [info] <0.230.0> Running boot step rabbit_auth_mechanism_plain defined by app rabbit
2024-03-19 19:35:03.276871+00:00 [info] <0.230.0> Running boot step rabbit_exchange_type_direct defined by app rabbit
2024-03-19 19:35:03.276899+00:00 [info] <0.230.0> Running boot step rabbit_exchange_type_fanout defined by app rabbit
2024-03-19 19:35:03.276927+00:00 [info] <0.230.0> Running boot step rabbit_exchange_type_headers defined by app rabbit
2024-03-19 19:35:03.276949+00:00 [info] <0.230.0> Running boot step rabbit_exchange_type_topic defined by app rabbit
2024-03-19 19:35:03.276981+00:00 [info] <0.230.0> Running boot step rabbit_mirror_queue_mode_all defined by app rabbit
2024-03-19 19:35:03.277008+00:00 [info] <0.230.0> Running boot step rabbit_mirror_queue_mode_exactly defined by app rabbit
2024-03-19 19:35:03.277033+00:00 [info] <0.230.0> Running boot step rabbit_mirror_queue_mode_nodes defined by app rabbit
2024-03-19 19:35:03.277062+00:00 [info] <0.230.0> Running boot step rabbit_priority_queue defined by app rabbit
2024-03-19 19:35:03.277100+00:00 [info] <0.230.0> Priority queues enabled, real BQ is rabbit_variable_queue
2024-03-19 19:35:03.277138+00:00 [info] <0.230.0> Running boot step rabbit_queue_location_client_local defined by app rabbit
2024-03-19 19:35:03.277178+00:00 [info] <0.230.0> Running boot step rabbit_queue_location_min_masters defined by app rabbit
2024-03-19 19:35:03.277219+00:00 [info] <0.230.0> Running boot step rabbit_queue_location_random defined by app rabbit
2024-03-19 19:35:03.277244+00:00 [info] <0.230.0> Running boot step kernel_ready defined by app rabbit
2024-03-19 19:35:03.277252+00:00 [info] <0.230.0> Running boot step rabbit_sysmon_minder defined by app rabbit
2024-03-19 19:35:03.277392+00:00 [info] <0.230.0> Running boot step rabbit_epmd_monitor defined by app rabbit
2024-03-19 19:35:03.278183+00:00 [info] <0.621.0> epmd monitor knows us, inter-node communication (distribution) port: 25672
2024-03-19 19:35:03.278242+00:00 [info] <0.230.0> Running boot step guid_generator defined by app rabbit
2024-03-19 19:35:03.279982+00:00 [info] <0.230.0> Running boot step rabbit_node_monitor defined by app rabbit
2024-03-19 19:35:03.280102+00:00 [info] <0.625.0> Starting rabbit_node_monitor (in ignore mode)
2024-03-19 19:35:03.280220+00:00 [info] <0.230.0> Running boot step delegate_sup defined by app rabbit
2024-03-19 19:35:03.280480+00:00 [info] <0.230.0> Running boot step rabbit_memory_monitor defined by app rabbit
2024-03-19 19:35:03.280573+00:00 [info] <0.230.0> Running boot step rabbit_fifo_dlx_sup defined by app rabbit
2024-03-19 19:35:03.280620+00:00 [info] <0.230.0> Running boot step core_initialized defined by app rabbit
2024-03-19 19:35:03.280630+00:00 [info] <0.230.0> Running boot step upgrade_queues defined by app rabbit
2024-03-19 19:35:03.283949+00:00 [info] <0.230.0> message_store upgrades: 1 to apply
2024-03-19 19:35:03.284027+00:00 [info] <0.230.0> message_store upgrades: Applying rabbit_variable_queue:move_messages_to_vhost_store
2024-03-19 19:35:03.284129+00:00 [info] <0.230.0> message_store upgrades: No durable queues found. Skipping message store migration
2024-03-19 19:35:03.284154+00:00 [info] <0.230.0> message_store upgrades: Removing the old message store data
2024-03-19 19:35:03.284501+00:00 [info] <0.230.0> message_store upgrades: All upgrades applied successfully
2024-03-19 19:35:03.288630+00:00 [info] <0.230.0> Running boot step channel_tracking defined by app rabbit
2024-03-19 19:35:03.288659+00:00 [info] <0.230.0> Running boot step rabbit_channel_tracking_handler defined by app rabbit
2024-03-19 19:35:03.288704+00:00 [info] <0.230.0> Running boot step connection_tracking defined by app rabbit
2024-03-19 19:35:03.288725+00:00 [info] <0.230.0> Running boot step rabbit_connection_tracking_handler defined by app rabbit
2024-03-19 19:35:03.288763+00:00 [info] <0.230.0> Running boot step rabbit_definitions_hashing defined by app rabbit
2024-03-19 19:35:03.288799+00:00 [info] <0.230.0> Running boot step rabbit_exchange_parameters defined by app rabbit
2024-03-19 19:35:03.288854+00:00 [info] <0.230.0> Running boot step rabbit_mirror_queue_misc defined by app rabbit
2024-03-19 19:35:03.289035+00:00 [info] <0.230.0> Running boot step rabbit_policies defined by app rabbit
2024-03-19 19:35:03.289181+00:00 [info] <0.230.0> Running boot step rabbit_policy defined by app rabbit
2024-03-19 19:35:03.289207+00:00 [info] <0.230.0> Running boot step rabbit_queue_location_validator defined by app rabbit
2024-03-19 19:35:03.289232+00:00 [info] <0.230.0> Running boot step rabbit_quorum_memory_manager defined by app rabbit
2024-03-19 19:35:03.289247+00:00 [info] <0.230.0> Running boot step rabbit_stream_coordinator defined by app rabbit
2024-03-19 19:35:03.289312+00:00 [info] <0.230.0> Running boot step rabbit_vhost_limit defined by app rabbit
2024-03-19 19:35:03.289350+00:00 [info] <0.230.0> Running boot step recovery defined by app rabbit
2024-03-19 19:35:03.289898+00:00 [info] <0.230.0> Running boot step empty_db_check defined by app rabbit
2024-03-19 19:35:03.289925+00:00 [info] <0.230.0> Will seed default virtual host and user...
2024-03-19 19:35:03.289962+00:00 [info] <0.230.0> Adding vhost '/' (description: 'Default virtual host', tags: [])
2024-03-19 19:35:03.295365+00:00 [info] <0.662.0> Making sure data directory '/var/lib/rabbitmq/mnesia/rabbit@21aca8e7bb71/msg_stores/vhosts/628WB79CIFDYO9LJI6DKMI09L' for vhost '/' exists
2024-03-19 19:35:03.296240+00:00 [info] <0.662.0> Setting segment_entry_count for vhost '/' with 0 queues to '2048'
2024-03-19 19:35:03.298119+00:00 [info] <0.662.0> Starting message stores for vhost '/'
2024-03-19 19:35:03.298249+00:00 [info] <0.667.0> Message store "628WB79CIFDYO9LJI6DKMI09L/msg_store_transient": using rabbit_msg_store_ets_index to provide index
2024-03-19 19:35:03.299207+00:00 [info] <0.662.0> Started message store of type transient for vhost '/'
2024-03-19 19:35:03.299301+00:00 [info] <0.671.0> Message store "628WB79CIFDYO9LJI6DKMI09L/msg_store_persistent": using rabbit_msg_store_ets_index to provide index
2024-03-19 19:35:03.299741+00:00 [warning] <0.671.0> Message store "628WB79CIFDYO9LJI6DKMI09L/msg_store_persistent": rebuilding indices from scratch
2024-03-19 19:35:03.300294+00:00 [info] <0.662.0> Started message store of type persistent for vhost '/'
2024-03-19 19:35:03.300381+00:00 [info] <0.662.0> Recovering 0 queues of type rabbit_classic_queue took 3ms
2024-03-19 19:35:03.300403+00:00 [info] <0.662.0> Recovering 0 queues of type rabbit_quorum_queue took 0ms
2024-03-19 19:35:03.300439+00:00 [info] <0.662.0> Recovering 0 queues of type rabbit_stream_queue took 0ms
2024-03-19 19:35:03.301778+00:00 [info] <0.230.0> Created user 'excdev_test'
2024-03-19 19:35:03.302194+00:00 [info] <0.230.0> Successfully set user tags for user 'excdev_test' to [administrator]
2024-03-19 19:35:03.302853+00:00 [info] <0.230.0> Successfully set permissions for 'excdev_test' in virtual host '/' to '.*', '.*', '.*'
2024-03-19 19:35:03.302909+00:00 [info] <0.230.0> Running boot step rabbit_observer_cli defined by app rabbit
2024-03-19 19:35:03.302963+00:00 [info] <0.230.0> Running boot step rabbit_looking_glass defined by app rabbit
2024-03-19 19:35:03.302982+00:00 [info] <0.230.0> Running boot step rabbit_core_metrics_gc defined by app rabbit
2024-03-19 19:35:03.303049+00:00 [info] <0.230.0> Running boot step background_gc defined by app rabbit
2024-03-19 19:35:03.303127+00:00 [info] <0.230.0> Running boot step routing_ready defined by app rabbit
2024-03-19 19:35:03.303138+00:00 [info] <0.230.0> Running boot step pre_flight defined by app rabbit
2024-03-19 19:35:03.303156+00:00 [info] <0.230.0> Running boot step notify_cluster defined by app rabbit
2024-03-19 19:35:03.303181+00:00 [info] <0.230.0> Running boot step networking defined by app rabbit
2024-03-19 19:35:03.303202+00:00 [info] <0.230.0> Running boot step definition_import_worker_pool defined by app rabbit
2024-03-19 19:35:03.303233+00:00 [info] <0.288.0> Starting worker pool 'definition_import_pool' with 8 processes in it
2024-03-19 19:35:03.303480+00:00 [info] <0.230.0> Running boot step cluster_name defined by app rabbit
2024-03-19 19:35:03.303550+00:00 [info] <0.230.0> Initialising internal cluster ID to 'rabbitmq-cluster-id-HmkoicCJVPXSwhk2yg3ZNA'
2024-03-19 19:35:03.304507+00:00 [info] <0.230.0> Running boot step direct_client defined by app rabbit
2024-03-19 19:35:03.304557+00:00 [info] <0.230.0> Running boot step rabbit_maintenance_mode_state defined by app rabbit
2024-03-19 19:35:03.304577+00:00 [info] <0.230.0> Creating table rabbit_node_maintenance_states for maintenance mode status
2024-03-19 19:35:03.306617+00:00 [info] <0.713.0> Resetting node maintenance status
2024-03-19 19:35:03.306738+00:00 [info] <0.713.0> Ready to start client connection listeners
2024-03-19 19:35:03.307891+00:00 [info] <0.731.0> started TCP listener on [::]:5672
2024-03-19 19:35:03.386811+00:00 [info] <0.713.0> Server startup complete; 0 plugins started.
2024-03-19 19:35:03.508354+00:00 [info] <0.9.0> Time to start RabbitMQ: 5438908 us
