2024-03-19 09:33:24.760403+00:00 [notice] <0.230.0> Logging: configured log handlers are now ACTIVE
2024-03-19 09:33:24.915066+00:00 [info] <0.230.0> ra: starting system quorum_queues
2024-03-19 09:33:24.915138+00:00 [info] <0.230.0> starting Ra system: quorum_queues in directory: /var/lib/rabbitmq/mnesia/rabbit@e81547fb11fd/quorum/rabbit@e81547fb11fd
2024-03-19 09:33:24.961629+00:00 [info] <0.267.0> ra system 'quorum_queues' running pre init for 0 registered servers
2024-03-19 09:33:24.969788+00:00 [info] <0.268.0> ra: meta data store initialised for system quorum_queues. 0 record(s) recovered
2024-03-19 09:33:24.979139+00:00 [notice] <0.273.0> WAL: ra_log_wal init, open tbls: ra_log_open_mem_tables, closed tbls: ra_log_closed_mem_tables
2024-03-19 09:33:24.983933+00:00 [info] <0.230.0> ra: starting system coordination
2024-03-19 09:33:24.983980+00:00 [info] <0.230.0> starting Ra system: coordination in directory: /var/lib/rabbitmq/mnesia/rabbit@e81547fb11fd/coordination/rabbit@e81547fb11fd
2024-03-19 09:33:24.985015+00:00 [info] <0.280.0> ra system 'coordination' running pre init for 0 registered servers
2024-03-19 09:33:24.985489+00:00 [info] <0.281.0> ra: meta data store initialised for system coordination. 0 record(s) recovered
2024-03-19 09:33:24.985574+00:00 [notice] <0.286.0> WAL: ra_coordination_log_wal init, open tbls: ra_coordination_log_open_mem_tables, closed tbls: ra_coordination_log_closed_mem_tables
2024-03-19 09:33:24.987375+00:00 [info] <0.230.0> 
2024-03-19 09:33:24.987375+00:00 [info] <0.230.0>  Starting RabbitMQ 3.11.28 on Erlang 25.3.2.9 [jit]
2024-03-19 09:33:24.987375+00:00 [info] <0.230.0>  Copyright (c) 2007-2023 Broadcom Inc and/or its subsidiaries
2024-03-19 09:33:24.987375+00:00 [info] <0.230.0>  Licensed under the MPL 2.0. Website: https://rabbitmq.com
2024-03-19 09:33:24.988143+00:00 [info] <0.230.0> 
2024-03-19 09:33:24.988143+00:00 [info] <0.230.0>  node           : rabbit@e81547fb11fd
2024-03-19 09:33:24.988143+00:00 [info] <0.230.0>  home dir       : /var/lib/rabbitmq
2024-03-19 09:33:24.988143+00:00 [info] <0.230.0>  config file(s) : (none)
2024-03-19 09:33:24.988143+00:00 [info] <0.230.0>  cookie hash    : kYRWsgIq6UWJYS7L7LLfvA==
2024-03-19 09:33:24.988143+00:00 [info] <0.230.0>  log(s)         : /var/log/rabbitmq/rabbit@e81547fb11fd.log
2024-03-19 09:33:24.988143+00:00 [info] <0.230.0>                 : /var/log/rabbitmq/rabbit@e81547fb11fd_upgrade.log
2024-03-19 09:33:24.988143+00:00 [info] <0.230.0>                 : <stdout>
2024-03-19 09:33:24.988143+00:00 [info] <0.230.0>  database dir   : /var/lib/rabbitmq/mnesia/rabbit@e81547fb11fd
2024-03-19 09:33:27.209144+00:00 [info] <0.230.0> Running boot step pre_boot defined by app rabbit
2024-03-19 09:33:27.209264+00:00 [info] <0.230.0> Running boot step rabbit_global_counters defined by app rabbit
2024-03-19 09:33:27.209494+00:00 [info] <0.230.0> Running boot step rabbit_osiris_metrics defined by app rabbit
2024-03-19 09:33:27.209565+00:00 [info] <0.230.0> Running boot step rabbit_core_metrics defined by app rabbit
2024-03-19 09:33:27.209882+00:00 [info] <0.230.0> Running boot step rabbit_alarm defined by app rabbit
2024-03-19 09:33:27.212315+00:00 [info] <0.298.0> Memory high watermark set to 3176 MiB (3330795110 bytes) of 7941 MiB (8326987776 bytes) total
2024-03-19 09:33:27.214254+00:00 [info] <0.300.0> Enabling free disk space monitoring (disk free space: 38847860736, total memory: 8326987776)
2024-03-19 09:33:27.214289+00:00 [info] <0.300.0> Disk free limit set to 50MB
2024-03-19 09:33:27.215256+00:00 [info] <0.230.0> Running boot step code_server_cache defined by app rabbit
2024-03-19 09:33:27.215301+00:00 [info] <0.230.0> Running boot step file_handle_cache defined by app rabbit
2024-03-19 09:33:27.215451+00:00 [info] <0.303.0> Limiting to approx 1048479 file handles (943629 sockets)
2024-03-19 09:33:27.215510+00:00 [info] <0.304.0> FHC read buffering: OFF
2024-03-19 09:33:27.215530+00:00 [info] <0.304.0> FHC write buffering: ON
2024-03-19 09:33:27.215793+00:00 [info] <0.230.0> Running boot step worker_pool defined by app rabbit
2024-03-19 09:33:27.215831+00:00 [info] <0.288.0> Will use 8 processes for default worker pool
2024-03-19 09:33:27.215849+00:00 [info] <0.288.0> Starting worker pool 'worker_pool' with 8 processes in it
2024-03-19 09:33:27.216115+00:00 [info] <0.230.0> Running boot step database defined by app rabbit
2024-03-19 09:33:27.216341+00:00 [info] <0.230.0> Node database directory at /var/lib/rabbitmq/mnesia/rabbit@e81547fb11fd is empty. Assuming we need to join an existing cluster or initialise from scratch...
2024-03-19 09:33:27.216376+00:00 [info] <0.230.0> Configured peer discovery backend: rabbit_peer_discovery_classic_config
2024-03-19 09:33:27.216402+00:00 [info] <0.230.0> Will try to lock with peer discovery backend rabbit_peer_discovery_classic_config
2024-03-19 09:33:27.216450+00:00 [info] <0.230.0> All discovered existing cluster peers:
2024-03-19 09:33:27.216461+00:00 [info] <0.230.0> Discovered no peer nodes to cluster with. Some discovery backends can filter nodes out based on a readiness criteria. Enabling debug logging might help troubleshoot.
2024-03-19 09:33:27.218814+00:00 [notice] <0.44.0> Application mnesia exited with reason: stopped
2024-03-19 09:33:27.256000+00:00 [info] <0.230.0> Waiting for Mnesia tables for 30000 ms, 9 retries left
2024-03-19 09:33:27.256090+00:00 [info] <0.230.0> Successfully synced tables from a peer
2024-03-19 09:33:27.260376+00:00 [info] <0.230.0> Feature flags: `feature_flags_v2`: supported, attempt to enable...
2024-03-19 09:33:27.273274+00:00 [notice] <0.289.0> Feature flags: attempt to enable `classic_mirrored_queue_version`...
2024-03-19 09:33:27.285546+00:00 [notice] <0.289.0> Feature flags: `classic_mirrored_queue_version` enabled
2024-03-19 09:33:27.285927+00:00 [notice] <0.289.0> Feature flags: attempt to enable `classic_queue_type_delivery_support`...
2024-03-19 09:33:27.291738+00:00 [notice] <0.289.0> Feature flags: attempt to enable `stream_queue`...
2024-03-19 09:33:27.304781+00:00 [notice] <0.289.0> Feature flags: `stream_queue` enabled
2024-03-19 09:33:27.311284+00:00 [notice] <0.289.0> Feature flags: `classic_queue_type_delivery_support` enabled
2024-03-19 09:33:27.311659+00:00 [notice] <0.289.0> Feature flags: attempt to enable `direct_exchange_routing_v2`...
2024-03-19 09:33:27.318066+00:00 [info] <0.501.0> Waiting for Mnesia tables for 30000 ms, 9 retries left
2024-03-19 09:33:27.318177+00:00 [info] <0.501.0> Successfully synced tables from a peer
2024-03-19 09:33:27.327839+00:00 [notice] <0.289.0> Feature flags: `direct_exchange_routing_v2` enabled
2024-03-19 09:33:27.328259+00:00 [notice] <0.289.0> Feature flags: attempt to enable `listener_records_in_ets`...
2024-03-19 09:33:27.347102+00:00 [notice] <0.289.0> Feature flags: `listener_records_in_ets` enabled
2024-03-19 09:33:27.347728+00:00 [notice] <0.289.0> Feature flags: attempt to enable `stream_sac_coordinator_unblock_group`...
2024-03-19 09:33:27.354869+00:00 [notice] <0.289.0> Feature flags: attempt to enable `stream_single_active_consumer`...
2024-03-19 09:33:27.368345+00:00 [notice] <0.289.0> Feature flags: `stream_single_active_consumer` enabled
2024-03-19 09:33:27.375390+00:00 [notice] <0.289.0> Feature flags: `stream_sac_coordinator_unblock_group` enabled
2024-03-19 09:33:27.375787+00:00 [notice] <0.289.0> Feature flags: attempt to enable `tracking_records_in_ets`...
2024-03-19 09:33:27.388748+00:00 [notice] <0.289.0> Feature flags: `tracking_records_in_ets` enabled
2024-03-19 09:33:27.389354+00:00 [info] <0.230.0> Waiting for Mnesia tables for 30000 ms, 9 retries left
2024-03-19 09:33:27.389434+00:00 [info] <0.230.0> Successfully synced tables from a peer
2024-03-19 09:33:27.395158+00:00 [info] <0.230.0> Waiting for Mnesia tables for 30000 ms, 9 retries left
2024-03-19 09:33:27.395222+00:00 [info] <0.230.0> Successfully synced tables from a peer
2024-03-19 09:33:27.395242+00:00 [info] <0.230.0> Peer discovery backend rabbit_peer_discovery_classic_config does not support registration, skipping registration.
2024-03-19 09:33:27.395280+00:00 [info] <0.230.0> Will try to unlock with peer discovery backend rabbit_peer_discovery_classic_config
2024-03-19 09:33:27.395341+00:00 [info] <0.230.0> Running boot step tracking_metadata_store defined by app rabbit
2024-03-19 09:33:27.395391+00:00 [info] <0.612.0> Setting up a table for connection tracking on this node: tracked_connection
2024-03-19 09:33:27.395423+00:00 [info] <0.612.0> Setting up a table for per-vhost connection counting on this node: tracked_connection_per_vhost
2024-03-19 09:33:27.395446+00:00 [info] <0.612.0> Setting up a table for per-user connection counting on this node: tracked_connection_per_user
2024-03-19 09:33:27.395475+00:00 [info] <0.612.0> Setting up a table for channel tracking on this node: tracked_channel
2024-03-19 09:33:27.395552+00:00 [info] <0.612.0> Setting up a table for channel tracking on this node: tracked_channel_per_user
2024-03-19 09:33:27.395618+00:00 [info] <0.230.0> Running boot step networking_metadata_store defined by app rabbit
2024-03-19 09:33:27.395708+00:00 [info] <0.230.0> Running boot step database_sync defined by app rabbit
2024-03-19 09:33:27.395758+00:00 [info] <0.230.0> Running boot step feature_flags defined by app rabbit
2024-03-19 09:33:27.395817+00:00 [info] <0.230.0> Running boot step codec_correctness_check defined by app rabbit
2024-03-19 09:33:27.395834+00:00 [info] <0.230.0> Running boot step external_infrastructure defined by app rabbit
2024-03-19 09:33:27.395847+00:00 [info] <0.230.0> Running boot step rabbit_event defined by app rabbit
2024-03-19 09:33:27.395972+00:00 [info] <0.230.0> Running boot step rabbit_registry defined by app rabbit
2024-03-19 09:33:27.396002+00:00 [info] <0.230.0> Running boot step rabbit_auth_mechanism_amqplain defined by app rabbit
2024-03-19 09:33:27.396046+00:00 [info] <0.230.0> Running boot step rabbit_auth_mechanism_cr_demo defined by app rabbit
2024-03-19 09:33:27.396070+00:00 [info] <0.230.0> Running boot step rabbit_auth_mechanism_plain defined by app rabbit
2024-03-19 09:33:27.396114+00:00 [info] <0.230.0> Running boot step rabbit_exchange_type_direct defined by app rabbit
2024-03-19 09:33:27.396147+00:00 [info] <0.230.0> Running boot step rabbit_exchange_type_fanout defined by app rabbit
2024-03-19 09:33:27.396171+00:00 [info] <0.230.0> Running boot step rabbit_exchange_type_headers defined by app rabbit
2024-03-19 09:33:27.396202+00:00 [info] <0.230.0> Running boot step rabbit_exchange_type_topic defined by app rabbit
2024-03-19 09:33:27.396224+00:00 [info] <0.230.0> Running boot step rabbit_mirror_queue_mode_all defined by app rabbit
2024-03-19 09:33:27.396240+00:00 [info] <0.230.0> Running boot step rabbit_mirror_queue_mode_exactly defined by app rabbit
2024-03-19 09:33:27.396273+00:00 [info] <0.230.0> Running boot step rabbit_mirror_queue_mode_nodes defined by app rabbit
2024-03-19 09:33:27.396299+00:00 [info] <0.230.0> Running boot step rabbit_priority_queue defined by app rabbit
2024-03-19 09:33:27.396316+00:00 [info] <0.230.0> Priority queues enabled, real BQ is rabbit_variable_queue
2024-03-19 09:33:27.396344+00:00 [info] <0.230.0> Running boot step rabbit_queue_location_client_local defined by app rabbit
2024-03-19 09:33:27.396369+00:00 [info] <0.230.0> Running boot step rabbit_queue_location_min_masters defined by app rabbit
2024-03-19 09:33:27.396388+00:00 [info] <0.230.0> Running boot step rabbit_queue_location_random defined by app rabbit
2024-03-19 09:33:27.396428+00:00 [info] <0.230.0> Running boot step kernel_ready defined by app rabbit
2024-03-19 09:33:27.396440+00:00 [info] <0.230.0> Running boot step rabbit_sysmon_minder defined by app rabbit
2024-03-19 09:33:27.396508+00:00 [info] <0.230.0> Running boot step rabbit_epmd_monitor defined by app rabbit
2024-03-19 09:33:27.397101+00:00 [info] <0.621.0> epmd monitor knows us, inter-node communication (distribution) port: 25672
2024-03-19 09:33:27.397156+00:00 [info] <0.230.0> Running boot step guid_generator defined by app rabbit
2024-03-19 09:33:27.397928+00:00 [info] <0.230.0> Running boot step rabbit_node_monitor defined by app rabbit
2024-03-19 09:33:27.398022+00:00 [info] <0.625.0> Starting rabbit_node_monitor (in ignore mode)
2024-03-19 09:33:27.398079+00:00 [info] <0.230.0> Running boot step delegate_sup defined by app rabbit
2024-03-19 09:33:27.398338+00:00 [info] <0.230.0> Running boot step rabbit_memory_monitor defined by app rabbit
2024-03-19 09:33:27.398447+00:00 [info] <0.230.0> Running boot step rabbit_fifo_dlx_sup defined by app rabbit
2024-03-19 09:33:27.398488+00:00 [info] <0.230.0> Running boot step core_initialized defined by app rabbit
2024-03-19 09:33:27.398497+00:00 [info] <0.230.0> Running boot step upgrade_queues defined by app rabbit
2024-03-19 09:33:27.401349+00:00 [info] <0.230.0> message_store upgrades: 1 to apply
2024-03-19 09:33:27.401393+00:00 [info] <0.230.0> message_store upgrades: Applying rabbit_variable_queue:move_messages_to_vhost_store
2024-03-19 09:33:27.401473+00:00 [info] <0.230.0> message_store upgrades: No durable queues found. Skipping message store migration
2024-03-19 09:33:27.401491+00:00 [info] <0.230.0> message_store upgrades: Removing the old message store data
2024-03-19 09:33:27.401831+00:00 [info] <0.230.0> message_store upgrades: All upgrades applied successfully
2024-03-19 09:33:27.405101+00:00 [info] <0.230.0> Running boot step channel_tracking defined by app rabbit
2024-03-19 09:33:27.405118+00:00 [info] <0.230.0> Running boot step rabbit_channel_tracking_handler defined by app rabbit
2024-03-19 09:33:27.405162+00:00 [info] <0.230.0> Running boot step connection_tracking defined by app rabbit
2024-03-19 09:33:27.405173+00:00 [info] <0.230.0> Running boot step rabbit_connection_tracking_handler defined by app rabbit
2024-03-19 09:33:27.405226+00:00 [info] <0.230.0> Running boot step rabbit_definitions_hashing defined by app rabbit
2024-03-19 09:33:27.405276+00:00 [info] <0.230.0> Running boot step rabbit_exchange_parameters defined by app rabbit
2024-03-19 09:33:27.405313+00:00 [info] <0.230.0> Running boot step rabbit_mirror_queue_misc defined by app rabbit
2024-03-19 09:33:27.405455+00:00 [info] <0.230.0> Running boot step rabbit_policies defined by app rabbit
2024-03-19 09:33:27.405568+00:00 [info] <0.230.0> Running boot step rabbit_policy defined by app rabbit
2024-03-19 09:33:27.405603+00:00 [info] <0.230.0> Running boot step rabbit_queue_location_validator defined by app rabbit
2024-03-19 09:33:27.405629+00:00 [info] <0.230.0> Running boot step rabbit_quorum_memory_manager defined by app rabbit
2024-03-19 09:33:27.405662+00:00 [info] <0.230.0> Running boot step rabbit_stream_coordinator defined by app rabbit
2024-03-19 09:33:27.405747+00:00 [info] <0.230.0> Running boot step rabbit_vhost_limit defined by app rabbit
2024-03-19 09:33:27.405790+00:00 [info] <0.230.0> Running boot step recovery defined by app rabbit
2024-03-19 09:33:27.406233+00:00 [info] <0.230.0> Running boot step empty_db_check defined by app rabbit
2024-03-19 09:33:27.406251+00:00 [info] <0.230.0> Will seed default virtual host and user...
2024-03-19 09:33:27.406306+00:00 [info] <0.230.0> Adding vhost '/' (description: 'Default virtual host', tags: [])
2024-03-19 09:33:27.410793+00:00 [info] <0.662.0> Making sure data directory '/var/lib/rabbitmq/mnesia/rabbit@e81547fb11fd/msg_stores/vhosts/628WB79CIFDYO9LJI6DKMI09L' for vhost '/' exists
2024-03-19 09:33:27.411335+00:00 [info] <0.662.0> Setting segment_entry_count for vhost '/' with 0 queues to '2048'
2024-03-19 09:33:27.412460+00:00 [info] <0.662.0> Starting message stores for vhost '/'
2024-03-19 09:33:27.412545+00:00 [info] <0.667.0> Message store "628WB79CIFDYO9LJI6DKMI09L/msg_store_transient": using rabbit_msg_store_ets_index to provide index
2024-03-19 09:33:27.413144+00:00 [info] <0.662.0> Started message store of type transient for vhost '/'
2024-03-19 09:33:27.413210+00:00 [info] <0.671.0> Message store "628WB79CIFDYO9LJI6DKMI09L/msg_store_persistent": using rabbit_msg_store_ets_index to provide index
2024-03-19 09:33:27.413547+00:00 [warning] <0.671.0> Message store "628WB79CIFDYO9LJI6DKMI09L/msg_store_persistent": rebuilding indices from scratch
2024-03-19 09:33:27.413893+00:00 [info] <0.662.0> Started message store of type persistent for vhost '/'
2024-03-19 09:33:27.413960+00:00 [info] <0.662.0> Recovering 0 queues of type rabbit_classic_queue took 2ms
2024-03-19 09:33:27.413985+00:00 [info] <0.662.0> Recovering 0 queues of type rabbit_quorum_queue took 0ms
2024-03-19 09:33:27.414023+00:00 [info] <0.662.0> Recovering 0 queues of type rabbit_stream_queue took 0ms
2024-03-19 09:33:27.415310+00:00 [info] <0.230.0> Created user 'excdev_test'
2024-03-19 09:33:27.415852+00:00 [info] <0.230.0> Successfully set user tags for user 'excdev_test' to [administrator]
2024-03-19 09:33:27.416370+00:00 [info] <0.230.0> Successfully set permissions for 'excdev_test' in virtual host '/' to '.*', '.*', '.*'
2024-03-19 09:33:27.416403+00:00 [info] <0.230.0> Running boot step rabbit_observer_cli defined by app rabbit
2024-03-19 09:33:27.416447+00:00 [info] <0.230.0> Running boot step rabbit_looking_glass defined by app rabbit
2024-03-19 09:33:27.416464+00:00 [info] <0.230.0> Running boot step rabbit_core_metrics_gc defined by app rabbit
2024-03-19 09:33:27.416540+00:00 [info] <0.230.0> Running boot step background_gc defined by app rabbit
2024-03-19 09:33:27.416616+00:00 [info] <0.230.0> Running boot step routing_ready defined by app rabbit
2024-03-19 09:33:27.416631+00:00 [info] <0.230.0> Running boot step pre_flight defined by app rabbit
2024-03-19 09:33:27.416659+00:00 [info] <0.230.0> Running boot step notify_cluster defined by app rabbit
2024-03-19 09:33:27.416689+00:00 [info] <0.230.0> Running boot step networking defined by app rabbit
2024-03-19 09:33:27.416712+00:00 [info] <0.230.0> Running boot step definition_import_worker_pool defined by app rabbit
2024-03-19 09:33:27.416762+00:00 [info] <0.288.0> Starting worker pool 'definition_import_pool' with 8 processes in it
2024-03-19 09:33:27.416962+00:00 [info] <0.230.0> Running boot step cluster_name defined by app rabbit
2024-03-19 09:33:27.416987+00:00 [info] <0.230.0> Initialising internal cluster ID to 'rabbitmq-cluster-id-bEmuRt3aCl6hcTHS7oncig'
2024-03-19 09:33:27.417662+00:00 [info] <0.230.0> Running boot step direct_client defined by app rabbit
2024-03-19 09:33:27.417716+00:00 [info] <0.230.0> Running boot step rabbit_maintenance_mode_state defined by app rabbit
2024-03-19 09:33:27.417727+00:00 [info] <0.230.0> Creating table rabbit_node_maintenance_states for maintenance mode status
2024-03-19 09:33:27.419265+00:00 [info] <0.713.0> Resetting node maintenance status
2024-03-19 09:33:27.419347+00:00 [info] <0.713.0> Ready to start client connection listeners
2024-03-19 09:33:27.420432+00:00 [info] <0.731.0> started TCP listener on [::]:5672
2024-03-19 09:33:27.485415+00:00 [info] <0.713.0> Server startup complete; 0 plugins started.
2024-03-19 09:33:27.619903+00:00 [info] <0.9.0> Time to start RabbitMQ: 4690271 us
2024-03-19 09:34:28.002686+00:00 [notice] <0.61.0> SIGTERM received - shutting down
2024-03-19 09:34:28.002686+00:00 [notice] <0.61.0> 
2024-03-19 09:34:28.003443+00:00 [info] <0.230.0> Peer discovery backend rabbit_peer_discovery_classic_config does not support registration, skipping unregistration.
2024-03-19 09:34:28.003691+00:00 [info] <0.731.0> stopped TCP listener on [::]:5672
2024-03-19 09:34:28.005393+00:00 [info] <0.732.0> Closing all connections in vhost '/' on node 'rabbit@e81547fb11fd' because the vhost is stopping
2024-03-19 09:34:28.005621+00:00 [info] <0.671.0> Stopping message store for directory '/var/lib/rabbitmq/mnesia/rabbit@e81547fb11fd/msg_stores/vhosts/628WB79CIFDYO9LJI6DKMI09L/msg_store_persistent'
2024-03-19 09:34:28.018575+00:00 [info] <0.671.0> Message store for directory '/var/lib/rabbitmq/mnesia/rabbit@e81547fb11fd/msg_stores/vhosts/628WB79CIFDYO9LJI6DKMI09L/msg_store_persistent' is stopped
2024-03-19 09:34:28.018797+00:00 [info] <0.667.0> Stopping message store for directory '/var/lib/rabbitmq/mnesia/rabbit@e81547fb11fd/msg_stores/vhosts/628WB79CIFDYO9LJI6DKMI09L/msg_store_transient'
2024-03-19 09:34:28.031191+00:00 [info] <0.667.0> Message store for directory '/var/lib/rabbitmq/mnesia/rabbit@e81547fb11fd/msg_stores/vhosts/628WB79CIFDYO9LJI6DKMI09L/msg_store_transient' is stopped
