2024-03-19 14:43:06.150659+00:00 [notice] <0.230.0> Logging: configured log handlers are now ACTIVE
2024-03-19 14:43:06.609365+00:00 [info] <0.230.0> ra: starting system quorum_queues
2024-03-19 14:43:06.609573+00:00 [info] <0.230.0> starting Ra system: quorum_queues in directory: /var/lib/rabbitmq/mnesia/rabbit@d1ef0b716eb7/quorum/rabbit@d1ef0b716eb7
2024-03-19 14:43:06.763296+00:00 [info] <0.267.0> ra system 'quorum_queues' running pre init for 0 registered servers
2024-03-19 14:43:06.779534+00:00 [info] <0.268.0> ra: meta data store initialised for system quorum_queues. 0 record(s) recovered
2024-03-19 14:43:06.809310+00:00 [notice] <0.273.0> WAL: ra_log_wal init, open tbls: ra_log_open_mem_tables, closed tbls: ra_log_closed_mem_tables
2024-03-19 14:43:06.821107+00:00 [info] <0.230.0> ra: starting system coordination
2024-03-19 14:43:06.821160+00:00 [info] <0.230.0> starting Ra system: coordination in directory: /var/lib/rabbitmq/mnesia/rabbit@d1ef0b716eb7/coordination/rabbit@d1ef0b716eb7
2024-03-19 14:43:06.823347+00:00 [info] <0.280.0> ra system 'coordination' running pre init for 0 registered servers
2024-03-19 14:43:06.824469+00:00 [info] <0.281.0> ra: meta data store initialised for system coordination. 0 record(s) recovered
2024-03-19 14:43:06.824552+00:00 [notice] <0.286.0> WAL: ra_coordination_log_wal init, open tbls: ra_coordination_log_open_mem_tables, closed tbls: ra_coordination_log_closed_mem_tables
2024-03-19 14:43:06.827317+00:00 [info] <0.230.0> 
2024-03-19 14:43:06.827317+00:00 [info] <0.230.0>  Starting RabbitMQ 3.11.28 on Erlang 25.3.2.9 [jit]
2024-03-19 14:43:06.827317+00:00 [info] <0.230.0>  Copyright (c) 2007-2023 Broadcom Inc and/or its subsidiaries
2024-03-19 14:43:06.827317+00:00 [info] <0.230.0>  Licensed under the MPL 2.0. Website: https://rabbitmq.com
2024-03-19 14:43:06.829093+00:00 [info] <0.230.0> 
2024-03-19 14:43:06.829093+00:00 [info] <0.230.0>  node           : rabbit@d1ef0b716eb7
2024-03-19 14:43:06.829093+00:00 [info] <0.230.0>  home dir       : /var/lib/rabbitmq
2024-03-19 14:43:06.829093+00:00 [info] <0.230.0>  config file(s) : (none)
2024-03-19 14:43:06.829093+00:00 [info] <0.230.0>  cookie hash    : j74PU4PGIiVEMqzXGdT6Fw==
2024-03-19 14:43:06.829093+00:00 [info] <0.230.0>  log(s)         : /var/log/rabbitmq/rabbit@d1ef0b716eb7.log
2024-03-19 14:43:06.829093+00:00 [info] <0.230.0>                 : /var/log/rabbitmq/rabbit@d1ef0b716eb7_upgrade.log
2024-03-19 14:43:06.829093+00:00 [info] <0.230.0>                 : <stdout>
2024-03-19 14:43:06.829093+00:00 [info] <0.230.0>  database dir   : /var/lib/rabbitmq/mnesia/rabbit@d1ef0b716eb7
2024-03-19 14:43:09.837287+00:00 [info] <0.230.0> Running boot step pre_boot defined by app rabbit
2024-03-19 14:43:09.837347+00:00 [info] <0.230.0> Running boot step rabbit_global_counters defined by app rabbit
2024-03-19 14:43:09.837528+00:00 [info] <0.230.0> Running boot step rabbit_osiris_metrics defined by app rabbit
2024-03-19 14:43:09.837582+00:00 [info] <0.230.0> Running boot step rabbit_core_metrics defined by app rabbit
2024-03-19 14:43:09.837872+00:00 [info] <0.230.0> Running boot step rabbit_alarm defined by app rabbit
2024-03-19 14:43:09.842150+00:00 [info] <0.298.0> Memory high watermark set to 3176 MiB (3330795110 bytes) of 7941 MiB (8326987776 bytes) total
2024-03-19 14:43:09.845553+00:00 [info] <0.300.0> Enabling free disk space monitoring (disk free space: 38565236736, total memory: 8326987776)
2024-03-19 14:43:09.845601+00:00 [info] <0.300.0> Disk free limit set to 50MB
2024-03-19 14:43:09.847418+00:00 [info] <0.230.0> Running boot step code_server_cache defined by app rabbit
2024-03-19 14:43:09.847471+00:00 [info] <0.230.0> Running boot step file_handle_cache defined by app rabbit
2024-03-19 14:43:09.847612+00:00 [info] <0.303.0> Limiting to approx 1048479 file handles (943629 sockets)
2024-03-19 14:43:09.847674+00:00 [info] <0.304.0> FHC read buffering: OFF
2024-03-19 14:43:09.847687+00:00 [info] <0.304.0> FHC write buffering: ON
2024-03-19 14:43:09.848157+00:00 [info] <0.230.0> Running boot step worker_pool defined by app rabbit
2024-03-19 14:43:09.848192+00:00 [info] <0.288.0> Will use 8 processes for default worker pool
2024-03-19 14:43:09.848292+00:00 [info] <0.288.0> Starting worker pool 'worker_pool' with 8 processes in it
2024-03-19 14:43:09.849046+00:00 [info] <0.230.0> Running boot step database defined by app rabbit
2024-03-19 14:43:09.849467+00:00 [info] <0.230.0> Node database directory at /var/lib/rabbitmq/mnesia/rabbit@d1ef0b716eb7 is empty. Assuming we need to join an existing cluster or initialise from scratch...
2024-03-19 14:43:09.849505+00:00 [info] <0.230.0> Configured peer discovery backend: rabbit_peer_discovery_classic_config
2024-03-19 14:43:09.849700+00:00 [info] <0.230.0> Will try to lock with peer discovery backend rabbit_peer_discovery_classic_config
2024-03-19 14:43:09.849866+00:00 [info] <0.230.0> All discovered existing cluster peers:
2024-03-19 14:43:09.849884+00:00 [info] <0.230.0> Discovered no peer nodes to cluster with. Some discovery backends can filter nodes out based on a readiness criteria. Enabling debug logging might help troubleshoot.
2024-03-19 14:43:09.852664+00:00 [notice] <0.44.0> Application mnesia exited with reason: stopped
2024-03-19 14:43:09.920681+00:00 [info] <0.230.0> Waiting for Mnesia tables for 30000 ms, 9 retries left
2024-03-19 14:43:09.920784+00:00 [info] <0.230.0> Successfully synced tables from a peer
2024-03-19 14:43:09.925018+00:00 [info] <0.230.0> Feature flags: `feature_flags_v2`: supported, attempt to enable...
2024-03-19 14:43:09.937924+00:00 [notice] <0.289.0> Feature flags: attempt to enable `classic_mirrored_queue_version`...
2024-03-19 14:43:09.950362+00:00 [notice] <0.289.0> Feature flags: `classic_mirrored_queue_version` enabled
2024-03-19 14:43:09.950675+00:00 [notice] <0.289.0> Feature flags: attempt to enable `classic_queue_type_delivery_support`...
2024-03-19 14:43:09.957187+00:00 [notice] <0.289.0> Feature flags: attempt to enable `stream_queue`...
2024-03-19 14:43:09.970339+00:00 [notice] <0.289.0> Feature flags: `stream_queue` enabled
2024-03-19 14:43:09.977522+00:00 [notice] <0.289.0> Feature flags: `classic_queue_type_delivery_support` enabled
2024-03-19 14:43:09.977842+00:00 [notice] <0.289.0> Feature flags: attempt to enable `direct_exchange_routing_v2`...
2024-03-19 14:43:09.984400+00:00 [info] <0.501.0> Waiting for Mnesia tables for 30000 ms, 9 retries left
2024-03-19 14:43:09.984534+00:00 [info] <0.501.0> Successfully synced tables from a peer
2024-03-19 14:43:09.996481+00:00 [notice] <0.289.0> Feature flags: `direct_exchange_routing_v2` enabled
2024-03-19 14:43:09.997424+00:00 [notice] <0.289.0> Feature flags: attempt to enable `listener_records_in_ets`...
2024-03-19 14:43:10.023463+00:00 [notice] <0.289.0> Feature flags: `listener_records_in_ets` enabled
2024-03-19 14:43:10.023981+00:00 [notice] <0.289.0> Feature flags: attempt to enable `stream_sac_coordinator_unblock_group`...
2024-03-19 14:43:10.030350+00:00 [notice] <0.289.0> Feature flags: attempt to enable `stream_single_active_consumer`...
2024-03-19 14:43:10.043904+00:00 [notice] <0.289.0> Feature flags: `stream_single_active_consumer` enabled
2024-03-19 14:43:10.051462+00:00 [notice] <0.289.0> Feature flags: `stream_sac_coordinator_unblock_group` enabled
2024-03-19 14:43:10.051921+00:00 [notice] <0.289.0> Feature flags: attempt to enable `tracking_records_in_ets`...
2024-03-19 14:43:10.065029+00:00 [notice] <0.289.0> Feature flags: `tracking_records_in_ets` enabled
2024-03-19 14:43:10.065474+00:00 [info] <0.230.0> Waiting for Mnesia tables for 30000 ms, 9 retries left
2024-03-19 14:43:10.065559+00:00 [info] <0.230.0> Successfully synced tables from a peer
2024-03-19 14:43:10.071667+00:00 [info] <0.230.0> Waiting for Mnesia tables for 30000 ms, 9 retries left
2024-03-19 14:43:10.071757+00:00 [info] <0.230.0> Successfully synced tables from a peer
2024-03-19 14:43:10.071769+00:00 [info] <0.230.0> Peer discovery backend rabbit_peer_discovery_classic_config does not support registration, skipping registration.
2024-03-19 14:43:10.071821+00:00 [info] <0.230.0> Will try to unlock with peer discovery backend rabbit_peer_discovery_classic_config
2024-03-19 14:43:10.071909+00:00 [info] <0.230.0> Running boot step tracking_metadata_store defined by app rabbit
2024-03-19 14:43:10.071970+00:00 [info] <0.612.0> Setting up a table for connection tracking on this node: tracked_connection
2024-03-19 14:43:10.071995+00:00 [info] <0.612.0> Setting up a table for per-vhost connection counting on this node: tracked_connection_per_vhost
2024-03-19 14:43:10.072044+00:00 [info] <0.612.0> Setting up a table for per-user connection counting on this node: tracked_connection_per_user
2024-03-19 14:43:10.072059+00:00 [info] <0.612.0> Setting up a table for channel tracking on this node: tracked_channel
2024-03-19 14:43:10.072108+00:00 [info] <0.612.0> Setting up a table for channel tracking on this node: tracked_channel_per_user
2024-03-19 14:43:10.072158+00:00 [info] <0.230.0> Running boot step networking_metadata_store defined by app rabbit
2024-03-19 14:43:10.072182+00:00 [info] <0.230.0> Running boot step database_sync defined by app rabbit
2024-03-19 14:43:10.072236+00:00 [info] <0.230.0> Running boot step feature_flags defined by app rabbit
2024-03-19 14:43:10.072306+00:00 [info] <0.230.0> Running boot step codec_correctness_check defined by app rabbit
2024-03-19 14:43:10.072327+00:00 [info] <0.230.0> Running boot step external_infrastructure defined by app rabbit
2024-03-19 14:43:10.072370+00:00 [info] <0.230.0> Running boot step rabbit_event defined by app rabbit
2024-03-19 14:43:10.072478+00:00 [info] <0.230.0> Running boot step rabbit_registry defined by app rabbit
2024-03-19 14:43:10.072521+00:00 [info] <0.230.0> Running boot step rabbit_auth_mechanism_amqplain defined by app rabbit
2024-03-19 14:43:10.072558+00:00 [info] <0.230.0> Running boot step rabbit_auth_mechanism_cr_demo defined by app rabbit
2024-03-19 14:43:10.072586+00:00 [info] <0.230.0> Running boot step rabbit_auth_mechanism_plain defined by app rabbit
2024-03-19 14:43:10.072747+00:00 [info] <0.230.0> Running boot step rabbit_exchange_type_direct defined by app rabbit
2024-03-19 14:43:10.072804+00:00 [info] <0.230.0> Running boot step rabbit_exchange_type_fanout defined by app rabbit
2024-03-19 14:43:10.072850+00:00 [info] <0.230.0> Running boot step rabbit_exchange_type_headers defined by app rabbit
2024-03-19 14:43:10.072869+00:00 [info] <0.230.0> Running boot step rabbit_exchange_type_topic defined by app rabbit
2024-03-19 14:43:10.072904+00:00 [info] <0.230.0> Running boot step rabbit_mirror_queue_mode_all defined by app rabbit
2024-03-19 14:43:10.072927+00:00 [info] <0.230.0> Running boot step rabbit_mirror_queue_mode_exactly defined by app rabbit
2024-03-19 14:43:10.072959+00:00 [info] <0.230.0> Running boot step rabbit_mirror_queue_mode_nodes defined by app rabbit
2024-03-19 14:43:10.073011+00:00 [info] <0.230.0> Running boot step rabbit_priority_queue defined by app rabbit
2024-03-19 14:43:10.073039+00:00 [info] <0.230.0> Priority queues enabled, real BQ is rabbit_variable_queue
2024-03-19 14:43:10.073067+00:00 [info] <0.230.0> Running boot step rabbit_queue_location_client_local defined by app rabbit
2024-03-19 14:43:10.073102+00:00 [info] <0.230.0> Running boot step rabbit_queue_location_min_masters defined by app rabbit
2024-03-19 14:43:10.073129+00:00 [info] <0.230.0> Running boot step rabbit_queue_location_random defined by app rabbit
2024-03-19 14:43:10.073148+00:00 [info] <0.230.0> Running boot step kernel_ready defined by app rabbit
2024-03-19 14:43:10.073157+00:00 [info] <0.230.0> Running boot step rabbit_sysmon_minder defined by app rabbit
2024-03-19 14:43:10.073262+00:00 [info] <0.230.0> Running boot step rabbit_epmd_monitor defined by app rabbit
2024-03-19 14:43:10.074676+00:00 [info] <0.621.0> epmd monitor knows us, inter-node communication (distribution) port: 25672
2024-03-19 14:43:10.074777+00:00 [info] <0.230.0> Running boot step guid_generator defined by app rabbit
2024-03-19 14:43:10.076337+00:00 [info] <0.230.0> Running boot step rabbit_node_monitor defined by app rabbit
2024-03-19 14:43:10.076481+00:00 [info] <0.625.0> Starting rabbit_node_monitor (in ignore mode)
2024-03-19 14:43:10.076585+00:00 [info] <0.230.0> Running boot step delegate_sup defined by app rabbit
2024-03-19 14:43:10.076988+00:00 [info] <0.230.0> Running boot step rabbit_memory_monitor defined by app rabbit
2024-03-19 14:43:10.077125+00:00 [info] <0.230.0> Running boot step rabbit_fifo_dlx_sup defined by app rabbit
2024-03-19 14:43:10.077191+00:00 [info] <0.230.0> Running boot step core_initialized defined by app rabbit
2024-03-19 14:43:10.077202+00:00 [info] <0.230.0> Running boot step upgrade_queues defined by app rabbit
2024-03-19 14:43:10.081577+00:00 [info] <0.230.0> message_store upgrades: 1 to apply
2024-03-19 14:43:10.081658+00:00 [info] <0.230.0> message_store upgrades: Applying rabbit_variable_queue:move_messages_to_vhost_store
2024-03-19 14:43:10.081747+00:00 [info] <0.230.0> message_store upgrades: No durable queues found. Skipping message store migration
2024-03-19 14:43:10.081771+00:00 [info] <0.230.0> message_store upgrades: Removing the old message store data
2024-03-19 14:43:10.082463+00:00 [info] <0.230.0> message_store upgrades: All upgrades applied successfully
2024-03-19 14:43:10.087499+00:00 [info] <0.230.0> Running boot step channel_tracking defined by app rabbit
2024-03-19 14:43:10.087568+00:00 [info] <0.230.0> Running boot step rabbit_channel_tracking_handler defined by app rabbit
2024-03-19 14:43:10.087650+00:00 [info] <0.230.0> Running boot step connection_tracking defined by app rabbit
2024-03-19 14:43:10.087719+00:00 [info] <0.230.0> Running boot step rabbit_connection_tracking_handler defined by app rabbit
2024-03-19 14:43:10.087744+00:00 [info] <0.230.0> Running boot step rabbit_definitions_hashing defined by app rabbit
2024-03-19 14:43:10.087810+00:00 [info] <0.230.0> Running boot step rabbit_exchange_parameters defined by app rabbit
2024-03-19 14:43:10.087860+00:00 [info] <0.230.0> Running boot step rabbit_mirror_queue_misc defined by app rabbit
2024-03-19 14:43:10.088022+00:00 [info] <0.230.0> Running boot step rabbit_policies defined by app rabbit
2024-03-19 14:43:10.088148+00:00 [info] <0.230.0> Running boot step rabbit_policy defined by app rabbit
2024-03-19 14:43:10.088192+00:00 [info] <0.230.0> Running boot step rabbit_queue_location_validator defined by app rabbit
2024-03-19 14:43:10.088219+00:00 [info] <0.230.0> Running boot step rabbit_quorum_memory_manager defined by app rabbit
2024-03-19 14:43:10.088238+00:00 [info] <0.230.0> Running boot step rabbit_stream_coordinator defined by app rabbit
2024-03-19 14:43:10.088317+00:00 [info] <0.230.0> Running boot step rabbit_vhost_limit defined by app rabbit
2024-03-19 14:43:10.088342+00:00 [info] <0.230.0> Running boot step recovery defined by app rabbit
2024-03-19 14:43:10.089145+00:00 [info] <0.230.0> Running boot step empty_db_check defined by app rabbit
2024-03-19 14:43:10.089183+00:00 [info] <0.230.0> Will seed default virtual host and user...
2024-03-19 14:43:10.089228+00:00 [info] <0.230.0> Adding vhost '/' (description: 'Default virtual host', tags: [])
2024-03-19 14:43:10.097768+00:00 [info] <0.662.0> Making sure data directory '/var/lib/rabbitmq/mnesia/rabbit@d1ef0b716eb7/msg_stores/vhosts/628WB79CIFDYO9LJI6DKMI09L' for vhost '/' exists
2024-03-19 14:43:10.098866+00:00 [info] <0.662.0> Setting segment_entry_count for vhost '/' with 0 queues to '2048'
2024-03-19 14:43:10.100584+00:00 [info] <0.662.0> Starting message stores for vhost '/'
2024-03-19 14:43:10.100741+00:00 [info] <0.667.0> Message store "628WB79CIFDYO9LJI6DKMI09L/msg_store_transient": using rabbit_msg_store_ets_index to provide index
2024-03-19 14:43:10.101798+00:00 [info] <0.662.0> Started message store of type transient for vhost '/'
2024-03-19 14:43:10.101900+00:00 [info] <0.671.0> Message store "628WB79CIFDYO9LJI6DKMI09L/msg_store_persistent": using rabbit_msg_store_ets_index to provide index
2024-03-19 14:43:10.102316+00:00 [warning] <0.671.0> Message store "628WB79CIFDYO9LJI6DKMI09L/msg_store_persistent": rebuilding indices from scratch
2024-03-19 14:43:10.102880+00:00 [info] <0.662.0> Started message store of type persistent for vhost '/'
2024-03-19 14:43:10.102953+00:00 [info] <0.662.0> Recovering 0 queues of type rabbit_classic_queue took 3ms
2024-03-19 14:43:10.102977+00:00 [info] <0.662.0> Recovering 0 queues of type rabbit_quorum_queue took 0ms
2024-03-19 14:43:10.103005+00:00 [info] <0.662.0> Recovering 0 queues of type rabbit_stream_queue took 0ms
2024-03-19 14:43:10.104566+00:00 [info] <0.230.0> Created user 'excdev_test'
2024-03-19 14:43:10.105351+00:00 [info] <0.230.0> Successfully set user tags for user 'excdev_test' to [administrator]
2024-03-19 14:43:10.106227+00:00 [info] <0.230.0> Successfully set permissions for 'excdev_test' in virtual host '/' to '.*', '.*', '.*'
2024-03-19 14:43:10.106258+00:00 [info] <0.230.0> Running boot step rabbit_observer_cli defined by app rabbit
2024-03-19 14:43:10.106316+00:00 [info] <0.230.0> Running boot step rabbit_looking_glass defined by app rabbit
2024-03-19 14:43:10.106328+00:00 [info] <0.230.0> Running boot step rabbit_core_metrics_gc defined by app rabbit
2024-03-19 14:43:10.106477+00:00 [info] <0.230.0> Running boot step background_gc defined by app rabbit
2024-03-19 14:43:10.106568+00:00 [info] <0.230.0> Running boot step routing_ready defined by app rabbit
2024-03-19 14:43:10.106586+00:00 [info] <0.230.0> Running boot step pre_flight defined by app rabbit
2024-03-19 14:43:10.106609+00:00 [info] <0.230.0> Running boot step notify_cluster defined by app rabbit
2024-03-19 14:43:10.106626+00:00 [info] <0.230.0> Running boot step networking defined by app rabbit
2024-03-19 14:43:10.106659+00:00 [info] <0.230.0> Running boot step definition_import_worker_pool defined by app rabbit
2024-03-19 14:43:10.106694+00:00 [info] <0.288.0> Starting worker pool 'definition_import_pool' with 8 processes in it
2024-03-19 14:43:10.106912+00:00 [info] <0.230.0> Running boot step cluster_name defined by app rabbit
2024-03-19 14:43:10.106958+00:00 [info] <0.230.0> Initialising internal cluster ID to 'rabbitmq-cluster-id-AdX636yMnnEuB8yt38TsXg'
2024-03-19 14:43:10.107604+00:00 [info] <0.230.0> Running boot step direct_client defined by app rabbit
2024-03-19 14:43:10.107656+00:00 [info] <0.230.0> Running boot step rabbit_maintenance_mode_state defined by app rabbit
2024-03-19 14:43:10.107668+00:00 [info] <0.230.0> Creating table rabbit_node_maintenance_states for maintenance mode status
2024-03-19 14:43:10.109401+00:00 [info] <0.713.0> Resetting node maintenance status
2024-03-19 14:43:10.109482+00:00 [info] <0.713.0> Ready to start client connection listeners
2024-03-19 14:43:10.110632+00:00 [info] <0.731.0> started TCP listener on [::]:5672
2024-03-19 14:43:10.174848+00:00 [info] <0.713.0> Server startup complete; 0 plugins started.
2024-03-19 14:43:10.310922+00:00 [info] <0.9.0> Time to start RabbitMQ: 6957035 us
2024-03-19 16:00:00.895963+00:00 [notice] <0.61.0> SIGTERM received - shutting down
2024-03-19 16:00:00.895963+00:00 [notice] <0.61.0> 
2024-03-19 16:00:00.905122+00:00 [info] <0.230.0> Peer discovery backend rabbit_peer_discovery_classic_config does not support registration, skipping unregistration.
2024-03-19 16:00:00.906480+00:00 [info] <0.731.0> stopped TCP listener on [::]:5672
2024-03-19 16:00:00.913525+00:00 [info] <0.792.0> Closing all connections in vhost '/' on node 'rabbit@d1ef0b716eb7' because the vhost is stopping
2024-03-19 16:00:00.914644+00:00 [info] <0.671.0> Stopping message store for directory '/var/lib/rabbitmq/mnesia/rabbit@d1ef0b716eb7/msg_stores/vhosts/628WB79CIFDYO9LJI6DKMI09L/msg_store_persistent'
2024-03-19 16:00:00.923944+00:00 [info] <0.671.0> Message store for directory '/var/lib/rabbitmq/mnesia/rabbit@d1ef0b716eb7/msg_stores/vhosts/628WB79CIFDYO9LJI6DKMI09L/msg_store_persistent' is stopped
2024-03-19 16:00:00.924368+00:00 [info] <0.667.0> Stopping message store for directory '/var/lib/rabbitmq/mnesia/rabbit@d1ef0b716eb7/msg_stores/vhosts/628WB79CIFDYO9LJI6DKMI09L/msg_store_transient'
2024-03-19 16:00:00.931808+00:00 [info] <0.667.0> Message store for directory '/var/lib/rabbitmq/mnesia/rabbit@d1ef0b716eb7/msg_stores/vhosts/628WB79CIFDYO9LJI6DKMI09L/msg_store_transient' is stopped
