2024-03-19 09:55:11.398221+00:00 [notice] <0.230.0> Logging: configured log handlers are now ACTIVE
2024-03-19 09:55:11.527665+00:00 [info] <0.230.0> ra: starting system quorum_queues
2024-03-19 09:55:11.527716+00:00 [info] <0.230.0> starting Ra system: quorum_queues in directory: /var/lib/rabbitmq/mnesia/rabbit@2782d69d851f/quorum/rabbit@2782d69d851f
2024-03-19 09:55:11.568127+00:00 [info] <0.267.0> ra system 'quorum_queues' running pre init for 0 registered servers
2024-03-19 09:55:11.574917+00:00 [info] <0.268.0> ra: meta data store initialised for system quorum_queues. 0 record(s) recovered
2024-03-19 09:55:11.584648+00:00 [notice] <0.273.0> WAL: ra_log_wal init, open tbls: ra_log_open_mem_tables, closed tbls: ra_log_closed_mem_tables
2024-03-19 09:55:11.589814+00:00 [info] <0.230.0> ra: starting system coordination
2024-03-19 09:55:11.589840+00:00 [info] <0.230.0> starting Ra system: coordination in directory: /var/lib/rabbitmq/mnesia/rabbit@2782d69d851f/coordination/rabbit@2782d69d851f
2024-03-19 09:55:11.590775+00:00 [info] <0.280.0> ra system 'coordination' running pre init for 0 registered servers
2024-03-19 09:55:11.591320+00:00 [info] <0.281.0> ra: meta data store initialised for system coordination. 0 record(s) recovered
2024-03-19 09:55:11.591380+00:00 [notice] <0.286.0> WAL: ra_coordination_log_wal init, open tbls: ra_coordination_log_open_mem_tables, closed tbls: ra_coordination_log_closed_mem_tables
2024-03-19 09:55:11.593180+00:00 [info] <0.230.0> 
2024-03-19 09:55:11.593180+00:00 [info] <0.230.0>  Starting RabbitMQ 3.11.28 on Erlang 25.3.2.9 [jit]
2024-03-19 09:55:11.593180+00:00 [info] <0.230.0>  Copyright (c) 2007-2023 Broadcom Inc and/or its subsidiaries
2024-03-19 09:55:11.593180+00:00 [info] <0.230.0>  Licensed under the MPL 2.0. Website: https://rabbitmq.com
2024-03-19 09:55:11.594086+00:00 [info] <0.230.0> 
2024-03-19 09:55:11.594086+00:00 [info] <0.230.0>  node           : rabbit@2782d69d851f
2024-03-19 09:55:11.594086+00:00 [info] <0.230.0>  home dir       : /var/lib/rabbitmq
2024-03-19 09:55:11.594086+00:00 [info] <0.230.0>  config file(s) : (none)
2024-03-19 09:55:11.594086+00:00 [info] <0.230.0>  cookie hash    : IfDIxBDfUqYW9HUNrwiMPg==
2024-03-19 09:55:11.594086+00:00 [info] <0.230.0>  log(s)         : /var/log/rabbitmq/rabbit@2782d69d851f.log
2024-03-19 09:55:11.594086+00:00 [info] <0.230.0>                 : /var/log/rabbitmq/rabbit@2782d69d851f_upgrade.log
2024-03-19 09:55:11.594086+00:00 [info] <0.230.0>                 : <stdout>
2024-03-19 09:55:11.594086+00:00 [info] <0.230.0>  database dir   : /var/lib/rabbitmq/mnesia/rabbit@2782d69d851f
2024-03-19 09:55:13.343124+00:00 [info] <0.230.0> Running boot step pre_boot defined by app rabbit
2024-03-19 09:55:13.343172+00:00 [info] <0.230.0> Running boot step rabbit_global_counters defined by app rabbit
2024-03-19 09:55:13.343385+00:00 [info] <0.230.0> Running boot step rabbit_osiris_metrics defined by app rabbit
2024-03-19 09:55:13.343449+00:00 [info] <0.230.0> Running boot step rabbit_core_metrics defined by app rabbit
2024-03-19 09:55:13.343766+00:00 [info] <0.230.0> Running boot step rabbit_alarm defined by app rabbit
2024-03-19 09:55:13.345965+00:00 [info] <0.298.0> Memory high watermark set to 3176 MiB (3330795110 bytes) of 7941 MiB (8326987776 bytes) total
2024-03-19 09:55:13.347796+00:00 [info] <0.300.0> Enabling free disk space monitoring (disk free space: 38846509056, total memory: 8326987776)
2024-03-19 09:55:13.347833+00:00 [info] <0.300.0> Disk free limit set to 50MB
2024-03-19 09:55:13.348825+00:00 [info] <0.230.0> Running boot step code_server_cache defined by app rabbit
2024-03-19 09:55:13.348873+00:00 [info] <0.230.0> Running boot step file_handle_cache defined by app rabbit
2024-03-19 09:55:13.348983+00:00 [info] <0.303.0> Limiting to approx 1048479 file handles (943629 sockets)
2024-03-19 09:55:13.349038+00:00 [info] <0.304.0> FHC read buffering: OFF
2024-03-19 09:55:13.349052+00:00 [info] <0.304.0> FHC write buffering: ON
2024-03-19 09:55:13.349325+00:00 [info] <0.230.0> Running boot step worker_pool defined by app rabbit
2024-03-19 09:55:13.349357+00:00 [info] <0.288.0> Will use 8 processes for default worker pool
2024-03-19 09:55:13.349373+00:00 [info] <0.288.0> Starting worker pool 'worker_pool' with 8 processes in it
2024-03-19 09:55:13.349580+00:00 [info] <0.230.0> Running boot step database defined by app rabbit
2024-03-19 09:55:13.349769+00:00 [info] <0.230.0> Node database directory at /var/lib/rabbitmq/mnesia/rabbit@2782d69d851f is empty. Assuming we need to join an existing cluster or initialise from scratch...
2024-03-19 09:55:13.349796+00:00 [info] <0.230.0> Configured peer discovery backend: rabbit_peer_discovery_classic_config
2024-03-19 09:55:13.349830+00:00 [info] <0.230.0> Will try to lock with peer discovery backend rabbit_peer_discovery_classic_config
2024-03-19 09:55:13.349882+00:00 [info] <0.230.0> All discovered existing cluster peers:
2024-03-19 09:55:13.349891+00:00 [info] <0.230.0> Discovered no peer nodes to cluster with. Some discovery backends can filter nodes out based on a readiness criteria. Enabling debug logging might help troubleshoot.
2024-03-19 09:55:13.351113+00:00 [notice] <0.44.0> Application mnesia exited with reason: stopped
2024-03-19 09:55:13.391569+00:00 [info] <0.230.0> Waiting for Mnesia tables for 30000 ms, 9 retries left
2024-03-19 09:55:13.391671+00:00 [info] <0.230.0> Successfully synced tables from a peer
2024-03-19 09:55:13.395905+00:00 [info] <0.230.0> Feature flags: `feature_flags_v2`: supported, attempt to enable...
2024-03-19 09:55:13.409453+00:00 [notice] <0.289.0> Feature flags: attempt to enable `classic_mirrored_queue_version`...
2024-03-19 09:55:13.424391+00:00 [notice] <0.289.0> Feature flags: `classic_mirrored_queue_version` enabled
2024-03-19 09:55:13.424743+00:00 [notice] <0.289.0> Feature flags: attempt to enable `classic_queue_type_delivery_support`...
2024-03-19 09:55:13.431578+00:00 [notice] <0.289.0> Feature flags: attempt to enable `stream_queue`...
2024-03-19 09:55:13.445487+00:00 [notice] <0.289.0> Feature flags: `stream_queue` enabled
2024-03-19 09:55:13.451925+00:00 [notice] <0.289.0> Feature flags: `classic_queue_type_delivery_support` enabled
2024-03-19 09:55:13.452248+00:00 [notice] <0.289.0> Feature flags: attempt to enable `direct_exchange_routing_v2`...
2024-03-19 09:55:13.458481+00:00 [info] <0.501.0> Waiting for Mnesia tables for 30000 ms, 9 retries left
2024-03-19 09:55:13.458584+00:00 [info] <0.501.0> Successfully synced tables from a peer
2024-03-19 09:55:13.469070+00:00 [notice] <0.289.0> Feature flags: `direct_exchange_routing_v2` enabled
2024-03-19 09:55:13.469576+00:00 [notice] <0.289.0> Feature flags: attempt to enable `listener_records_in_ets`...
2024-03-19 09:55:13.491712+00:00 [notice] <0.289.0> Feature flags: `listener_records_in_ets` enabled
2024-03-19 09:55:13.492330+00:00 [notice] <0.289.0> Feature flags: attempt to enable `stream_sac_coordinator_unblock_group`...
2024-03-19 09:55:13.498638+00:00 [notice] <0.289.0> Feature flags: attempt to enable `stream_single_active_consumer`...
2024-03-19 09:55:13.511862+00:00 [notice] <0.289.0> Feature flags: `stream_single_active_consumer` enabled
2024-03-19 09:55:13.518889+00:00 [notice] <0.289.0> Feature flags: `stream_sac_coordinator_unblock_group` enabled
2024-03-19 09:55:13.519396+00:00 [notice] <0.289.0> Feature flags: attempt to enable `tracking_records_in_ets`...
2024-03-19 09:55:13.532547+00:00 [notice] <0.289.0> Feature flags: `tracking_records_in_ets` enabled
2024-03-19 09:55:13.533027+00:00 [info] <0.230.0> Waiting for Mnesia tables for 30000 ms, 9 retries left
2024-03-19 09:55:13.533103+00:00 [info] <0.230.0> Successfully synced tables from a peer
2024-03-19 09:55:13.538985+00:00 [info] <0.230.0> Waiting for Mnesia tables for 30000 ms, 9 retries left
2024-03-19 09:55:13.539049+00:00 [info] <0.230.0> Successfully synced tables from a peer
2024-03-19 09:55:13.539061+00:00 [info] <0.230.0> Peer discovery backend rabbit_peer_discovery_classic_config does not support registration, skipping registration.
2024-03-19 09:55:13.539083+00:00 [info] <0.230.0> Will try to unlock with peer discovery backend rabbit_peer_discovery_classic_config
2024-03-19 09:55:13.539148+00:00 [info] <0.230.0> Running boot step tracking_metadata_store defined by app rabbit
2024-03-19 09:55:13.539217+00:00 [info] <0.612.0> Setting up a table for connection tracking on this node: tracked_connection
2024-03-19 09:55:13.539252+00:00 [info] <0.612.0> Setting up a table for per-vhost connection counting on this node: tracked_connection_per_vhost
2024-03-19 09:55:13.539310+00:00 [info] <0.612.0> Setting up a table for per-user connection counting on this node: tracked_connection_per_user
2024-03-19 09:55:13.539332+00:00 [info] <0.612.0> Setting up a table for channel tracking on this node: tracked_channel
2024-03-19 09:55:13.539374+00:00 [info] <0.612.0> Setting up a table for channel tracking on this node: tracked_channel_per_user
2024-03-19 09:55:13.539399+00:00 [info] <0.230.0> Running boot step networking_metadata_store defined by app rabbit
2024-03-19 09:55:13.539461+00:00 [info] <0.230.0> Running boot step database_sync defined by app rabbit
2024-03-19 09:55:13.539500+00:00 [info] <0.230.0> Running boot step feature_flags defined by app rabbit
2024-03-19 09:55:13.539570+00:00 [info] <0.230.0> Running boot step codec_correctness_check defined by app rabbit
2024-03-19 09:55:13.539590+00:00 [info] <0.230.0> Running boot step external_infrastructure defined by app rabbit
2024-03-19 09:55:13.539601+00:00 [info] <0.230.0> Running boot step rabbit_event defined by app rabbit
2024-03-19 09:55:13.539651+00:00 [info] <0.230.0> Running boot step rabbit_registry defined by app rabbit
2024-03-19 09:55:13.539675+00:00 [info] <0.230.0> Running boot step rabbit_auth_mechanism_amqplain defined by app rabbit
2024-03-19 09:55:13.539698+00:00 [info] <0.230.0> Running boot step rabbit_auth_mechanism_cr_demo defined by app rabbit
2024-03-19 09:55:13.539727+00:00 [info] <0.230.0> Running boot step rabbit_auth_mechanism_plain defined by app rabbit
2024-03-19 09:55:13.539767+00:00 [info] <0.230.0> Running boot step rabbit_exchange_type_direct defined by app rabbit
2024-03-19 09:55:13.539787+00:00 [info] <0.230.0> Running boot step rabbit_exchange_type_fanout defined by app rabbit
2024-03-19 09:55:13.539830+00:00 [info] <0.230.0> Running boot step rabbit_exchange_type_headers defined by app rabbit
2024-03-19 09:55:13.539848+00:00 [info] <0.230.0> Running boot step rabbit_exchange_type_topic defined by app rabbit
2024-03-19 09:55:13.539876+00:00 [info] <0.230.0> Running boot step rabbit_mirror_queue_mode_all defined by app rabbit
2024-03-19 09:55:13.539891+00:00 [info] <0.230.0> Running boot step rabbit_mirror_queue_mode_exactly defined by app rabbit
2024-03-19 09:55:13.539925+00:00 [info] <0.230.0> Running boot step rabbit_mirror_queue_mode_nodes defined by app rabbit
2024-03-19 09:55:13.539951+00:00 [info] <0.230.0> Running boot step rabbit_priority_queue defined by app rabbit
2024-03-19 09:55:13.539969+00:00 [info] <0.230.0> Priority queues enabled, real BQ is rabbit_variable_queue
2024-03-19 09:55:13.540004+00:00 [info] <0.230.0> Running boot step rabbit_queue_location_client_local defined by app rabbit
2024-03-19 09:55:13.540032+00:00 [info] <0.230.0> Running boot step rabbit_queue_location_min_masters defined by app rabbit
2024-03-19 09:55:13.540055+00:00 [info] <0.230.0> Running boot step rabbit_queue_location_random defined by app rabbit
2024-03-19 09:55:13.540077+00:00 [info] <0.230.0> Running boot step kernel_ready defined by app rabbit
2024-03-19 09:55:13.540086+00:00 [info] <0.230.0> Running boot step rabbit_sysmon_minder defined by app rabbit
2024-03-19 09:55:13.540162+00:00 [info] <0.230.0> Running boot step rabbit_epmd_monitor defined by app rabbit
2024-03-19 09:55:13.540639+00:00 [info] <0.621.0> epmd monitor knows us, inter-node communication (distribution) port: 25672
2024-03-19 09:55:13.540684+00:00 [info] <0.230.0> Running boot step guid_generator defined by app rabbit
2024-03-19 09:55:13.541676+00:00 [info] <0.230.0> Running boot step rabbit_node_monitor defined by app rabbit
2024-03-19 09:55:13.541758+00:00 [info] <0.625.0> Starting rabbit_node_monitor (in ignore mode)
2024-03-19 09:55:13.541804+00:00 [info] <0.230.0> Running boot step delegate_sup defined by app rabbit
2024-03-19 09:55:13.542055+00:00 [info] <0.230.0> Running boot step rabbit_memory_monitor defined by app rabbit
2024-03-19 09:55:13.542122+00:00 [info] <0.230.0> Running boot step rabbit_fifo_dlx_sup defined by app rabbit
2024-03-19 09:55:13.542198+00:00 [info] <0.230.0> Running boot step core_initialized defined by app rabbit
2024-03-19 09:55:13.542210+00:00 [info] <0.230.0> Running boot step upgrade_queues defined by app rabbit
2024-03-19 09:55:13.545361+00:00 [info] <0.230.0> message_store upgrades: 1 to apply
2024-03-19 09:55:13.545436+00:00 [info] <0.230.0> message_store upgrades: Applying rabbit_variable_queue:move_messages_to_vhost_store
2024-03-19 09:55:13.545519+00:00 [info] <0.230.0> message_store upgrades: No durable queues found. Skipping message store migration
2024-03-19 09:55:13.545543+00:00 [info] <0.230.0> message_store upgrades: Removing the old message store data
2024-03-19 09:55:13.545911+00:00 [info] <0.230.0> message_store upgrades: All upgrades applied successfully
2024-03-19 09:55:13.549833+00:00 [info] <0.230.0> Running boot step channel_tracking defined by app rabbit
2024-03-19 09:55:13.549860+00:00 [info] <0.230.0> Running boot step rabbit_channel_tracking_handler defined by app rabbit
2024-03-19 09:55:13.549911+00:00 [info] <0.230.0> Running boot step connection_tracking defined by app rabbit
2024-03-19 09:55:13.549922+00:00 [info] <0.230.0> Running boot step rabbit_connection_tracking_handler defined by app rabbit
2024-03-19 09:55:13.549965+00:00 [info] <0.230.0> Running boot step rabbit_definitions_hashing defined by app rabbit
2024-03-19 09:55:13.549997+00:00 [info] <0.230.0> Running boot step rabbit_exchange_parameters defined by app rabbit
2024-03-19 09:55:13.550031+00:00 [info] <0.230.0> Running boot step rabbit_mirror_queue_misc defined by app rabbit
2024-03-19 09:55:13.550253+00:00 [info] <0.230.0> Running boot step rabbit_policies defined by app rabbit
2024-03-19 09:55:13.550396+00:00 [info] <0.230.0> Running boot step rabbit_policy defined by app rabbit
2024-03-19 09:55:13.550420+00:00 [info] <0.230.0> Running boot step rabbit_queue_location_validator defined by app rabbit
2024-03-19 09:55:13.550440+00:00 [info] <0.230.0> Running boot step rabbit_quorum_memory_manager defined by app rabbit
2024-03-19 09:55:13.550461+00:00 [info] <0.230.0> Running boot step rabbit_stream_coordinator defined by app rabbit
2024-03-19 09:55:13.550534+00:00 [info] <0.230.0> Running boot step rabbit_vhost_limit defined by app rabbit
2024-03-19 09:55:13.550565+00:00 [info] <0.230.0> Running boot step recovery defined by app rabbit
2024-03-19 09:55:13.551118+00:00 [info] <0.230.0> Running boot step empty_db_check defined by app rabbit
2024-03-19 09:55:13.551139+00:00 [info] <0.230.0> Will seed default virtual host and user...
2024-03-19 09:55:13.551172+00:00 [info] <0.230.0> Adding vhost '/' (description: 'Default virtual host', tags: [])
2024-03-19 09:55:13.556093+00:00 [info] <0.662.0> Making sure data directory '/var/lib/rabbitmq/mnesia/rabbit@2782d69d851f/msg_stores/vhosts/628WB79CIFDYO9LJI6DKMI09L' for vhost '/' exists
2024-03-19 09:55:13.556626+00:00 [info] <0.662.0> Setting segment_entry_count for vhost '/' with 0 queues to '2048'
2024-03-19 09:55:13.557917+00:00 [info] <0.662.0> Starting message stores for vhost '/'
2024-03-19 09:55:13.558021+00:00 [info] <0.667.0> Message store "628WB79CIFDYO9LJI6DKMI09L/msg_store_transient": using rabbit_msg_store_ets_index to provide index
2024-03-19 09:55:13.558755+00:00 [info] <0.662.0> Started message store of type transient for vhost '/'
2024-03-19 09:55:13.558895+00:00 [info] <0.671.0> Message store "628WB79CIFDYO9LJI6DKMI09L/msg_store_persistent": using rabbit_msg_store_ets_index to provide index
2024-03-19 09:55:13.559290+00:00 [warning] <0.671.0> Message store "628WB79CIFDYO9LJI6DKMI09L/msg_store_persistent": rebuilding indices from scratch
2024-03-19 09:55:13.559684+00:00 [info] <0.662.0> Started message store of type persistent for vhost '/'
2024-03-19 09:55:13.559750+00:00 [info] <0.662.0> Recovering 0 queues of type rabbit_classic_queue took 2ms
2024-03-19 09:55:13.559769+00:00 [info] <0.662.0> Recovering 0 queues of type rabbit_quorum_queue took 0ms
2024-03-19 09:55:13.559793+00:00 [info] <0.662.0> Recovering 0 queues of type rabbit_stream_queue took 0ms
2024-03-19 09:55:13.561145+00:00 [info] <0.230.0> Created user 'excdev_test'
2024-03-19 09:55:13.561603+00:00 [info] <0.230.0> Successfully set user tags for user 'excdev_test' to [administrator]
2024-03-19 09:55:13.562015+00:00 [info] <0.230.0> Successfully set permissions for 'excdev_test' in virtual host '/' to '.*', '.*', '.*'
2024-03-19 09:55:13.562047+00:00 [info] <0.230.0> Running boot step rabbit_observer_cli defined by app rabbit
2024-03-19 09:55:13.562086+00:00 [info] <0.230.0> Running boot step rabbit_looking_glass defined by app rabbit
2024-03-19 09:55:13.562098+00:00 [info] <0.230.0> Running boot step rabbit_core_metrics_gc defined by app rabbit
2024-03-19 09:55:13.562177+00:00 [info] <0.230.0> Running boot step background_gc defined by app rabbit
2024-03-19 09:55:13.562265+00:00 [info] <0.230.0> Running boot step routing_ready defined by app rabbit
2024-03-19 09:55:13.562275+00:00 [info] <0.230.0> Running boot step pre_flight defined by app rabbit
2024-03-19 09:55:13.562306+00:00 [info] <0.230.0> Running boot step notify_cluster defined by app rabbit
2024-03-19 09:55:13.562336+00:00 [info] <0.230.0> Running boot step networking defined by app rabbit
2024-03-19 09:55:13.562388+00:00 [info] <0.230.0> Running boot step definition_import_worker_pool defined by app rabbit
2024-03-19 09:55:13.562427+00:00 [info] <0.288.0> Starting worker pool 'definition_import_pool' with 8 processes in it
2024-03-19 09:55:13.562574+00:00 [info] <0.230.0> Running boot step cluster_name defined by app rabbit
2024-03-19 09:55:13.562604+00:00 [info] <0.230.0> Initialising internal cluster ID to 'rabbitmq-cluster-id-DdUVcGfUG53OyYRPfQ-xmg'
2024-03-19 09:55:13.563150+00:00 [info] <0.230.0> Running boot step direct_client defined by app rabbit
2024-03-19 09:55:13.563195+00:00 [info] <0.230.0> Running boot step rabbit_maintenance_mode_state defined by app rabbit
2024-03-19 09:55:13.563207+00:00 [info] <0.230.0> Creating table rabbit_node_maintenance_states for maintenance mode status
2024-03-19 09:55:13.564603+00:00 [info] <0.713.0> Resetting node maintenance status
2024-03-19 09:55:13.564646+00:00 [info] <0.713.0> Ready to start client connection listeners
2024-03-19 09:55:13.565636+00:00 [info] <0.731.0> started TCP listener on [::]:5672
2024-03-19 09:55:13.631993+00:00 [info] <0.713.0> Server startup complete; 0 plugins started.
2024-03-19 09:55:13.767075+00:00 [info] <0.9.0> Time to start RabbitMQ: 4037954 us
2024-03-19 13:56:16.068702+00:00 [notice] <0.61.0> SIGTERM received - shutting down
2024-03-19 13:56:16.068702+00:00 [notice] <0.61.0> 
2024-03-19 13:56:16.074623+00:00 [info] <0.230.0> Peer discovery backend rabbit_peer_discovery_classic_config does not support registration, skipping unregistration.
2024-03-19 13:56:16.075672+00:00 [info] <0.731.0> stopped TCP listener on [::]:5672
2024-03-19 13:56:16.079965+00:00 [info] <0.787.0> Closing all connections in vhost '/' on node 'rabbit@2782d69d851f' because the vhost is stopping
2024-03-19 13:56:16.080572+00:00 [info] <0.671.0> Stopping message store for directory '/var/lib/rabbitmq/mnesia/rabbit@2782d69d851f/msg_stores/vhosts/628WB79CIFDYO9LJI6DKMI09L/msg_store_persistent'
2024-03-19 13:56:16.098636+00:00 [info] <0.671.0> Message store for directory '/var/lib/rabbitmq/mnesia/rabbit@2782d69d851f/msg_stores/vhosts/628WB79CIFDYO9LJI6DKMI09L/msg_store_persistent' is stopped
2024-03-19 13:56:16.100108+00:00 [info] <0.667.0> Stopping message store for directory '/var/lib/rabbitmq/mnesia/rabbit@2782d69d851f/msg_stores/vhosts/628WB79CIFDYO9LJI6DKMI09L/msg_store_transient'
2024-03-19 13:56:16.121903+00:00 [info] <0.667.0> Message store for directory '/var/lib/rabbitmq/mnesia/rabbit@2782d69d851f/msg_stores/vhosts/628WB79CIFDYO9LJI6DKMI09L/msg_store_transient' is stopped
