2024-03-19 16:00:22.703139+00:00 [notice] <0.230.0> Logging: configured log handlers are now ACTIVE
2024-03-19 16:00:22.899482+00:00 [info] <0.230.0> ra: starting system quorum_queues
2024-03-19 16:00:22.899544+00:00 [info] <0.230.0> starting Ra system: quorum_queues in directory: /var/lib/rabbitmq/mnesia/rabbit@1d213570169e/quorum/rabbit@1d213570169e
2024-03-19 16:00:22.955038+00:00 [info] <0.267.0> ra system 'quorum_queues' running pre init for 0 registered servers
2024-03-19 16:00:22.964219+00:00 [info] <0.268.0> ra: meta data store initialised for system quorum_queues. 0 record(s) recovered
2024-03-19 16:00:22.981246+00:00 [notice] <0.273.0> WAL: ra_log_wal init, open tbls: ra_log_open_mem_tables, closed tbls: ra_log_closed_mem_tables
2024-03-19 16:00:22.987123+00:00 [info] <0.230.0> ra: starting system coordination
2024-03-19 16:00:22.987168+00:00 [info] <0.230.0> starting Ra system: coordination in directory: /var/lib/rabbitmq/mnesia/rabbit@1d213570169e/coordination/rabbit@1d213570169e
2024-03-19 16:00:22.988213+00:00 [info] <0.280.0> ra system 'coordination' running pre init for 0 registered servers
2024-03-19 16:00:22.988723+00:00 [info] <0.281.0> ra: meta data store initialised for system coordination. 0 record(s) recovered
2024-03-19 16:00:22.988810+00:00 [notice] <0.286.0> WAL: ra_coordination_log_wal init, open tbls: ra_coordination_log_open_mem_tables, closed tbls: ra_coordination_log_closed_mem_tables
2024-03-19 16:00:22.991219+00:00 [info] <0.230.0> 
2024-03-19 16:00:22.991219+00:00 [info] <0.230.0>  Starting RabbitMQ 3.11.28 on Erlang 25.3.2.9 [jit]
2024-03-19 16:00:22.991219+00:00 [info] <0.230.0>  Copyright (c) 2007-2023 Broadcom Inc and/or its subsidiaries
2024-03-19 16:00:22.991219+00:00 [info] <0.230.0>  Licensed under the MPL 2.0. Website: https://rabbitmq.com
2024-03-19 16:00:22.992388+00:00 [info] <0.230.0> 
2024-03-19 16:00:22.992388+00:00 [info] <0.230.0>  node           : rabbit@1d213570169e
2024-03-19 16:00:22.992388+00:00 [info] <0.230.0>  home dir       : /var/lib/rabbitmq
2024-03-19 16:00:22.992388+00:00 [info] <0.230.0>  config file(s) : (none)
2024-03-19 16:00:22.992388+00:00 [info] <0.230.0>  cookie hash    : lVq28C3N5j1WuXISevC1Yg==
2024-03-19 16:00:22.992388+00:00 [info] <0.230.0>  log(s)         : /var/log/rabbitmq/rabbit@1d213570169e.log
2024-03-19 16:00:22.992388+00:00 [info] <0.230.0>                 : /var/log/rabbitmq/rabbit@1d213570169e_upgrade.log
2024-03-19 16:00:22.992388+00:00 [info] <0.230.0>                 : <stdout>
2024-03-19 16:00:22.992388+00:00 [info] <0.230.0>  database dir   : /var/lib/rabbitmq/mnesia/rabbit@1d213570169e
2024-03-19 16:00:25.187907+00:00 [info] <0.230.0> Running boot step pre_boot defined by app rabbit
2024-03-19 16:00:25.187955+00:00 [info] <0.230.0> Running boot step rabbit_global_counters defined by app rabbit
2024-03-19 16:00:25.188165+00:00 [info] <0.230.0> Running boot step rabbit_osiris_metrics defined by app rabbit
2024-03-19 16:00:25.188225+00:00 [info] <0.230.0> Running boot step rabbit_core_metrics defined by app rabbit
2024-03-19 16:00:25.188521+00:00 [info] <0.230.0> Running boot step rabbit_alarm defined by app rabbit
2024-03-19 16:00:25.191014+00:00 [info] <0.298.0> Memory high watermark set to 3176 MiB (3330795110 bytes) of 7941 MiB (8326987776 bytes) total
2024-03-19 16:00:25.193164+00:00 [info] <0.300.0> Enabling free disk space monitoring (disk free space: 38564970496, total memory: 8326987776)
2024-03-19 16:00:25.193193+00:00 [info] <0.300.0> Disk free limit set to 50MB
2024-03-19 16:00:25.194447+00:00 [info] <0.230.0> Running boot step code_server_cache defined by app rabbit
2024-03-19 16:00:25.194523+00:00 [info] <0.230.0> Running boot step file_handle_cache defined by app rabbit
2024-03-19 16:00:25.194654+00:00 [info] <0.303.0> Limiting to approx 1048479 file handles (943629 sockets)
2024-03-19 16:00:25.194708+00:00 [info] <0.304.0> FHC read buffering: OFF
2024-03-19 16:00:25.194722+00:00 [info] <0.304.0> FHC write buffering: ON
2024-03-19 16:00:25.195009+00:00 [info] <0.230.0> Running boot step worker_pool defined by app rabbit
2024-03-19 16:00:25.195049+00:00 [info] <0.288.0> Will use 8 processes for default worker pool
2024-03-19 16:00:25.195067+00:00 [info] <0.288.0> Starting worker pool 'worker_pool' with 8 processes in it
2024-03-19 16:00:25.195281+00:00 [info] <0.230.0> Running boot step database defined by app rabbit
2024-03-19 16:00:25.195462+00:00 [info] <0.230.0> Node database directory at /var/lib/rabbitmq/mnesia/rabbit@1d213570169e is empty. Assuming we need to join an existing cluster or initialise from scratch...
2024-03-19 16:00:25.195489+00:00 [info] <0.230.0> Configured peer discovery backend: rabbit_peer_discovery_classic_config
2024-03-19 16:00:25.195514+00:00 [info] <0.230.0> Will try to lock with peer discovery backend rabbit_peer_discovery_classic_config
2024-03-19 16:00:25.195554+00:00 [info] <0.230.0> All discovered existing cluster peers:
2024-03-19 16:00:25.195564+00:00 [info] <0.230.0> Discovered no peer nodes to cluster with. Some discovery backends can filter nodes out based on a readiness criteria. Enabling debug logging might help troubleshoot.
2024-03-19 16:00:25.196766+00:00 [notice] <0.44.0> Application mnesia exited with reason: stopped
2024-03-19 16:00:25.240891+00:00 [info] <0.230.0> Waiting for Mnesia tables for 30000 ms, 9 retries left
2024-03-19 16:00:25.240985+00:00 [info] <0.230.0> Successfully synced tables from a peer
2024-03-19 16:00:25.245246+00:00 [info] <0.230.0> Feature flags: `feature_flags_v2`: supported, attempt to enable...
2024-03-19 16:00:25.259812+00:00 [notice] <0.289.0> Feature flags: attempt to enable `classic_mirrored_queue_version`...
2024-03-19 16:00:25.275740+00:00 [notice] <0.289.0> Feature flags: `classic_mirrored_queue_version` enabled
2024-03-19 16:00:25.276091+00:00 [notice] <0.289.0> Feature flags: attempt to enable `classic_queue_type_delivery_support`...
2024-03-19 16:00:25.283148+00:00 [notice] <0.289.0> Feature flags: attempt to enable `stream_queue`...
2024-03-19 16:00:25.298628+00:00 [notice] <0.289.0> Feature flags: `stream_queue` enabled
2024-03-19 16:00:25.307508+00:00 [notice] <0.289.0> Feature flags: `classic_queue_type_delivery_support` enabled
2024-03-19 16:00:25.307823+00:00 [notice] <0.289.0> Feature flags: attempt to enable `direct_exchange_routing_v2`...
2024-03-19 16:00:25.317144+00:00 [info] <0.501.0> Waiting for Mnesia tables for 30000 ms, 9 retries left
2024-03-19 16:00:25.317223+00:00 [info] <0.501.0> Successfully synced tables from a peer
2024-03-19 16:00:25.327574+00:00 [notice] <0.289.0> Feature flags: `direct_exchange_routing_v2` enabled
2024-03-19 16:00:25.328118+00:00 [notice] <0.289.0> Feature flags: attempt to enable `listener_records_in_ets`...
2024-03-19 16:00:25.353280+00:00 [notice] <0.289.0> Feature flags: `listener_records_in_ets` enabled
2024-03-19 16:00:25.353685+00:00 [notice] <0.289.0> Feature flags: attempt to enable `stream_sac_coordinator_unblock_group`...
2024-03-19 16:00:25.362155+00:00 [notice] <0.289.0> Feature flags: attempt to enable `stream_single_active_consumer`...
2024-03-19 16:00:25.378190+00:00 [notice] <0.289.0> Feature flags: `stream_single_active_consumer` enabled
2024-03-19 16:00:25.386060+00:00 [notice] <0.289.0> Feature flags: `stream_sac_coordinator_unblock_group` enabled
2024-03-19 16:00:25.386494+00:00 [notice] <0.289.0> Feature flags: attempt to enable `tracking_records_in_ets`...
2024-03-19 16:00:25.401436+00:00 [notice] <0.289.0> Feature flags: `tracking_records_in_ets` enabled
2024-03-19 16:00:25.402065+00:00 [info] <0.230.0> Waiting for Mnesia tables for 30000 ms, 9 retries left
2024-03-19 16:00:25.402165+00:00 [info] <0.230.0> Successfully synced tables from a peer
2024-03-19 16:00:25.409015+00:00 [info] <0.230.0> Waiting for Mnesia tables for 30000 ms, 9 retries left
2024-03-19 16:00:25.409103+00:00 [info] <0.230.0> Successfully synced tables from a peer
2024-03-19 16:00:25.409115+00:00 [info] <0.230.0> Peer discovery backend rabbit_peer_discovery_classic_config does not support registration, skipping registration.
2024-03-19 16:00:25.409155+00:00 [info] <0.230.0> Will try to unlock with peer discovery backend rabbit_peer_discovery_classic_config
2024-03-19 16:00:25.409204+00:00 [info] <0.230.0> Running boot step tracking_metadata_store defined by app rabbit
2024-03-19 16:00:25.409251+00:00 [info] <0.612.0> Setting up a table for connection tracking on this node: tracked_connection
2024-03-19 16:00:25.409281+00:00 [info] <0.612.0> Setting up a table for per-vhost connection counting on this node: tracked_connection_per_vhost
2024-03-19 16:00:25.409317+00:00 [info] <0.612.0> Setting up a table for per-user connection counting on this node: tracked_connection_per_user
2024-03-19 16:00:25.409338+00:00 [info] <0.612.0> Setting up a table for channel tracking on this node: tracked_channel
2024-03-19 16:00:25.409372+00:00 [info] <0.612.0> Setting up a table for channel tracking on this node: tracked_channel_per_user
2024-03-19 16:00:25.409417+00:00 [info] <0.230.0> Running boot step networking_metadata_store defined by app rabbit
2024-03-19 16:00:25.409496+00:00 [info] <0.230.0> Running boot step database_sync defined by app rabbit
2024-03-19 16:00:25.409528+00:00 [info] <0.230.0> Running boot step feature_flags defined by app rabbit
2024-03-19 16:00:25.409568+00:00 [info] <0.230.0> Running boot step codec_correctness_check defined by app rabbit
2024-03-19 16:00:25.409585+00:00 [info] <0.230.0> Running boot step external_infrastructure defined by app rabbit
2024-03-19 16:00:25.409650+00:00 [info] <0.230.0> Running boot step rabbit_event defined by app rabbit
2024-03-19 16:00:25.409840+00:00 [info] <0.230.0> Running boot step rabbit_registry defined by app rabbit
2024-03-19 16:00:25.409911+00:00 [info] <0.230.0> Running boot step rabbit_auth_mechanism_amqplain defined by app rabbit
2024-03-19 16:00:25.409963+00:00 [info] <0.230.0> Running boot step rabbit_auth_mechanism_cr_demo defined by app rabbit
2024-03-19 16:00:25.410007+00:00 [info] <0.230.0> Running boot step rabbit_auth_mechanism_plain defined by app rabbit
2024-03-19 16:00:25.410043+00:00 [info] <0.230.0> Running boot step rabbit_exchange_type_direct defined by app rabbit
2024-03-19 16:00:25.410071+00:00 [info] <0.230.0> Running boot step rabbit_exchange_type_fanout defined by app rabbit
2024-03-19 16:00:25.410100+00:00 [info] <0.230.0> Running boot step rabbit_exchange_type_headers defined by app rabbit
2024-03-19 16:00:25.410131+00:00 [info] <0.230.0> Running boot step rabbit_exchange_type_topic defined by app rabbit
2024-03-19 16:00:25.410165+00:00 [info] <0.230.0> Running boot step rabbit_mirror_queue_mode_all defined by app rabbit
2024-03-19 16:00:25.410201+00:00 [info] <0.230.0> Running boot step rabbit_mirror_queue_mode_exactly defined by app rabbit
2024-03-19 16:00:25.410239+00:00 [info] <0.230.0> Running boot step rabbit_mirror_queue_mode_nodes defined by app rabbit
2024-03-19 16:00:25.410272+00:00 [info] <0.230.0> Running boot step rabbit_priority_queue defined by app rabbit
2024-03-19 16:00:25.410285+00:00 [info] <0.230.0> Priority queues enabled, real BQ is rabbit_variable_queue
2024-03-19 16:00:25.410349+00:00 [info] <0.230.0> Running boot step rabbit_queue_location_client_local defined by app rabbit
2024-03-19 16:00:25.410406+00:00 [info] <0.230.0> Running boot step rabbit_queue_location_min_masters defined by app rabbit
2024-03-19 16:00:25.410466+00:00 [info] <0.230.0> Running boot step rabbit_queue_location_random defined by app rabbit
2024-03-19 16:00:25.410493+00:00 [info] <0.230.0> Running boot step kernel_ready defined by app rabbit
2024-03-19 16:00:25.410520+00:00 [info] <0.230.0> Running boot step rabbit_sysmon_minder defined by app rabbit
2024-03-19 16:00:25.410603+00:00 [info] <0.230.0> Running boot step rabbit_epmd_monitor defined by app rabbit
2024-03-19 16:00:25.411276+00:00 [info] <0.621.0> epmd monitor knows us, inter-node communication (distribution) port: 25672
2024-03-19 16:00:25.411337+00:00 [info] <0.230.0> Running boot step guid_generator defined by app rabbit
2024-03-19 16:00:25.412391+00:00 [info] <0.230.0> Running boot step rabbit_node_monitor defined by app rabbit
2024-03-19 16:00:25.412507+00:00 [info] <0.625.0> Starting rabbit_node_monitor (in ignore mode)
2024-03-19 16:00:25.412602+00:00 [info] <0.230.0> Running boot step delegate_sup defined by app rabbit
2024-03-19 16:00:25.412859+00:00 [info] <0.230.0> Running boot step rabbit_memory_monitor defined by app rabbit
2024-03-19 16:00:25.412988+00:00 [info] <0.230.0> Running boot step rabbit_fifo_dlx_sup defined by app rabbit
2024-03-19 16:00:25.413053+00:00 [info] <0.230.0> Running boot step core_initialized defined by app rabbit
2024-03-19 16:00:25.413077+00:00 [info] <0.230.0> Running boot step upgrade_queues defined by app rabbit
2024-03-19 16:00:25.416611+00:00 [info] <0.230.0> message_store upgrades: 1 to apply
2024-03-19 16:00:25.416681+00:00 [info] <0.230.0> message_store upgrades: Applying rabbit_variable_queue:move_messages_to_vhost_store
2024-03-19 16:00:25.416783+00:00 [info] <0.230.0> message_store upgrades: No durable queues found. Skipping message store migration
2024-03-19 16:00:25.416804+00:00 [info] <0.230.0> message_store upgrades: Removing the old message store data
2024-03-19 16:00:25.417238+00:00 [info] <0.230.0> message_store upgrades: All upgrades applied successfully
2024-03-19 16:00:25.421202+00:00 [info] <0.230.0> Running boot step channel_tracking defined by app rabbit
2024-03-19 16:00:25.421240+00:00 [info] <0.230.0> Running boot step rabbit_channel_tracking_handler defined by app rabbit
2024-03-19 16:00:25.421305+00:00 [info] <0.230.0> Running boot step connection_tracking defined by app rabbit
2024-03-19 16:00:25.421319+00:00 [info] <0.230.0> Running boot step rabbit_connection_tracking_handler defined by app rabbit
2024-03-19 16:00:25.421351+00:00 [info] <0.230.0> Running boot step rabbit_definitions_hashing defined by app rabbit
2024-03-19 16:00:25.421393+00:00 [info] <0.230.0> Running boot step rabbit_exchange_parameters defined by app rabbit
2024-03-19 16:00:25.421448+00:00 [info] <0.230.0> Running boot step rabbit_mirror_queue_misc defined by app rabbit
2024-03-19 16:00:25.421612+00:00 [info] <0.230.0> Running boot step rabbit_policies defined by app rabbit
2024-03-19 16:00:25.421734+00:00 [info] <0.230.0> Running boot step rabbit_policy defined by app rabbit
2024-03-19 16:00:25.421758+00:00 [info] <0.230.0> Running boot step rabbit_queue_location_validator defined by app rabbit
2024-03-19 16:00:25.421790+00:00 [info] <0.230.0> Running boot step rabbit_quorum_memory_manager defined by app rabbit
2024-03-19 16:00:25.421812+00:00 [info] <0.230.0> Running boot step rabbit_stream_coordinator defined by app rabbit
2024-03-19 16:00:25.421909+00:00 [info] <0.230.0> Running boot step rabbit_vhost_limit defined by app rabbit
2024-03-19 16:00:25.421966+00:00 [info] <0.230.0> Running boot step recovery defined by app rabbit
2024-03-19 16:00:25.422651+00:00 [info] <0.230.0> Running boot step empty_db_check defined by app rabbit
2024-03-19 16:00:25.422679+00:00 [info] <0.230.0> Will seed default virtual host and user...
2024-03-19 16:00:25.422712+00:00 [info] <0.230.0> Adding vhost '/' (description: 'Default virtual host', tags: [])
2024-03-19 16:00:25.429445+00:00 [info] <0.662.0> Making sure data directory '/var/lib/rabbitmq/mnesia/rabbit@1d213570169e/msg_stores/vhosts/628WB79CIFDYO9LJI6DKMI09L' for vhost '/' exists
2024-03-19 16:00:25.430186+00:00 [info] <0.662.0> Setting segment_entry_count for vhost '/' with 0 queues to '2048'
2024-03-19 16:00:25.431714+00:00 [info] <0.662.0> Starting message stores for vhost '/'
2024-03-19 16:00:25.431865+00:00 [info] <0.667.0> Message store "628WB79CIFDYO9LJI6DKMI09L/msg_store_transient": using rabbit_msg_store_ets_index to provide index
2024-03-19 16:00:25.432642+00:00 [info] <0.662.0> Started message store of type transient for vhost '/'
2024-03-19 16:00:25.432786+00:00 [info] <0.671.0> Message store "628WB79CIFDYO9LJI6DKMI09L/msg_store_persistent": using rabbit_msg_store_ets_index to provide index
2024-03-19 16:00:25.433228+00:00 [warning] <0.671.0> Message store "628WB79CIFDYO9LJI6DKMI09L/msg_store_persistent": rebuilding indices from scratch
2024-03-19 16:00:25.433698+00:00 [info] <0.662.0> Started message store of type persistent for vhost '/'
2024-03-19 16:00:25.433808+00:00 [info] <0.662.0> Recovering 0 queues of type rabbit_classic_queue took 3ms
2024-03-19 16:00:25.433823+00:00 [info] <0.662.0> Recovering 0 queues of type rabbit_quorum_queue took 0ms
2024-03-19 16:00:25.433866+00:00 [info] <0.662.0> Recovering 0 queues of type rabbit_stream_queue took 0ms
2024-03-19 16:00:25.435526+00:00 [info] <0.230.0> Created user 'excdev_test'
2024-03-19 16:00:25.436390+00:00 [info] <0.230.0> Successfully set user tags for user 'excdev_test' to [administrator]
2024-03-19 16:00:25.440316+00:00 [info] <0.230.0> Successfully set permissions for 'excdev_test' in virtual host '/' to '.*', '.*', '.*'
2024-03-19 16:00:25.440377+00:00 [info] <0.230.0> Running boot step rabbit_observer_cli defined by app rabbit
2024-03-19 16:00:25.440452+00:00 [info] <0.230.0> Running boot step rabbit_looking_glass defined by app rabbit
2024-03-19 16:00:25.440469+00:00 [info] <0.230.0> Running boot step rabbit_core_metrics_gc defined by app rabbit
2024-03-19 16:00:25.440583+00:00 [info] <0.230.0> Running boot step background_gc defined by app rabbit
2024-03-19 16:00:25.440654+00:00 [info] <0.230.0> Running boot step routing_ready defined by app rabbit
2024-03-19 16:00:25.440667+00:00 [info] <0.230.0> Running boot step pre_flight defined by app rabbit
2024-03-19 16:00:25.440682+00:00 [info] <0.230.0> Running boot step notify_cluster defined by app rabbit
2024-03-19 16:00:25.440717+00:00 [info] <0.230.0> Running boot step networking defined by app rabbit
2024-03-19 16:00:25.440773+00:00 [info] <0.230.0> Running boot step definition_import_worker_pool defined by app rabbit
2024-03-19 16:00:25.440807+00:00 [info] <0.288.0> Starting worker pool 'definition_import_pool' with 8 processes in it
2024-03-19 16:00:25.441025+00:00 [info] <0.230.0> Running boot step cluster_name defined by app rabbit
2024-03-19 16:00:25.441065+00:00 [info] <0.230.0> Initialising internal cluster ID to 'rabbitmq-cluster-id-UXXuklG7hYG0HWjW2_QdAw'
2024-03-19 16:00:25.442229+00:00 [info] <0.230.0> Running boot step direct_client defined by app rabbit
2024-03-19 16:00:25.442310+00:00 [info] <0.230.0> Running boot step rabbit_maintenance_mode_state defined by app rabbit
2024-03-19 16:00:25.442323+00:00 [info] <0.230.0> Creating table rabbit_node_maintenance_states for maintenance mode status
2024-03-19 16:00:25.444164+00:00 [info] <0.713.0> Resetting node maintenance status
2024-03-19 16:00:25.444286+00:00 [info] <0.713.0> Ready to start client connection listeners
2024-03-19 16:00:25.445515+00:00 [info] <0.731.0> started TCP listener on [::]:5672
2024-03-19 16:00:25.533776+00:00 [info] <0.713.0> Server startup complete; 0 plugins started.
2024-03-19 16:00:25.646091+00:00 [info] <0.9.0> Time to start RabbitMQ: 5992800 us
2024-03-19 17:34:43.117863+00:00 [notice] <0.61.0> SIGTERM received - shutting down
2024-03-19 17:34:43.117863+00:00 [notice] <0.61.0> 
2024-03-19 17:34:43.122441+00:00 [info] <0.230.0> Peer discovery backend rabbit_peer_discovery_classic_config does not support registration, skipping unregistration.
2024-03-19 17:34:43.123485+00:00 [info] <0.731.0> stopped TCP listener on [::]:5672
2024-03-19 17:34:43.128533+00:00 [info] <0.820.0> Closing all connections in vhost '/' on node 'rabbit@1d213570169e' because the vhost is stopping
2024-03-19 17:34:43.130644+00:00 [info] <0.671.0> Stopping message store for directory '/var/lib/rabbitmq/mnesia/rabbit@1d213570169e/msg_stores/vhosts/628WB79CIFDYO9LJI6DKMI09L/msg_store_persistent'
2024-03-19 17:34:43.146756+00:00 [info] <0.671.0> Message store for directory '/var/lib/rabbitmq/mnesia/rabbit@1d213570169e/msg_stores/vhosts/628WB79CIFDYO9LJI6DKMI09L/msg_store_persistent' is stopped
2024-03-19 17:34:43.147187+00:00 [info] <0.667.0> Stopping message store for directory '/var/lib/rabbitmq/mnesia/rabbit@1d213570169e/msg_stores/vhosts/628WB79CIFDYO9LJI6DKMI09L/msg_store_transient'
2024-03-19 17:34:43.152482+00:00 [info] <0.667.0> Message store for directory '/var/lib/rabbitmq/mnesia/rabbit@1d213570169e/msg_stores/vhosts/628WB79CIFDYO9LJI6DKMI09L/msg_store_transient' is stopped
