2024-03-19 19:14:21.821463+00:00 [notice] <0.230.0> Logging: configured log handlers are now ACTIVE
2024-03-19 19:14:22.001258+00:00 [info] <0.230.0> ra: starting system quorum_queues
2024-03-19 19:14:22.001327+00:00 [info] <0.230.0> starting Ra system: quorum_queues in directory: /var/lib/rabbitmq/mnesia/rabbit@5fdcbed0f4d8/quorum/rabbit@5fdcbed0f4d8
2024-03-19 19:14:22.077787+00:00 [info] <0.267.0> ra system 'quorum_queues' running pre init for 0 registered servers
2024-03-19 19:14:22.087642+00:00 [info] <0.268.0> ra: meta data store initialised for system quorum_queues. 0 record(s) recovered
2024-03-19 19:14:22.102714+00:00 [notice] <0.273.0> WAL: ra_log_wal init, open tbls: ra_log_open_mem_tables, closed tbls: ra_log_closed_mem_tables
2024-03-19 19:14:22.109248+00:00 [info] <0.230.0> ra: starting system coordination
2024-03-19 19:14:22.109276+00:00 [info] <0.230.0> starting Ra system: coordination in directory: /var/lib/rabbitmq/mnesia/rabbit@5fdcbed0f4d8/coordination/rabbit@5fdcbed0f4d8
2024-03-19 19:14:22.110274+00:00 [info] <0.280.0> ra system 'coordination' running pre init for 0 registered servers
2024-03-19 19:14:22.111069+00:00 [info] <0.281.0> ra: meta data store initialised for system coordination. 0 record(s) recovered
2024-03-19 19:14:22.111147+00:00 [notice] <0.286.0> WAL: ra_coordination_log_wal init, open tbls: ra_coordination_log_open_mem_tables, closed tbls: ra_coordination_log_closed_mem_tables
2024-03-19 19:14:22.114580+00:00 [info] <0.230.0> 
2024-03-19 19:14:22.114580+00:00 [info] <0.230.0>  Starting RabbitMQ 3.11.28 on Erlang 25.3.2.9 [jit]
2024-03-19 19:14:22.114580+00:00 [info] <0.230.0>  Copyright (c) 2007-2023 Broadcom Inc and/or its subsidiaries
2024-03-19 19:14:22.114580+00:00 [info] <0.230.0>  Licensed under the MPL 2.0. Website: https://rabbitmq.com
2024-03-19 19:14:22.115925+00:00 [info] <0.230.0> 
2024-03-19 19:14:22.115925+00:00 [info] <0.230.0>  node           : rabbit@5fdcbed0f4d8
2024-03-19 19:14:22.115925+00:00 [info] <0.230.0>  home dir       : /var/lib/rabbitmq
2024-03-19 19:14:22.115925+00:00 [info] <0.230.0>  config file(s) : (none)
2024-03-19 19:14:22.115925+00:00 [info] <0.230.0>  cookie hash    : 2KK6RDU270viB9m7aRBtng==
2024-03-19 19:14:22.115925+00:00 [info] <0.230.0>  log(s)         : /var/log/rabbitmq/rabbit@5fdcbed0f4d8.log
2024-03-19 19:14:22.115925+00:00 [info] <0.230.0>                 : /var/log/rabbitmq/rabbit@5fdcbed0f4d8_upgrade.log
2024-03-19 19:14:22.115925+00:00 [info] <0.230.0>                 : <stdout>
2024-03-19 19:14:22.115925+00:00 [info] <0.230.0>  database dir   : /var/lib/rabbitmq/mnesia/rabbit@5fdcbed0f4d8
2024-03-19 19:14:24.872882+00:00 [info] <0.230.0> Running boot step pre_boot defined by app rabbit
2024-03-19 19:14:24.872930+00:00 [info] <0.230.0> Running boot step rabbit_global_counters defined by app rabbit
2024-03-19 19:14:24.873109+00:00 [info] <0.230.0> Running boot step rabbit_osiris_metrics defined by app rabbit
2024-03-19 19:14:24.873167+00:00 [info] <0.230.0> Running boot step rabbit_core_metrics defined by app rabbit
2024-03-19 19:14:24.873459+00:00 [info] <0.230.0> Running boot step rabbit_alarm defined by app rabbit
2024-03-19 19:14:24.876945+00:00 [info] <0.298.0> Memory high watermark set to 3176 MiB (3330795110 bytes) of 7941 MiB (8326987776 bytes) total
2024-03-19 19:14:24.880017+00:00 [info] <0.300.0> Enabling free disk space monitoring (disk free space: 38564151296, total memory: 8326987776)
2024-03-19 19:14:24.880054+00:00 [info] <0.300.0> Disk free limit set to 50MB
2024-03-19 19:14:24.881919+00:00 [info] <0.230.0> Running boot step code_server_cache defined by app rabbit
2024-03-19 19:14:24.881977+00:00 [info] <0.230.0> Running boot step file_handle_cache defined by app rabbit
2024-03-19 19:14:24.882110+00:00 [info] <0.303.0> Limiting to approx 1048479 file handles (943629 sockets)
2024-03-19 19:14:24.882171+00:00 [info] <0.304.0> FHC read buffering: OFF
2024-03-19 19:14:24.882185+00:00 [info] <0.304.0> FHC write buffering: ON
2024-03-19 19:14:24.882637+00:00 [info] <0.230.0> Running boot step worker_pool defined by app rabbit
2024-03-19 19:14:24.882681+00:00 [info] <0.288.0> Will use 8 processes for default worker pool
2024-03-19 19:14:24.882704+00:00 [info] <0.288.0> Starting worker pool 'worker_pool' with 8 processes in it
2024-03-19 19:14:24.882994+00:00 [info] <0.230.0> Running boot step database defined by app rabbit
2024-03-19 19:14:24.883402+00:00 [info] <0.230.0> Node database directory at /var/lib/rabbitmq/mnesia/rabbit@5fdcbed0f4d8 is empty. Assuming we need to join an existing cluster or initialise from scratch...
2024-03-19 19:14:24.883437+00:00 [info] <0.230.0> Configured peer discovery backend: rabbit_peer_discovery_classic_config
2024-03-19 19:14:24.883472+00:00 [info] <0.230.0> Will try to lock with peer discovery backend rabbit_peer_discovery_classic_config
2024-03-19 19:14:24.883517+00:00 [info] <0.230.0> All discovered existing cluster peers:
2024-03-19 19:14:24.883528+00:00 [info] <0.230.0> Discovered no peer nodes to cluster with. Some discovery backends can filter nodes out based on a readiness criteria. Enabling debug logging might help troubleshoot.
2024-03-19 19:14:24.885927+00:00 [notice] <0.44.0> Application mnesia exited with reason: stopped
2024-03-19 19:14:24.942795+00:00 [info] <0.230.0> Waiting for Mnesia tables for 30000 ms, 9 retries left
2024-03-19 19:14:24.942896+00:00 [info] <0.230.0> Successfully synced tables from a peer
2024-03-19 19:14:24.947391+00:00 [info] <0.230.0> Feature flags: `feature_flags_v2`: supported, attempt to enable...
2024-03-19 19:14:24.961208+00:00 [notice] <0.289.0> Feature flags: attempt to enable `classic_mirrored_queue_version`...
2024-03-19 19:14:24.976169+00:00 [notice] <0.289.0> Feature flags: `classic_mirrored_queue_version` enabled
2024-03-19 19:14:24.976427+00:00 [notice] <0.289.0> Feature flags: attempt to enable `classic_queue_type_delivery_support`...
2024-03-19 19:14:24.982679+00:00 [notice] <0.289.0> Feature flags: attempt to enable `stream_queue`...
2024-03-19 19:14:24.996350+00:00 [notice] <0.289.0> Feature flags: `stream_queue` enabled
2024-03-19 19:14:25.003602+00:00 [notice] <0.289.0> Feature flags: `classic_queue_type_delivery_support` enabled
2024-03-19 19:14:25.003998+00:00 [notice] <0.289.0> Feature flags: attempt to enable `direct_exchange_routing_v2`...
2024-03-19 19:14:25.010493+00:00 [info] <0.501.0> Waiting for Mnesia tables for 30000 ms, 9 retries left
2024-03-19 19:14:25.010592+00:00 [info] <0.501.0> Successfully synced tables from a peer
2024-03-19 19:14:25.020598+00:00 [notice] <0.289.0> Feature flags: `direct_exchange_routing_v2` enabled
2024-03-19 19:14:25.021000+00:00 [notice] <0.289.0> Feature flags: attempt to enable `listener_records_in_ets`...
2024-03-19 19:14:25.042682+00:00 [notice] <0.289.0> Feature flags: `listener_records_in_ets` enabled
2024-03-19 19:14:25.043175+00:00 [notice] <0.289.0> Feature flags: attempt to enable `stream_sac_coordinator_unblock_group`...
2024-03-19 19:14:25.049380+00:00 [notice] <0.289.0> Feature flags: attempt to enable `stream_single_active_consumer`...
2024-03-19 19:14:25.062275+00:00 [notice] <0.289.0> Feature flags: `stream_single_active_consumer` enabled
2024-03-19 19:14:25.070489+00:00 [notice] <0.289.0> Feature flags: `stream_sac_coordinator_unblock_group` enabled
2024-03-19 19:14:25.070920+00:00 [notice] <0.289.0> Feature flags: attempt to enable `tracking_records_in_ets`...
2024-03-19 19:14:25.085012+00:00 [notice] <0.289.0> Feature flags: `tracking_records_in_ets` enabled
2024-03-19 19:14:25.085398+00:00 [info] <0.230.0> Waiting for Mnesia tables for 30000 ms, 9 retries left
2024-03-19 19:14:25.085448+00:00 [info] <0.230.0> Successfully synced tables from a peer
2024-03-19 19:14:25.090550+00:00 [info] <0.230.0> Waiting for Mnesia tables for 30000 ms, 9 retries left
2024-03-19 19:14:25.090625+00:00 [info] <0.230.0> Successfully synced tables from a peer
2024-03-19 19:14:25.090646+00:00 [info] <0.230.0> Peer discovery backend rabbit_peer_discovery_classic_config does not support registration, skipping registration.
2024-03-19 19:14:25.090685+00:00 [info] <0.230.0> Will try to unlock with peer discovery backend rabbit_peer_discovery_classic_config
2024-03-19 19:14:25.090740+00:00 [info] <0.230.0> Running boot step tracking_metadata_store defined by app rabbit
2024-03-19 19:14:25.090801+00:00 [info] <0.612.0> Setting up a table for connection tracking on this node: tracked_connection
2024-03-19 19:14:25.090835+00:00 [info] <0.612.0> Setting up a table for per-vhost connection counting on this node: tracked_connection_per_vhost
2024-03-19 19:14:25.090869+00:00 [info] <0.612.0> Setting up a table for per-user connection counting on this node: tracked_connection_per_user
2024-03-19 19:14:25.090885+00:00 [info] <0.612.0> Setting up a table for channel tracking on this node: tracked_channel
2024-03-19 19:14:25.090913+00:00 [info] <0.612.0> Setting up a table for channel tracking on this node: tracked_channel_per_user
2024-03-19 19:14:25.090981+00:00 [info] <0.230.0> Running boot step networking_metadata_store defined by app rabbit
2024-03-19 19:14:25.091079+00:00 [info] <0.230.0> Running boot step database_sync defined by app rabbit
2024-03-19 19:14:25.091127+00:00 [info] <0.230.0> Running boot step feature_flags defined by app rabbit
2024-03-19 19:14:25.091187+00:00 [info] <0.230.0> Running boot step codec_correctness_check defined by app rabbit
2024-03-19 19:14:25.091214+00:00 [info] <0.230.0> Running boot step external_infrastructure defined by app rabbit
2024-03-19 19:14:25.091230+00:00 [info] <0.230.0> Running boot step rabbit_event defined by app rabbit
2024-03-19 19:14:25.091357+00:00 [info] <0.230.0> Running boot step rabbit_registry defined by app rabbit
2024-03-19 19:14:25.091398+00:00 [info] <0.230.0> Running boot step rabbit_auth_mechanism_amqplain defined by app rabbit
2024-03-19 19:14:25.091441+00:00 [info] <0.230.0> Running boot step rabbit_auth_mechanism_cr_demo defined by app rabbit
2024-03-19 19:14:25.091467+00:00 [info] <0.230.0> Running boot step rabbit_auth_mechanism_plain defined by app rabbit
2024-03-19 19:14:25.091499+00:00 [info] <0.230.0> Running boot step rabbit_exchange_type_direct defined by app rabbit
2024-03-19 19:14:25.091517+00:00 [info] <0.230.0> Running boot step rabbit_exchange_type_fanout defined by app rabbit
2024-03-19 19:14:25.091542+00:00 [info] <0.230.0> Running boot step rabbit_exchange_type_headers defined by app rabbit
2024-03-19 19:14:25.091573+00:00 [info] <0.230.0> Running boot step rabbit_exchange_type_topic defined by app rabbit
2024-03-19 19:14:25.091614+00:00 [info] <0.230.0> Running boot step rabbit_mirror_queue_mode_all defined by app rabbit
2024-03-19 19:14:25.091635+00:00 [info] <0.230.0> Running boot step rabbit_mirror_queue_mode_exactly defined by app rabbit
2024-03-19 19:14:25.091667+00:00 [info] <0.230.0> Running boot step rabbit_mirror_queue_mode_nodes defined by app rabbit
2024-03-19 19:14:25.091683+00:00 [info] <0.230.0> Running boot step rabbit_priority_queue defined by app rabbit
2024-03-19 19:14:25.091695+00:00 [info] <0.230.0> Priority queues enabled, real BQ is rabbit_variable_queue
2024-03-19 19:14:25.091735+00:00 [info] <0.230.0> Running boot step rabbit_queue_location_client_local defined by app rabbit
2024-03-19 19:14:25.091767+00:00 [info] <0.230.0> Running boot step rabbit_queue_location_min_masters defined by app rabbit
2024-03-19 19:14:25.091796+00:00 [info] <0.230.0> Running boot step rabbit_queue_location_random defined by app rabbit
2024-03-19 19:14:25.091818+00:00 [info] <0.230.0> Running boot step kernel_ready defined by app rabbit
2024-03-19 19:14:25.091827+00:00 [info] <0.230.0> Running boot step rabbit_sysmon_minder defined by app rabbit
2024-03-19 19:14:25.091900+00:00 [info] <0.230.0> Running boot step rabbit_epmd_monitor defined by app rabbit
2024-03-19 19:14:25.092423+00:00 [info] <0.621.0> epmd monitor knows us, inter-node communication (distribution) port: 25672
2024-03-19 19:14:25.092474+00:00 [info] <0.230.0> Running boot step guid_generator defined by app rabbit
2024-03-19 19:14:25.093207+00:00 [info] <0.230.0> Running boot step rabbit_node_monitor defined by app rabbit
2024-03-19 19:14:25.093318+00:00 [info] <0.625.0> Starting rabbit_node_monitor (in ignore mode)
2024-03-19 19:14:25.093390+00:00 [info] <0.230.0> Running boot step delegate_sup defined by app rabbit
2024-03-19 19:14:25.093631+00:00 [info] <0.230.0> Running boot step rabbit_memory_monitor defined by app rabbit
2024-03-19 19:14:25.093721+00:00 [info] <0.230.0> Running boot step rabbit_fifo_dlx_sup defined by app rabbit
2024-03-19 19:14:25.093765+00:00 [info] <0.230.0> Running boot step core_initialized defined by app rabbit
2024-03-19 19:14:25.093783+00:00 [info] <0.230.0> Running boot step upgrade_queues defined by app rabbit
2024-03-19 19:14:25.096535+00:00 [info] <0.230.0> message_store upgrades: 1 to apply
2024-03-19 19:14:25.096588+00:00 [info] <0.230.0> message_store upgrades: Applying rabbit_variable_queue:move_messages_to_vhost_store
2024-03-19 19:14:25.096666+00:00 [info] <0.230.0> message_store upgrades: No durable queues found. Skipping message store migration
2024-03-19 19:14:25.096682+00:00 [info] <0.230.0> message_store upgrades: Removing the old message store data
2024-03-19 19:14:25.097036+00:00 [info] <0.230.0> message_store upgrades: All upgrades applied successfully
2024-03-19 19:14:25.100275+00:00 [info] <0.230.0> Running boot step channel_tracking defined by app rabbit
2024-03-19 19:14:25.100297+00:00 [info] <0.230.0> Running boot step rabbit_channel_tracking_handler defined by app rabbit
2024-03-19 19:14:25.100337+00:00 [info] <0.230.0> Running boot step connection_tracking defined by app rabbit
2024-03-19 19:14:25.100348+00:00 [info] <0.230.0> Running boot step rabbit_connection_tracking_handler defined by app rabbit
2024-03-19 19:14:25.100394+00:00 [info] <0.230.0> Running boot step rabbit_definitions_hashing defined by app rabbit
2024-03-19 19:14:25.100416+00:00 [info] <0.230.0> Running boot step rabbit_exchange_parameters defined by app rabbit
2024-03-19 19:14:25.100457+00:00 [info] <0.230.0> Running boot step rabbit_mirror_queue_misc defined by app rabbit
2024-03-19 19:14:25.100577+00:00 [info] <0.230.0> Running boot step rabbit_policies defined by app rabbit
2024-03-19 19:14:25.100726+00:00 [info] <0.230.0> Running boot step rabbit_policy defined by app rabbit
2024-03-19 19:14:25.100752+00:00 [info] <0.230.0> Running boot step rabbit_queue_location_validator defined by app rabbit
2024-03-19 19:14:25.100777+00:00 [info] <0.230.0> Running boot step rabbit_quorum_memory_manager defined by app rabbit
2024-03-19 19:14:25.100798+00:00 [info] <0.230.0> Running boot step rabbit_stream_coordinator defined by app rabbit
2024-03-19 19:14:25.100863+00:00 [info] <0.230.0> Running boot step rabbit_vhost_limit defined by app rabbit
2024-03-19 19:14:25.100883+00:00 [info] <0.230.0> Running boot step recovery defined by app rabbit
2024-03-19 19:14:25.101315+00:00 [info] <0.230.0> Running boot step empty_db_check defined by app rabbit
2024-03-19 19:14:25.101337+00:00 [info] <0.230.0> Will seed default virtual host and user...
2024-03-19 19:14:25.101407+00:00 [info] <0.230.0> Adding vhost '/' (description: 'Default virtual host', tags: [])
2024-03-19 19:14:25.106344+00:00 [info] <0.662.0> Making sure data directory '/var/lib/rabbitmq/mnesia/rabbit@5fdcbed0f4d8/msg_stores/vhosts/628WB79CIFDYO9LJI6DKMI09L' for vhost '/' exists
2024-03-19 19:14:25.106801+00:00 [info] <0.662.0> Setting segment_entry_count for vhost '/' with 0 queues to '2048'
2024-03-19 19:14:25.108058+00:00 [info] <0.662.0> Starting message stores for vhost '/'
2024-03-19 19:14:25.108164+00:00 [info] <0.667.0> Message store "628WB79CIFDYO9LJI6DKMI09L/msg_store_transient": using rabbit_msg_store_ets_index to provide index
2024-03-19 19:14:25.108706+00:00 [info] <0.662.0> Started message store of type transient for vhost '/'
2024-03-19 19:14:25.108784+00:00 [info] <0.671.0> Message store "628WB79CIFDYO9LJI6DKMI09L/msg_store_persistent": using rabbit_msg_store_ets_index to provide index
2024-03-19 19:14:25.109092+00:00 [warning] <0.671.0> Message store "628WB79CIFDYO9LJI6DKMI09L/msg_store_persistent": rebuilding indices from scratch
2024-03-19 19:14:25.109390+00:00 [info] <0.662.0> Started message store of type persistent for vhost '/'
2024-03-19 19:14:25.109437+00:00 [info] <0.662.0> Recovering 0 queues of type rabbit_classic_queue took 2ms
2024-03-19 19:14:25.109452+00:00 [info] <0.662.0> Recovering 0 queues of type rabbit_quorum_queue took 0ms
2024-03-19 19:14:25.109475+00:00 [info] <0.662.0> Recovering 0 queues of type rabbit_stream_queue took 0ms
2024-03-19 19:14:25.110455+00:00 [info] <0.230.0> Created user 'excdev_test'
2024-03-19 19:14:25.110930+00:00 [info] <0.230.0> Successfully set user tags for user 'excdev_test' to [administrator]
2024-03-19 19:14:25.111292+00:00 [info] <0.230.0> Successfully set permissions for 'excdev_test' in virtual host '/' to '.*', '.*', '.*'
2024-03-19 19:14:25.111318+00:00 [info] <0.230.0> Running boot step rabbit_observer_cli defined by app rabbit
2024-03-19 19:14:25.111367+00:00 [info] <0.230.0> Running boot step rabbit_looking_glass defined by app rabbit
2024-03-19 19:14:25.111379+00:00 [info] <0.230.0> Running boot step rabbit_core_metrics_gc defined by app rabbit
2024-03-19 19:14:25.111453+00:00 [info] <0.230.0> Running boot step background_gc defined by app rabbit
2024-03-19 19:14:25.111518+00:00 [info] <0.230.0> Running boot step routing_ready defined by app rabbit
2024-03-19 19:14:25.111527+00:00 [info] <0.230.0> Running boot step pre_flight defined by app rabbit
2024-03-19 19:14:25.111554+00:00 [info] <0.230.0> Running boot step notify_cluster defined by app rabbit
2024-03-19 19:14:25.111590+00:00 [info] <0.230.0> Running boot step networking defined by app rabbit
2024-03-19 19:14:25.111648+00:00 [info] <0.230.0> Running boot step definition_import_worker_pool defined by app rabbit
2024-03-19 19:14:25.111688+00:00 [info] <0.288.0> Starting worker pool 'definition_import_pool' with 8 processes in it
2024-03-19 19:14:25.111865+00:00 [info] <0.230.0> Running boot step cluster_name defined by app rabbit
2024-03-19 19:14:25.111905+00:00 [info] <0.230.0> Initialising internal cluster ID to 'rabbitmq-cluster-id-4Xj4Lz0wC9tJSxk26xqUeg'
2024-03-19 19:14:25.112532+00:00 [info] <0.230.0> Running boot step direct_client defined by app rabbit
2024-03-19 19:14:25.112587+00:00 [info] <0.230.0> Running boot step rabbit_maintenance_mode_state defined by app rabbit
2024-03-19 19:14:25.112609+00:00 [info] <0.230.0> Creating table rabbit_node_maintenance_states for maintenance mode status
2024-03-19 19:14:25.114333+00:00 [info] <0.713.0> Resetting node maintenance status
2024-03-19 19:14:25.114394+00:00 [info] <0.713.0> Ready to start client connection listeners
2024-03-19 19:14:25.115325+00:00 [info] <0.731.0> started TCP listener on [::]:5672
2024-03-19 19:14:25.189774+00:00 [info] <0.713.0> Server startup complete; 0 plugins started.
2024-03-19 19:14:25.315248+00:00 [info] <0.9.0> Time to start RabbitMQ: 6139434 us
2024-03-19 19:34:43.825403+00:00 [notice] <0.61.0> SIGTERM received - shutting down
2024-03-19 19:34:43.825403+00:00 [notice] <0.61.0> 
2024-03-19 19:34:43.831720+00:00 [info] <0.230.0> Peer discovery backend rabbit_peer_discovery_classic_config does not support registration, skipping unregistration.
2024-03-19 19:34:43.832700+00:00 [info] <0.731.0> stopped TCP listener on [::]:5672
2024-03-19 19:34:43.855912+00:00 [info] <0.765.0> Closing all connections in vhost '/' on node 'rabbit@5fdcbed0f4d8' because the vhost is stopping
2024-03-19 19:34:43.856682+00:00 [info] <0.671.0> Stopping message store for directory '/var/lib/rabbitmq/mnesia/rabbit@5fdcbed0f4d8/msg_stores/vhosts/628WB79CIFDYO9LJI6DKMI09L/msg_store_persistent'
2024-03-19 19:34:43.867579+00:00 [info] <0.671.0> Message store for directory '/var/lib/rabbitmq/mnesia/rabbit@5fdcbed0f4d8/msg_stores/vhosts/628WB79CIFDYO9LJI6DKMI09L/msg_store_persistent' is stopped
2024-03-19 19:34:43.867864+00:00 [info] <0.667.0> Stopping message store for directory '/var/lib/rabbitmq/mnesia/rabbit@5fdcbed0f4d8/msg_stores/vhosts/628WB79CIFDYO9LJI6DKMI09L/msg_store_transient'
2024-03-19 19:34:43.873019+00:00 [info] <0.667.0> Message store for directory '/var/lib/rabbitmq/mnesia/rabbit@5fdcbed0f4d8/msg_stores/vhosts/628WB79CIFDYO9LJI6DKMI09L/msg_store_transient' is stopped
