2024-03-19 09:34:33.127692+00:00 [notice] <0.230.0> Logging: configured log handlers are now ACTIVE
2024-03-19 09:34:33.253628+00:00 [info] <0.230.0> ra: starting system quorum_queues
2024-03-19 09:34:33.253676+00:00 [info] <0.230.0> starting Ra system: quorum_queues in directory: /var/lib/rabbitmq/mnesia/rabbit@821ae1421cc2/quorum/rabbit@821ae1421cc2
2024-03-19 09:34:33.293685+00:00 [info] <0.267.0> ra system 'quorum_queues' running pre init for 0 registered servers
2024-03-19 09:34:33.300854+00:00 [info] <0.268.0> ra: meta data store initialised for system quorum_queues. 0 record(s) recovered
2024-03-19 09:34:33.310320+00:00 [notice] <0.273.0> WAL: ra_log_wal init, open tbls: ra_log_open_mem_tables, closed tbls: ra_log_closed_mem_tables
2024-03-19 09:34:33.316125+00:00 [info] <0.230.0> ra: starting system coordination
2024-03-19 09:34:33.316151+00:00 [info] <0.230.0> starting Ra system: coordination in directory: /var/lib/rabbitmq/mnesia/rabbit@821ae1421cc2/coordination/rabbit@821ae1421cc2
2024-03-19 09:34:33.316733+00:00 [info] <0.280.0> ra system 'coordination' running pre init for 0 registered servers
2024-03-19 09:34:33.317092+00:00 [info] <0.281.0> ra: meta data store initialised for system coordination. 0 record(s) recovered
2024-03-19 09:34:33.317153+00:00 [notice] <0.286.0> WAL: ra_coordination_log_wal init, open tbls: ra_coordination_log_open_mem_tables, closed tbls: ra_coordination_log_closed_mem_tables
2024-03-19 09:34:33.318295+00:00 [info] <0.230.0> 
2024-03-19 09:34:33.318295+00:00 [info] <0.230.0>  Starting RabbitMQ 3.11.28 on Erlang 25.3.2.9 [jit]
2024-03-19 09:34:33.318295+00:00 [info] <0.230.0>  Copyright (c) 2007-2023 Broadcom Inc and/or its subsidiaries
2024-03-19 09:34:33.318295+00:00 [info] <0.230.0>  Licensed under the MPL 2.0. Website: https://rabbitmq.com
2024-03-19 09:34:33.318872+00:00 [info] <0.230.0> 
2024-03-19 09:34:33.318872+00:00 [info] <0.230.0>  node           : rabbit@821ae1421cc2
2024-03-19 09:34:33.318872+00:00 [info] <0.230.0>  home dir       : /var/lib/rabbitmq
2024-03-19 09:34:33.318872+00:00 [info] <0.230.0>  config file(s) : (none)
2024-03-19 09:34:33.318872+00:00 [info] <0.230.0>  cookie hash    : B+4k207iFm91E/1o0NsDLA==
2024-03-19 09:34:33.318872+00:00 [info] <0.230.0>  log(s)         : /var/log/rabbitmq/rabbit@821ae1421cc2.log
2024-03-19 09:34:33.318872+00:00 [info] <0.230.0>                 : /var/log/rabbitmq/rabbit@821ae1421cc2_upgrade.log
2024-03-19 09:34:33.318872+00:00 [info] <0.230.0>                 : <stdout>
2024-03-19 09:34:33.318872+00:00 [info] <0.230.0>  database dir   : /var/lib/rabbitmq/mnesia/rabbit@821ae1421cc2
2024-03-19 09:34:35.184161+00:00 [info] <0.230.0> Running boot step pre_boot defined by app rabbit
2024-03-19 09:34:35.184228+00:00 [info] <0.230.0> Running boot step rabbit_global_counters defined by app rabbit
2024-03-19 09:34:35.184483+00:00 [info] <0.230.0> Running boot step rabbit_osiris_metrics defined by app rabbit
2024-03-19 09:34:35.184600+00:00 [info] <0.230.0> Running boot step rabbit_core_metrics defined by app rabbit
2024-03-19 09:34:35.184865+00:00 [info] <0.230.0> Running boot step rabbit_alarm defined by app rabbit
2024-03-19 09:34:35.186958+00:00 [info] <0.298.0> Memory high watermark set to 3176 MiB (3330795110 bytes) of 7941 MiB (8326987776 bytes) total
2024-03-19 09:34:35.188681+00:00 [info] <0.300.0> Enabling free disk space monitoring (disk free space: 38847569920, total memory: 8326987776)
2024-03-19 09:34:35.188708+00:00 [info] <0.300.0> Disk free limit set to 50MB
2024-03-19 09:34:35.189615+00:00 [info] <0.230.0> Running boot step code_server_cache defined by app rabbit
2024-03-19 09:34:35.189663+00:00 [info] <0.230.0> Running boot step file_handle_cache defined by app rabbit
2024-03-19 09:34:35.189770+00:00 [info] <0.303.0> Limiting to approx 1048479 file handles (943629 sockets)
2024-03-19 09:34:35.189820+00:00 [info] <0.304.0> FHC read buffering: OFF
2024-03-19 09:34:35.189846+00:00 [info] <0.304.0> FHC write buffering: ON
2024-03-19 09:34:35.190106+00:00 [info] <0.230.0> Running boot step worker_pool defined by app rabbit
2024-03-19 09:34:35.190137+00:00 [info] <0.288.0> Will use 8 processes for default worker pool
2024-03-19 09:34:35.190153+00:00 [info] <0.288.0> Starting worker pool 'worker_pool' with 8 processes in it
2024-03-19 09:34:35.190386+00:00 [info] <0.230.0> Running boot step database defined by app rabbit
2024-03-19 09:34:35.190589+00:00 [info] <0.230.0> Node database directory at /var/lib/rabbitmq/mnesia/rabbit@821ae1421cc2 is empty. Assuming we need to join an existing cluster or initialise from scratch...
2024-03-19 09:34:35.190622+00:00 [info] <0.230.0> Configured peer discovery backend: rabbit_peer_discovery_classic_config
2024-03-19 09:34:35.190648+00:00 [info] <0.230.0> Will try to lock with peer discovery backend rabbit_peer_discovery_classic_config
2024-03-19 09:34:35.190694+00:00 [info] <0.230.0> All discovered existing cluster peers:
2024-03-19 09:34:35.190704+00:00 [info] <0.230.0> Discovered no peer nodes to cluster with. Some discovery backends can filter nodes out based on a readiness criteria. Enabling debug logging might help troubleshoot.
2024-03-19 09:34:35.192455+00:00 [notice] <0.44.0> Application mnesia exited with reason: stopped
2024-03-19 09:34:35.230680+00:00 [info] <0.230.0> Waiting for Mnesia tables for 30000 ms, 9 retries left
2024-03-19 09:34:35.230779+00:00 [info] <0.230.0> Successfully synced tables from a peer
2024-03-19 09:34:35.235029+00:00 [info] <0.230.0> Feature flags: `feature_flags_v2`: supported, attempt to enable...
2024-03-19 09:34:35.248100+00:00 [notice] <0.289.0> Feature flags: attempt to enable `classic_mirrored_queue_version`...
2024-03-19 09:34:35.260266+00:00 [notice] <0.289.0> Feature flags: `classic_mirrored_queue_version` enabled
2024-03-19 09:34:35.260549+00:00 [notice] <0.289.0> Feature flags: attempt to enable `classic_queue_type_delivery_support`...
2024-03-19 09:34:35.266198+00:00 [notice] <0.289.0> Feature flags: attempt to enable `stream_queue`...
2024-03-19 09:34:35.279409+00:00 [notice] <0.289.0> Feature flags: `stream_queue` enabled
2024-03-19 09:34:35.286503+00:00 [notice] <0.289.0> Feature flags: `classic_queue_type_delivery_support` enabled
2024-03-19 09:34:35.286827+00:00 [notice] <0.289.0> Feature flags: attempt to enable `direct_exchange_routing_v2`...
2024-03-19 09:34:35.293106+00:00 [info] <0.501.0> Waiting for Mnesia tables for 30000 ms, 9 retries left
2024-03-19 09:34:35.293200+00:00 [info] <0.501.0> Successfully synced tables from a peer
2024-03-19 09:34:35.305655+00:00 [notice] <0.289.0> Feature flags: `direct_exchange_routing_v2` enabled
2024-03-19 09:34:35.306210+00:00 [notice] <0.289.0> Feature flags: attempt to enable `listener_records_in_ets`...
2024-03-19 09:34:35.330076+00:00 [notice] <0.289.0> Feature flags: `listener_records_in_ets` enabled
2024-03-19 09:34:35.330688+00:00 [notice] <0.289.0> Feature flags: attempt to enable `stream_sac_coordinator_unblock_group`...
2024-03-19 09:34:35.337228+00:00 [notice] <0.289.0> Feature flags: attempt to enable `stream_single_active_consumer`...
2024-03-19 09:34:35.350541+00:00 [notice] <0.289.0> Feature flags: `stream_single_active_consumer` enabled
2024-03-19 09:34:35.357652+00:00 [notice] <0.289.0> Feature flags: `stream_sac_coordinator_unblock_group` enabled
2024-03-19 09:34:35.358204+00:00 [notice] <0.289.0> Feature flags: attempt to enable `tracking_records_in_ets`...
2024-03-19 09:34:35.372059+00:00 [notice] <0.289.0> Feature flags: `tracking_records_in_ets` enabled
2024-03-19 09:34:35.372453+00:00 [info] <0.230.0> Waiting for Mnesia tables for 30000 ms, 9 retries left
2024-03-19 09:34:35.372546+00:00 [info] <0.230.0> Successfully synced tables from a peer
2024-03-19 09:34:35.378755+00:00 [info] <0.230.0> Waiting for Mnesia tables for 30000 ms, 9 retries left
2024-03-19 09:34:35.378820+00:00 [info] <0.230.0> Successfully synced tables from a peer
2024-03-19 09:34:35.378831+00:00 [info] <0.230.0> Peer discovery backend rabbit_peer_discovery_classic_config does not support registration, skipping registration.
2024-03-19 09:34:35.378872+00:00 [info] <0.230.0> Will try to unlock with peer discovery backend rabbit_peer_discovery_classic_config
2024-03-19 09:34:35.378911+00:00 [info] <0.230.0> Running boot step tracking_metadata_store defined by app rabbit
2024-03-19 09:34:35.378955+00:00 [info] <0.612.0> Setting up a table for connection tracking on this node: tracked_connection
2024-03-19 09:34:35.378978+00:00 [info] <0.612.0> Setting up a table for per-vhost connection counting on this node: tracked_connection_per_vhost
2024-03-19 09:34:35.379040+00:00 [info] <0.612.0> Setting up a table for per-user connection counting on this node: tracked_connection_per_user
2024-03-19 09:34:35.379079+00:00 [info] <0.612.0> Setting up a table for channel tracking on this node: tracked_channel
2024-03-19 09:34:35.379122+00:00 [info] <0.612.0> Setting up a table for channel tracking on this node: tracked_channel_per_user
2024-03-19 09:34:35.379184+00:00 [info] <0.230.0> Running boot step networking_metadata_store defined by app rabbit
2024-03-19 09:34:35.379244+00:00 [info] <0.230.0> Running boot step database_sync defined by app rabbit
2024-03-19 09:34:35.379293+00:00 [info] <0.230.0> Running boot step feature_flags defined by app rabbit
2024-03-19 09:34:35.379377+00:00 [info] <0.230.0> Running boot step codec_correctness_check defined by app rabbit
2024-03-19 09:34:35.379393+00:00 [info] <0.230.0> Running boot step external_infrastructure defined by app rabbit
2024-03-19 09:34:35.379413+00:00 [info] <0.230.0> Running boot step rabbit_event defined by app rabbit
2024-03-19 09:34:35.379500+00:00 [info] <0.230.0> Running boot step rabbit_registry defined by app rabbit
2024-03-19 09:34:35.379532+00:00 [info] <0.230.0> Running boot step rabbit_auth_mechanism_amqplain defined by app rabbit
2024-03-19 09:34:35.379566+00:00 [info] <0.230.0> Running boot step rabbit_auth_mechanism_cr_demo defined by app rabbit
2024-03-19 09:34:35.379584+00:00 [info] <0.230.0> Running boot step rabbit_auth_mechanism_plain defined by app rabbit
2024-03-19 09:34:35.379608+00:00 [info] <0.230.0> Running boot step rabbit_exchange_type_direct defined by app rabbit
2024-03-19 09:34:35.379623+00:00 [info] <0.230.0> Running boot step rabbit_exchange_type_fanout defined by app rabbit
2024-03-19 09:34:35.379664+00:00 [info] <0.230.0> Running boot step rabbit_exchange_type_headers defined by app rabbit
2024-03-19 09:34:35.379753+00:00 [info] <0.230.0> Running boot step rabbit_exchange_type_topic defined by app rabbit
2024-03-19 09:34:35.379790+00:00 [info] <0.230.0> Running boot step rabbit_mirror_queue_mode_all defined by app rabbit
2024-03-19 09:34:35.379818+00:00 [info] <0.230.0> Running boot step rabbit_mirror_queue_mode_exactly defined by app rabbit
2024-03-19 09:34:35.379854+00:00 [info] <0.230.0> Running boot step rabbit_mirror_queue_mode_nodes defined by app rabbit
2024-03-19 09:34:35.379878+00:00 [info] <0.230.0> Running boot step rabbit_priority_queue defined by app rabbit
2024-03-19 09:34:35.379899+00:00 [info] <0.230.0> Priority queues enabled, real BQ is rabbit_variable_queue
2024-03-19 09:34:35.379945+00:00 [info] <0.230.0> Running boot step rabbit_queue_location_client_local defined by app rabbit
2024-03-19 09:34:35.379992+00:00 [info] <0.230.0> Running boot step rabbit_queue_location_min_masters defined by app rabbit
2024-03-19 09:34:35.380034+00:00 [info] <0.230.0> Running boot step rabbit_queue_location_random defined by app rabbit
2024-03-19 09:34:35.380072+00:00 [info] <0.230.0> Running boot step kernel_ready defined by app rabbit
2024-03-19 09:34:35.380082+00:00 [info] <0.230.0> Running boot step rabbit_sysmon_minder defined by app rabbit
2024-03-19 09:34:35.380203+00:00 [info] <0.230.0> Running boot step rabbit_epmd_monitor defined by app rabbit
2024-03-19 09:34:35.380835+00:00 [info] <0.621.0> epmd monitor knows us, inter-node communication (distribution) port: 25672
2024-03-19 09:34:35.380908+00:00 [info] <0.230.0> Running boot step guid_generator defined by app rabbit
2024-03-19 09:34:35.382219+00:00 [info] <0.230.0> Running boot step rabbit_node_monitor defined by app rabbit
2024-03-19 09:34:35.382375+00:00 [info] <0.625.0> Starting rabbit_node_monitor (in ignore mode)
2024-03-19 09:34:35.382497+00:00 [info] <0.230.0> Running boot step delegate_sup defined by app rabbit
2024-03-19 09:34:35.382733+00:00 [info] <0.230.0> Running boot step rabbit_memory_monitor defined by app rabbit
2024-03-19 09:34:35.382859+00:00 [info] <0.230.0> Running boot step rabbit_fifo_dlx_sup defined by app rabbit
2024-03-19 09:34:35.382933+00:00 [info] <0.230.0> Running boot step core_initialized defined by app rabbit
2024-03-19 09:34:35.382957+00:00 [info] <0.230.0> Running boot step upgrade_queues defined by app rabbit
2024-03-19 09:34:35.386323+00:00 [info] <0.230.0> message_store upgrades: 1 to apply
2024-03-19 09:34:35.386381+00:00 [info] <0.230.0> message_store upgrades: Applying rabbit_variable_queue:move_messages_to_vhost_store
2024-03-19 09:34:35.386490+00:00 [info] <0.230.0> message_store upgrades: No durable queues found. Skipping message store migration
2024-03-19 09:34:35.386511+00:00 [info] <0.230.0> message_store upgrades: Removing the old message store data
2024-03-19 09:34:35.386854+00:00 [info] <0.230.0> message_store upgrades: All upgrades applied successfully
2024-03-19 09:34:35.390740+00:00 [info] <0.230.0> Running boot step channel_tracking defined by app rabbit
2024-03-19 09:34:35.390775+00:00 [info] <0.230.0> Running boot step rabbit_channel_tracking_handler defined by app rabbit
2024-03-19 09:34:35.390811+00:00 [info] <0.230.0> Running boot step connection_tracking defined by app rabbit
2024-03-19 09:34:35.390827+00:00 [info] <0.230.0> Running boot step rabbit_connection_tracking_handler defined by app rabbit
2024-03-19 09:34:35.390856+00:00 [info] <0.230.0> Running boot step rabbit_definitions_hashing defined by app rabbit
2024-03-19 09:34:35.390940+00:00 [info] <0.230.0> Running boot step rabbit_exchange_parameters defined by app rabbit
2024-03-19 09:34:35.391025+00:00 [info] <0.230.0> Running boot step rabbit_mirror_queue_misc defined by app rabbit
2024-03-19 09:34:35.391251+00:00 [info] <0.230.0> Running boot step rabbit_policies defined by app rabbit
2024-03-19 09:34:35.391390+00:00 [info] <0.230.0> Running boot step rabbit_policy defined by app rabbit
2024-03-19 09:34:35.391415+00:00 [info] <0.230.0> Running boot step rabbit_queue_location_validator defined by app rabbit
2024-03-19 09:34:35.391482+00:00 [info] <0.230.0> Running boot step rabbit_quorum_memory_manager defined by app rabbit
2024-03-19 09:34:35.391511+00:00 [info] <0.230.0> Running boot step rabbit_stream_coordinator defined by app rabbit
2024-03-19 09:34:35.391581+00:00 [info] <0.230.0> Running boot step rabbit_vhost_limit defined by app rabbit
2024-03-19 09:34:35.391620+00:00 [info] <0.230.0> Running boot step recovery defined by app rabbit
2024-03-19 09:34:35.392194+00:00 [info] <0.230.0> Running boot step empty_db_check defined by app rabbit
2024-03-19 09:34:35.392214+00:00 [info] <0.230.0> Will seed default virtual host and user...
2024-03-19 09:34:35.392267+00:00 [info] <0.230.0> Adding vhost '/' (description: 'Default virtual host', tags: [])
2024-03-19 09:34:35.397068+00:00 [info] <0.662.0> Making sure data directory '/var/lib/rabbitmq/mnesia/rabbit@821ae1421cc2/msg_stores/vhosts/628WB79CIFDYO9LJI6DKMI09L' for vhost '/' exists
2024-03-19 09:34:35.397733+00:00 [info] <0.662.0> Setting segment_entry_count for vhost '/' with 0 queues to '2048'
2024-03-19 09:34:35.399035+00:00 [info] <0.662.0> Starting message stores for vhost '/'
2024-03-19 09:34:35.399158+00:00 [info] <0.667.0> Message store "628WB79CIFDYO9LJI6DKMI09L/msg_store_transient": using rabbit_msg_store_ets_index to provide index
2024-03-19 09:34:35.399762+00:00 [info] <0.662.0> Started message store of type transient for vhost '/'
2024-03-19 09:34:35.399844+00:00 [info] <0.671.0> Message store "628WB79CIFDYO9LJI6DKMI09L/msg_store_persistent": using rabbit_msg_store_ets_index to provide index
2024-03-19 09:34:35.400239+00:00 [warning] <0.671.0> Message store "628WB79CIFDYO9LJI6DKMI09L/msg_store_persistent": rebuilding indices from scratch
2024-03-19 09:34:35.400591+00:00 [info] <0.662.0> Started message store of type persistent for vhost '/'
2024-03-19 09:34:35.400647+00:00 [info] <0.662.0> Recovering 0 queues of type rabbit_classic_queue took 2ms
2024-03-19 09:34:35.400662+00:00 [info] <0.662.0> Recovering 0 queues of type rabbit_quorum_queue took 0ms
2024-03-19 09:34:35.400699+00:00 [info] <0.662.0> Recovering 0 queues of type rabbit_stream_queue took 0ms
2024-03-19 09:34:35.401843+00:00 [info] <0.230.0> Created user 'excdev_test'
2024-03-19 09:34:35.402259+00:00 [info] <0.230.0> Successfully set user tags for user 'excdev_test' to [administrator]
2024-03-19 09:34:35.402805+00:00 [info] <0.230.0> Successfully set permissions for 'excdev_test' in virtual host '/' to '.*', '.*', '.*'
2024-03-19 09:34:35.402841+00:00 [info] <0.230.0> Running boot step rabbit_observer_cli defined by app rabbit
2024-03-19 09:34:35.402885+00:00 [info] <0.230.0> Running boot step rabbit_looking_glass defined by app rabbit
2024-03-19 09:34:35.402899+00:00 [info] <0.230.0> Running boot step rabbit_core_metrics_gc defined by app rabbit
2024-03-19 09:34:35.402986+00:00 [info] <0.230.0> Running boot step background_gc defined by app rabbit
2024-03-19 09:34:35.403064+00:00 [info] <0.230.0> Running boot step routing_ready defined by app rabbit
2024-03-19 09:34:35.403081+00:00 [info] <0.230.0> Running boot step pre_flight defined by app rabbit
2024-03-19 09:34:35.403099+00:00 [info] <0.230.0> Running boot step notify_cluster defined by app rabbit
2024-03-19 09:34:35.403130+00:00 [info] <0.230.0> Running boot step networking defined by app rabbit
2024-03-19 09:34:35.403146+00:00 [info] <0.230.0> Running boot step definition_import_worker_pool defined by app rabbit
2024-03-19 09:34:35.403168+00:00 [info] <0.288.0> Starting worker pool 'definition_import_pool' with 8 processes in it
2024-03-19 09:34:35.403529+00:00 [info] <0.230.0> Running boot step cluster_name defined by app rabbit
2024-03-19 09:34:35.403571+00:00 [info] <0.230.0> Initialising internal cluster ID to 'rabbitmq-cluster-id-JRPldBEyRFEfFIKeKrTaBw'
2024-03-19 09:34:35.404265+00:00 [info] <0.230.0> Running boot step direct_client defined by app rabbit
2024-03-19 09:34:35.404309+00:00 [info] <0.230.0> Running boot step rabbit_maintenance_mode_state defined by app rabbit
2024-03-19 09:34:35.404326+00:00 [info] <0.230.0> Creating table rabbit_node_maintenance_states for maintenance mode status
2024-03-19 09:34:35.406055+00:00 [info] <0.713.0> Resetting node maintenance status
2024-03-19 09:34:35.406119+00:00 [info] <0.713.0> Ready to start client connection listeners
2024-03-19 09:34:35.407225+00:00 [info] <0.731.0> started TCP listener on [::]:5672
2024-03-19 09:34:35.472474+00:00 [info] <0.713.0> Server startup complete; 0 plugins started.
2024-03-19 09:34:35.608131+00:00 [info] <0.9.0> Time to start RabbitMQ: 4210994 us
2024-03-19 09:45:00.105155+00:00 [notice] <0.61.0> SIGTERM received - shutting down
2024-03-19 09:45:00.105155+00:00 [notice] <0.61.0> 
2024-03-19 09:45:00.108518+00:00 [info] <0.230.0> Peer discovery backend rabbit_peer_discovery_classic_config does not support registration, skipping unregistration.
2024-03-19 09:45:00.109058+00:00 [info] <0.731.0> stopped TCP listener on [::]:5672
2024-03-19 09:45:00.116601+00:00 [info] <0.757.0> Closing all connections in vhost '/' on node 'rabbit@821ae1421cc2' because the vhost is stopping
2024-03-19 09:45:00.116862+00:00 [info] <0.671.0> Stopping message store for directory '/var/lib/rabbitmq/mnesia/rabbit@821ae1421cc2/msg_stores/vhosts/628WB79CIFDYO9LJI6DKMI09L/msg_store_persistent'
2024-03-19 09:45:00.131138+00:00 [info] <0.671.0> Message store for directory '/var/lib/rabbitmq/mnesia/rabbit@821ae1421cc2/msg_stores/vhosts/628WB79CIFDYO9LJI6DKMI09L/msg_store_persistent' is stopped
2024-03-19 09:45:00.131830+00:00 [info] <0.667.0> Stopping message store for directory '/var/lib/rabbitmq/mnesia/rabbit@821ae1421cc2/msg_stores/vhosts/628WB79CIFDYO9LJI6DKMI09L/msg_store_transient'
2024-03-19 09:45:00.142876+00:00 [info] <0.667.0> Message store for directory '/var/lib/rabbitmq/mnesia/rabbit@821ae1421cc2/msg_stores/vhosts/628WB79CIFDYO9LJI6DKMI09L/msg_store_transient' is stopped
