2024-03-19 14:08:04.851622+00:00 [notice] <0.230.0> Logging: configured log handlers are now ACTIVE
2024-03-19 14:08:05.016704+00:00 [info] <0.230.0> ra: starting system quorum_queues
2024-03-19 14:08:05.016766+00:00 [info] <0.230.0> starting Ra system: quorum_queues in directory: /var/lib/rabbitmq/mnesia/rabbit@17d78524365b/quorum/rabbit@17d78524365b
2024-03-19 14:08:05.071516+00:00 [info] <0.267.0> ra system 'quorum_queues' running pre init for 0 registered servers
2024-03-19 14:08:05.085533+00:00 [info] <0.268.0> ra: meta data store initialised for system quorum_queues. 0 record(s) recovered
2024-03-19 14:08:05.096219+00:00 [notice] <0.273.0> WAL: ra_log_wal init, open tbls: ra_log_open_mem_tables, closed tbls: ra_log_closed_mem_tables
2024-03-19 14:08:05.100668+00:00 [info] <0.230.0> ra: starting system coordination
2024-03-19 14:08:05.100719+00:00 [info] <0.230.0> starting Ra system: coordination in directory: /var/lib/rabbitmq/mnesia/rabbit@17d78524365b/coordination/rabbit@17d78524365b
2024-03-19 14:08:05.101305+00:00 [info] <0.280.0> ra system 'coordination' running pre init for 0 registered servers
2024-03-19 14:08:05.101631+00:00 [info] <0.281.0> ra: meta data store initialised for system coordination. 0 record(s) recovered
2024-03-19 14:08:05.101687+00:00 [notice] <0.286.0> WAL: ra_coordination_log_wal init, open tbls: ra_coordination_log_open_mem_tables, closed tbls: ra_coordination_log_closed_mem_tables
2024-03-19 14:08:05.102885+00:00 [info] <0.230.0> 
2024-03-19 14:08:05.102885+00:00 [info] <0.230.0>  Starting RabbitMQ 3.11.28 on Erlang 25.3.2.9 [jit]
2024-03-19 14:08:05.102885+00:00 [info] <0.230.0>  Copyright (c) 2007-2023 Broadcom Inc and/or its subsidiaries
2024-03-19 14:08:05.102885+00:00 [info] <0.230.0>  Licensed under the MPL 2.0. Website: https://rabbitmq.com
2024-03-19 14:08:05.103526+00:00 [info] <0.230.0> 
2024-03-19 14:08:05.103526+00:00 [info] <0.230.0>  node           : rabbit@17d78524365b
2024-03-19 14:08:05.103526+00:00 [info] <0.230.0>  home dir       : /var/lib/rabbitmq
2024-03-19 14:08:05.103526+00:00 [info] <0.230.0>  config file(s) : (none)
2024-03-19 14:08:05.103526+00:00 [info] <0.230.0>  cookie hash    : JoT5mxZmKb0lDGkDkq9kUw==
2024-03-19 14:08:05.103526+00:00 [info] <0.230.0>  log(s)         : /var/log/rabbitmq/rabbit@17d78524365b.log
2024-03-19 14:08:05.103526+00:00 [info] <0.230.0>                 : /var/log/rabbitmq/rabbit@17d78524365b_upgrade.log
2024-03-19 14:08:05.103526+00:00 [info] <0.230.0>                 : <stdout>
2024-03-19 14:08:05.103526+00:00 [info] <0.230.0>  database dir   : /var/lib/rabbitmq/mnesia/rabbit@17d78524365b
2024-03-19 14:08:07.337936+00:00 [info] <0.230.0> Running boot step pre_boot defined by app rabbit
2024-03-19 14:08:07.338016+00:00 [info] <0.230.0> Running boot step rabbit_global_counters defined by app rabbit
2024-03-19 14:08:07.338262+00:00 [info] <0.230.0> Running boot step rabbit_osiris_metrics defined by app rabbit
2024-03-19 14:08:07.338333+00:00 [info] <0.230.0> Running boot step rabbit_core_metrics defined by app rabbit
2024-03-19 14:08:07.338645+00:00 [info] <0.230.0> Running boot step rabbit_alarm defined by app rabbit
2024-03-19 14:08:07.342067+00:00 [info] <0.298.0> Memory high watermark set to 3176 MiB (3330795110 bytes) of 7941 MiB (8326987776 bytes) total
2024-03-19 14:08:07.345370+00:00 [info] <0.300.0> Enabling free disk space monitoring (disk free space: 38565761024, total memory: 8326987776)
2024-03-19 14:08:07.345400+00:00 [info] <0.300.0> Disk free limit set to 50MB
2024-03-19 14:08:07.347227+00:00 [info] <0.230.0> Running boot step code_server_cache defined by app rabbit
2024-03-19 14:08:07.347288+00:00 [info] <0.230.0> Running boot step file_handle_cache defined by app rabbit
2024-03-19 14:08:07.347432+00:00 [info] <0.303.0> Limiting to approx 1048479 file handles (943629 sockets)
2024-03-19 14:08:07.347485+00:00 [info] <0.304.0> FHC read buffering: OFF
2024-03-19 14:08:07.347504+00:00 [info] <0.304.0> FHC write buffering: ON
2024-03-19 14:08:07.347962+00:00 [info] <0.230.0> Running boot step worker_pool defined by app rabbit
2024-03-19 14:08:07.347993+00:00 [info] <0.288.0> Will use 8 processes for default worker pool
2024-03-19 14:08:07.348068+00:00 [info] <0.288.0> Starting worker pool 'worker_pool' with 8 processes in it
2024-03-19 14:08:07.348333+00:00 [info] <0.230.0> Running boot step database defined by app rabbit
2024-03-19 14:08:07.348666+00:00 [info] <0.230.0> Node database directory at /var/lib/rabbitmq/mnesia/rabbit@17d78524365b is empty. Assuming we need to join an existing cluster or initialise from scratch...
2024-03-19 14:08:07.348716+00:00 [info] <0.230.0> Configured peer discovery backend: rabbit_peer_discovery_classic_config
2024-03-19 14:08:07.348749+00:00 [info] <0.230.0> Will try to lock with peer discovery backend rabbit_peer_discovery_classic_config
2024-03-19 14:08:07.348795+00:00 [info] <0.230.0> All discovered existing cluster peers:
2024-03-19 14:08:07.348805+00:00 [info] <0.230.0> Discovered no peer nodes to cluster with. Some discovery backends can filter nodes out based on a readiness criteria. Enabling debug logging might help troubleshoot.
2024-03-19 14:08:07.351545+00:00 [notice] <0.44.0> Application mnesia exited with reason: stopped
2024-03-19 14:08:07.431565+00:00 [info] <0.230.0> Waiting for Mnesia tables for 30000 ms, 9 retries left
2024-03-19 14:08:07.431660+00:00 [info] <0.230.0> Successfully synced tables from a peer
2024-03-19 14:08:07.437965+00:00 [info] <0.230.0> Feature flags: `feature_flags_v2`: supported, attempt to enable...
2024-03-19 14:08:07.455129+00:00 [notice] <0.289.0> Feature flags: attempt to enable `classic_mirrored_queue_version`...
2024-03-19 14:08:07.468432+00:00 [notice] <0.289.0> Feature flags: `classic_mirrored_queue_version` enabled
2024-03-19 14:08:07.468805+00:00 [notice] <0.289.0> Feature flags: attempt to enable `classic_queue_type_delivery_support`...
2024-03-19 14:08:07.474858+00:00 [notice] <0.289.0> Feature flags: attempt to enable `stream_queue`...
2024-03-19 14:08:07.488221+00:00 [notice] <0.289.0> Feature flags: `stream_queue` enabled
2024-03-19 14:08:07.494826+00:00 [notice] <0.289.0> Feature flags: `classic_queue_type_delivery_support` enabled
2024-03-19 14:08:07.495252+00:00 [notice] <0.289.0> Feature flags: attempt to enable `direct_exchange_routing_v2`...
2024-03-19 14:08:07.501518+00:00 [info] <0.501.0> Waiting for Mnesia tables for 30000 ms, 9 retries left
2024-03-19 14:08:07.501602+00:00 [info] <0.501.0> Successfully synced tables from a peer
2024-03-19 14:08:07.511785+00:00 [notice] <0.289.0> Feature flags: `direct_exchange_routing_v2` enabled
2024-03-19 14:08:07.512256+00:00 [notice] <0.289.0> Feature flags: attempt to enable `listener_records_in_ets`...
2024-03-19 14:08:07.537005+00:00 [notice] <0.289.0> Feature flags: `listener_records_in_ets` enabled
2024-03-19 14:08:07.537730+00:00 [notice] <0.289.0> Feature flags: attempt to enable `stream_sac_coordinator_unblock_group`...
2024-03-19 14:08:07.544164+00:00 [notice] <0.289.0> Feature flags: attempt to enable `stream_single_active_consumer`...
2024-03-19 14:08:07.558192+00:00 [notice] <0.289.0> Feature flags: `stream_single_active_consumer` enabled
2024-03-19 14:08:07.565040+00:00 [notice] <0.289.0> Feature flags: `stream_sac_coordinator_unblock_group` enabled
2024-03-19 14:08:07.565387+00:00 [notice] <0.289.0> Feature flags: attempt to enable `tracking_records_in_ets`...
2024-03-19 14:08:07.579803+00:00 [notice] <0.289.0> Feature flags: `tracking_records_in_ets` enabled
2024-03-19 14:08:07.580368+00:00 [info] <0.230.0> Waiting for Mnesia tables for 30000 ms, 9 retries left
2024-03-19 14:08:07.580439+00:00 [info] <0.230.0> Successfully synced tables from a peer
2024-03-19 14:08:07.585962+00:00 [info] <0.230.0> Waiting for Mnesia tables for 30000 ms, 9 retries left
2024-03-19 14:08:07.586034+00:00 [info] <0.230.0> Successfully synced tables from a peer
2024-03-19 14:08:07.586054+00:00 [info] <0.230.0> Peer discovery backend rabbit_peer_discovery_classic_config does not support registration, skipping registration.
2024-03-19 14:08:07.586091+00:00 [info] <0.230.0> Will try to unlock with peer discovery backend rabbit_peer_discovery_classic_config
2024-03-19 14:08:07.586152+00:00 [info] <0.230.0> Running boot step tracking_metadata_store defined by app rabbit
2024-03-19 14:08:07.586203+00:00 [info] <0.612.0> Setting up a table for connection tracking on this node: tracked_connection
2024-03-19 14:08:07.586226+00:00 [info] <0.612.0> Setting up a table for per-vhost connection counting on this node: tracked_connection_per_vhost
2024-03-19 14:08:07.586253+00:00 [info] <0.612.0> Setting up a table for per-user connection counting on this node: tracked_connection_per_user
2024-03-19 14:08:07.586297+00:00 [info] <0.612.0> Setting up a table for channel tracking on this node: tracked_channel
2024-03-19 14:08:07.586316+00:00 [info] <0.612.0> Setting up a table for channel tracking on this node: tracked_channel_per_user
2024-03-19 14:08:07.586374+00:00 [info] <0.230.0> Running boot step networking_metadata_store defined by app rabbit
2024-03-19 14:08:07.586409+00:00 [info] <0.230.0> Running boot step database_sync defined by app rabbit
2024-03-19 14:08:07.586432+00:00 [info] <0.230.0> Running boot step feature_flags defined by app rabbit
2024-03-19 14:08:07.586534+00:00 [info] <0.230.0> Running boot step codec_correctness_check defined by app rabbit
2024-03-19 14:08:07.586567+00:00 [info] <0.230.0> Running boot step external_infrastructure defined by app rabbit
2024-03-19 14:08:07.586585+00:00 [info] <0.230.0> Running boot step rabbit_event defined by app rabbit
2024-03-19 14:08:07.586671+00:00 [info] <0.230.0> Running boot step rabbit_registry defined by app rabbit
2024-03-19 14:08:07.586723+00:00 [info] <0.230.0> Running boot step rabbit_auth_mechanism_amqplain defined by app rabbit
2024-03-19 14:08:07.586778+00:00 [info] <0.230.0> Running boot step rabbit_auth_mechanism_cr_demo defined by app rabbit
2024-03-19 14:08:07.586806+00:00 [info] <0.230.0> Running boot step rabbit_auth_mechanism_plain defined by app rabbit
2024-03-19 14:08:07.586849+00:00 [info] <0.230.0> Running boot step rabbit_exchange_type_direct defined by app rabbit
2024-03-19 14:08:07.586880+00:00 [info] <0.230.0> Running boot step rabbit_exchange_type_fanout defined by app rabbit
2024-03-19 14:08:07.586906+00:00 [info] <0.230.0> Running boot step rabbit_exchange_type_headers defined by app rabbit
2024-03-19 14:08:07.586933+00:00 [info] <0.230.0> Running boot step rabbit_exchange_type_topic defined by app rabbit
2024-03-19 14:08:07.586967+00:00 [info] <0.230.0> Running boot step rabbit_mirror_queue_mode_all defined by app rabbit
2024-03-19 14:08:07.586995+00:00 [info] <0.230.0> Running boot step rabbit_mirror_queue_mode_exactly defined by app rabbit
2024-03-19 14:08:07.587018+00:00 [info] <0.230.0> Running boot step rabbit_mirror_queue_mode_nodes defined by app rabbit
2024-03-19 14:08:07.587040+00:00 [info] <0.230.0> Running boot step rabbit_priority_queue defined by app rabbit
2024-03-19 14:08:07.587052+00:00 [info] <0.230.0> Priority queues enabled, real BQ is rabbit_variable_queue
2024-03-19 14:08:07.587114+00:00 [info] <0.230.0> Running boot step rabbit_queue_location_client_local defined by app rabbit
2024-03-19 14:08:07.587148+00:00 [info] <0.230.0> Running boot step rabbit_queue_location_min_masters defined by app rabbit
2024-03-19 14:08:07.587181+00:00 [info] <0.230.0> Running boot step rabbit_queue_location_random defined by app rabbit
2024-03-19 14:08:07.587217+00:00 [info] <0.230.0> Running boot step kernel_ready defined by app rabbit
2024-03-19 14:08:07.587231+00:00 [info] <0.230.0> Running boot step rabbit_sysmon_minder defined by app rabbit
2024-03-19 14:08:07.587311+00:00 [info] <0.230.0> Running boot step rabbit_epmd_monitor defined by app rabbit
2024-03-19 14:08:07.587878+00:00 [info] <0.621.0> epmd monitor knows us, inter-node communication (distribution) port: 25672
2024-03-19 14:08:07.587929+00:00 [info] <0.230.0> Running boot step guid_generator defined by app rabbit
2024-03-19 14:08:07.588889+00:00 [info] <0.230.0> Running boot step rabbit_node_monitor defined by app rabbit
2024-03-19 14:08:07.588981+00:00 [info] <0.625.0> Starting rabbit_node_monitor (in ignore mode)
2024-03-19 14:08:07.589034+00:00 [info] <0.230.0> Running boot step delegate_sup defined by app rabbit
2024-03-19 14:08:07.589234+00:00 [info] <0.230.0> Running boot step rabbit_memory_monitor defined by app rabbit
2024-03-19 14:08:07.589322+00:00 [info] <0.230.0> Running boot step rabbit_fifo_dlx_sup defined by app rabbit
2024-03-19 14:08:07.589367+00:00 [info] <0.230.0> Running boot step core_initialized defined by app rabbit
2024-03-19 14:08:07.589377+00:00 [info] <0.230.0> Running boot step upgrade_queues defined by app rabbit
2024-03-19 14:08:07.592460+00:00 [info] <0.230.0> message_store upgrades: 1 to apply
2024-03-19 14:08:07.592523+00:00 [info] <0.230.0> message_store upgrades: Applying rabbit_variable_queue:move_messages_to_vhost_store
2024-03-19 14:08:07.592634+00:00 [info] <0.230.0> message_store upgrades: No durable queues found. Skipping message store migration
2024-03-19 14:08:07.592665+00:00 [info] <0.230.0> message_store upgrades: Removing the old message store data
2024-03-19 14:08:07.593067+00:00 [info] <0.230.0> message_store upgrades: All upgrades applied successfully
2024-03-19 14:08:07.596648+00:00 [info] <0.230.0> Running boot step channel_tracking defined by app rabbit
2024-03-19 14:08:07.596674+00:00 [info] <0.230.0> Running boot step rabbit_channel_tracking_handler defined by app rabbit
2024-03-19 14:08:07.596724+00:00 [info] <0.230.0> Running boot step connection_tracking defined by app rabbit
2024-03-19 14:08:07.596736+00:00 [info] <0.230.0> Running boot step rabbit_connection_tracking_handler defined by app rabbit
2024-03-19 14:08:07.596761+00:00 [info] <0.230.0> Running boot step rabbit_definitions_hashing defined by app rabbit
2024-03-19 14:08:07.596794+00:00 [info] <0.230.0> Running boot step rabbit_exchange_parameters defined by app rabbit
2024-03-19 14:08:07.596840+00:00 [info] <0.230.0> Running boot step rabbit_mirror_queue_misc defined by app rabbit
2024-03-19 14:08:07.597007+00:00 [info] <0.230.0> Running boot step rabbit_policies defined by app rabbit
2024-03-19 14:08:07.597150+00:00 [info] <0.230.0> Running boot step rabbit_policy defined by app rabbit
2024-03-19 14:08:07.597174+00:00 [info] <0.230.0> Running boot step rabbit_queue_location_validator defined by app rabbit
2024-03-19 14:08:07.597204+00:00 [info] <0.230.0> Running boot step rabbit_quorum_memory_manager defined by app rabbit
2024-03-19 14:08:07.597225+00:00 [info] <0.230.0> Running boot step rabbit_stream_coordinator defined by app rabbit
2024-03-19 14:08:07.597278+00:00 [info] <0.230.0> Running boot step rabbit_vhost_limit defined by app rabbit
2024-03-19 14:08:07.597310+00:00 [info] <0.230.0> Running boot step recovery defined by app rabbit
2024-03-19 14:08:07.597811+00:00 [info] <0.230.0> Running boot step empty_db_check defined by app rabbit
2024-03-19 14:08:07.597833+00:00 [info] <0.230.0> Will seed default virtual host and user...
2024-03-19 14:08:07.597865+00:00 [info] <0.230.0> Adding vhost '/' (description: 'Default virtual host', tags: [])
2024-03-19 14:08:07.603388+00:00 [info] <0.662.0> Making sure data directory '/var/lib/rabbitmq/mnesia/rabbit@17d78524365b/msg_stores/vhosts/628WB79CIFDYO9LJI6DKMI09L' for vhost '/' exists
2024-03-19 14:08:07.603976+00:00 [info] <0.662.0> Setting segment_entry_count for vhost '/' with 0 queues to '2048'
2024-03-19 14:08:07.605415+00:00 [info] <0.662.0> Starting message stores for vhost '/'
2024-03-19 14:08:07.605527+00:00 [info] <0.667.0> Message store "628WB79CIFDYO9LJI6DKMI09L/msg_store_transient": using rabbit_msg_store_ets_index to provide index
2024-03-19 14:08:07.606277+00:00 [info] <0.662.0> Started message store of type transient for vhost '/'
2024-03-19 14:08:07.606338+00:00 [info] <0.671.0> Message store "628WB79CIFDYO9LJI6DKMI09L/msg_store_persistent": using rabbit_msg_store_ets_index to provide index
2024-03-19 14:08:07.606668+00:00 [warning] <0.671.0> Message store "628WB79CIFDYO9LJI6DKMI09L/msg_store_persistent": rebuilding indices from scratch
2024-03-19 14:08:07.607051+00:00 [info] <0.662.0> Started message store of type persistent for vhost '/'
2024-03-19 14:08:07.607105+00:00 [info] <0.662.0> Recovering 0 queues of type rabbit_classic_queue took 2ms
2024-03-19 14:08:07.607120+00:00 [info] <0.662.0> Recovering 0 queues of type rabbit_quorum_queue took 0ms
2024-03-19 14:08:07.607158+00:00 [info] <0.662.0> Recovering 0 queues of type rabbit_stream_queue took 0ms
2024-03-19 14:08:07.608630+00:00 [info] <0.230.0> Created user 'excdev_test'
2024-03-19 14:08:07.609247+00:00 [info] <0.230.0> Successfully set user tags for user 'excdev_test' to [administrator]
2024-03-19 14:08:07.609867+00:00 [info] <0.230.0> Successfully set permissions for 'excdev_test' in virtual host '/' to '.*', '.*', '.*'
2024-03-19 14:08:07.609908+00:00 [info] <0.230.0> Running boot step rabbit_observer_cli defined by app rabbit
2024-03-19 14:08:07.609940+00:00 [info] <0.230.0> Running boot step rabbit_looking_glass defined by app rabbit
2024-03-19 14:08:07.609953+00:00 [info] <0.230.0> Running boot step rabbit_core_metrics_gc defined by app rabbit
2024-03-19 14:08:07.610047+00:00 [info] <0.230.0> Running boot step background_gc defined by app rabbit
2024-03-19 14:08:07.610176+00:00 [info] <0.230.0> Running boot step routing_ready defined by app rabbit
2024-03-19 14:08:07.610203+00:00 [info] <0.230.0> Running boot step pre_flight defined by app rabbit
2024-03-19 14:08:07.610225+00:00 [info] <0.230.0> Running boot step notify_cluster defined by app rabbit
2024-03-19 14:08:07.610267+00:00 [info] <0.230.0> Running boot step networking defined by app rabbit
2024-03-19 14:08:07.610308+00:00 [info] <0.230.0> Running boot step definition_import_worker_pool defined by app rabbit
2024-03-19 14:08:07.610344+00:00 [info] <0.288.0> Starting worker pool 'definition_import_pool' with 8 processes in it
2024-03-19 14:08:07.610790+00:00 [info] <0.230.0> Running boot step cluster_name defined by app rabbit
2024-03-19 14:08:07.610832+00:00 [info] <0.230.0> Initialising internal cluster ID to 'rabbitmq-cluster-id-Nz9MDE9Jbw_Kh4EuX0YteA'
2024-03-19 14:08:07.611449+00:00 [info] <0.230.0> Running boot step direct_client defined by app rabbit
2024-03-19 14:08:07.611517+00:00 [info] <0.230.0> Running boot step rabbit_maintenance_mode_state defined by app rabbit
2024-03-19 14:08:07.611544+00:00 [info] <0.230.0> Creating table rabbit_node_maintenance_states for maintenance mode status
2024-03-19 14:08:07.613104+00:00 [info] <0.713.0> Resetting node maintenance status
2024-03-19 14:08:07.613172+00:00 [info] <0.713.0> Ready to start client connection listeners
2024-03-19 14:08:07.614265+00:00 [info] <0.731.0> started TCP listener on [::]:5672
2024-03-19 14:08:07.699116+00:00 [info] <0.713.0> Server startup complete; 0 plugins started.
2024-03-19 14:08:07.813717+00:00 [info] <0.9.0> Time to start RabbitMQ: 5658110 us
2024-03-19 14:41:52.808764+00:00 [notice] <0.61.0> SIGTERM received - shutting down
2024-03-19 14:41:52.808764+00:00 [notice] <0.61.0> 
2024-03-19 14:41:52.812796+00:00 [info] <0.230.0> Peer discovery backend rabbit_peer_discovery_classic_config does not support registration, skipping unregistration.
2024-03-19 14:41:52.813336+00:00 [info] <0.731.0> stopped TCP listener on [::]:5672
2024-03-19 14:41:52.819257+00:00 [info] <0.776.0> Closing all connections in vhost '/' on node 'rabbit@17d78524365b' because the vhost is stopping
2024-03-19 14:41:52.819386+00:00 [info] <0.671.0> Stopping message store for directory '/var/lib/rabbitmq/mnesia/rabbit@17d78524365b/msg_stores/vhosts/628WB79CIFDYO9LJI6DKMI09L/msg_store_persistent'
2024-03-19 14:41:52.834851+00:00 [info] <0.671.0> Message store for directory '/var/lib/rabbitmq/mnesia/rabbit@17d78524365b/msg_stores/vhosts/628WB79CIFDYO9LJI6DKMI09L/msg_store_persistent' is stopped
2024-03-19 14:41:52.835105+00:00 [info] <0.667.0> Stopping message store for directory '/var/lib/rabbitmq/mnesia/rabbit@17d78524365b/msg_stores/vhosts/628WB79CIFDYO9LJI6DKMI09L/msg_store_transient'
2024-03-19 14:41:52.840176+00:00 [info] <0.667.0> Message store for directory '/var/lib/rabbitmq/mnesia/rabbit@17d78524365b/msg_stores/vhosts/628WB79CIFDYO9LJI6DKMI09L/msg_store_transient' is stopped
