2024-03-19 17:35:03.382778+00:00 [notice] <0.230.0> Logging: configured log handlers are now ACTIVE
2024-03-19 17:35:03.593401+00:00 [info] <0.230.0> ra: starting system quorum_queues
2024-03-19 17:35:03.593470+00:00 [info] <0.230.0> starting Ra system: quorum_queues in directory: /var/lib/rabbitmq/mnesia/rabbit@e34056a14d8f/quorum/rabbit@e34056a14d8f
2024-03-19 17:35:03.646382+00:00 [info] <0.267.0> ra system 'quorum_queues' running pre init for 0 registered servers
2024-03-19 17:35:03.653680+00:00 [info] <0.268.0> ra: meta data store initialised for system quorum_queues. 0 record(s) recovered
2024-03-19 17:35:03.663999+00:00 [notice] <0.273.0> WAL: ra_log_wal init, open tbls: ra_log_open_mem_tables, closed tbls: ra_log_closed_mem_tables
2024-03-19 17:35:03.668291+00:00 [info] <0.230.0> ra: starting system coordination
2024-03-19 17:35:03.668330+00:00 [info] <0.230.0> starting Ra system: coordination in directory: /var/lib/rabbitmq/mnesia/rabbit@e34056a14d8f/coordination/rabbit@e34056a14d8f
2024-03-19 17:35:03.669226+00:00 [info] <0.280.0> ra system 'coordination' running pre init for 0 registered servers
2024-03-19 17:35:03.669729+00:00 [info] <0.281.0> ra: meta data store initialised for system coordination. 0 record(s) recovered
2024-03-19 17:35:03.669818+00:00 [notice] <0.286.0> WAL: ra_coordination_log_wal init, open tbls: ra_coordination_log_open_mem_tables, closed tbls: ra_coordination_log_closed_mem_tables
2024-03-19 17:35:03.671722+00:00 [info] <0.230.0> 
2024-03-19 17:35:03.671722+00:00 [info] <0.230.0>  Starting RabbitMQ 3.11.28 on Erlang 25.3.2.9 [jit]
2024-03-19 17:35:03.671722+00:00 [info] <0.230.0>  Copyright (c) 2007-2023 Broadcom Inc and/or its subsidiaries
2024-03-19 17:35:03.671722+00:00 [info] <0.230.0>  Licensed under the MPL 2.0. Website: https://rabbitmq.com
2024-03-19 17:35:03.672608+00:00 [info] <0.230.0> 
2024-03-19 17:35:03.672608+00:00 [info] <0.230.0>  node           : rabbit@e34056a14d8f
2024-03-19 17:35:03.672608+00:00 [info] <0.230.0>  home dir       : /var/lib/rabbitmq
2024-03-19 17:35:03.672608+00:00 [info] <0.230.0>  config file(s) : (none)
2024-03-19 17:35:03.672608+00:00 [info] <0.230.0>  cookie hash    : 40bK4aR0VLU872u9+KCJTw==
2024-03-19 17:35:03.672608+00:00 [info] <0.230.0>  log(s)         : /var/log/rabbitmq/rabbit@e34056a14d8f.log
2024-03-19 17:35:03.672608+00:00 [info] <0.230.0>                 : /var/log/rabbitmq/rabbit@e34056a14d8f_upgrade.log
2024-03-19 17:35:03.672608+00:00 [info] <0.230.0>                 : <stdout>
2024-03-19 17:35:03.672608+00:00 [info] <0.230.0>  database dir   : /var/lib/rabbitmq/mnesia/rabbit@e34056a14d8f
2024-03-19 17:35:06.009464+00:00 [info] <0.230.0> Running boot step pre_boot defined by app rabbit
2024-03-19 17:35:06.009581+00:00 [info] <0.230.0> Running boot step rabbit_global_counters defined by app rabbit
2024-03-19 17:35:06.010143+00:00 [info] <0.230.0> Running boot step rabbit_osiris_metrics defined by app rabbit
2024-03-19 17:35:06.010396+00:00 [info] <0.230.0> Running boot step rabbit_core_metrics defined by app rabbit
2024-03-19 17:35:06.011232+00:00 [info] <0.230.0> Running boot step rabbit_alarm defined by app rabbit
2024-03-19 17:35:06.014048+00:00 [info] <0.298.0> Memory high watermark set to 3176 MiB (3330795110 bytes) of 7941 MiB (8326987776 bytes) total
2024-03-19 17:35:06.016237+00:00 [info] <0.300.0> Enabling free disk space monitoring (disk free space: 38564700160, total memory: 8326987776)
2024-03-19 17:35:06.016262+00:00 [info] <0.300.0> Disk free limit set to 50MB
2024-03-19 17:35:06.017184+00:00 [info] <0.230.0> Running boot step code_server_cache defined by app rabbit
2024-03-19 17:35:06.017230+00:00 [info] <0.230.0> Running boot step file_handle_cache defined by app rabbit
2024-03-19 17:35:06.017344+00:00 [info] <0.303.0> Limiting to approx 1048479 file handles (943629 sockets)
2024-03-19 17:35:06.017410+00:00 [info] <0.304.0> FHC read buffering: OFF
2024-03-19 17:35:06.017424+00:00 [info] <0.304.0> FHC write buffering: ON
2024-03-19 17:35:06.017747+00:00 [info] <0.230.0> Running boot step worker_pool defined by app rabbit
2024-03-19 17:35:06.017788+00:00 [info] <0.288.0> Will use 8 processes for default worker pool
2024-03-19 17:35:06.017806+00:00 [info] <0.288.0> Starting worker pool 'worker_pool' with 8 processes in it
2024-03-19 17:35:06.018026+00:00 [info] <0.230.0> Running boot step database defined by app rabbit
2024-03-19 17:35:06.018205+00:00 [info] <0.230.0> Node database directory at /var/lib/rabbitmq/mnesia/rabbit@e34056a14d8f is empty. Assuming we need to join an existing cluster or initialise from scratch...
2024-03-19 17:35:06.018232+00:00 [info] <0.230.0> Configured peer discovery backend: rabbit_peer_discovery_classic_config
2024-03-19 17:35:06.018256+00:00 [info] <0.230.0> Will try to lock with peer discovery backend rabbit_peer_discovery_classic_config
2024-03-19 17:35:06.018296+00:00 [info] <0.230.0> All discovered existing cluster peers:
2024-03-19 17:35:06.018305+00:00 [info] <0.230.0> Discovered no peer nodes to cluster with. Some discovery backends can filter nodes out based on a readiness criteria. Enabling debug logging might help troubleshoot.
2024-03-19 17:35:06.019456+00:00 [notice] <0.44.0> Application mnesia exited with reason: stopped
2024-03-19 17:35:06.089665+00:00 [info] <0.230.0> Waiting for Mnesia tables for 30000 ms, 9 retries left
2024-03-19 17:35:06.089758+00:00 [info] <0.230.0> Successfully synced tables from a peer
2024-03-19 17:35:06.094434+00:00 [info] <0.230.0> Feature flags: `feature_flags_v2`: supported, attempt to enable...
2024-03-19 17:35:06.110548+00:00 [notice] <0.289.0> Feature flags: attempt to enable `classic_mirrored_queue_version`...
2024-03-19 17:35:06.125637+00:00 [notice] <0.289.0> Feature flags: `classic_mirrored_queue_version` enabled
2024-03-19 17:35:06.126039+00:00 [notice] <0.289.0> Feature flags: attempt to enable `classic_queue_type_delivery_support`...
2024-03-19 17:35:06.132017+00:00 [notice] <0.289.0> Feature flags: attempt to enable `stream_queue`...
2024-03-19 17:35:06.147285+00:00 [notice] <0.289.0> Feature flags: `stream_queue` enabled
2024-03-19 17:35:06.154740+00:00 [notice] <0.289.0> Feature flags: `classic_queue_type_delivery_support` enabled
2024-03-19 17:35:06.155107+00:00 [notice] <0.289.0> Feature flags: attempt to enable `direct_exchange_routing_v2`...
2024-03-19 17:35:06.162056+00:00 [info] <0.501.0> Waiting for Mnesia tables for 30000 ms, 9 retries left
2024-03-19 17:35:06.162167+00:00 [info] <0.501.0> Successfully synced tables from a peer
2024-03-19 17:35:06.174029+00:00 [notice] <0.289.0> Feature flags: `direct_exchange_routing_v2` enabled
2024-03-19 17:35:06.174538+00:00 [notice] <0.289.0> Feature flags: attempt to enable `listener_records_in_ets`...
2024-03-19 17:35:06.201270+00:00 [notice] <0.289.0> Feature flags: `listener_records_in_ets` enabled
2024-03-19 17:35:06.201845+00:00 [notice] <0.289.0> Feature flags: attempt to enable `stream_sac_coordinator_unblock_group`...
2024-03-19 17:35:06.208264+00:00 [notice] <0.289.0> Feature flags: attempt to enable `stream_single_active_consumer`...
2024-03-19 17:35:06.222166+00:00 [notice] <0.289.0> Feature flags: `stream_single_active_consumer` enabled
2024-03-19 17:35:06.229196+00:00 [notice] <0.289.0> Feature flags: `stream_sac_coordinator_unblock_group` enabled
2024-03-19 17:35:06.229512+00:00 [notice] <0.289.0> Feature flags: attempt to enable `tracking_records_in_ets`...
2024-03-19 17:35:06.242789+00:00 [notice] <0.289.0> Feature flags: `tracking_records_in_ets` enabled
2024-03-19 17:35:06.243258+00:00 [info] <0.230.0> Waiting for Mnesia tables for 30000 ms, 9 retries left
2024-03-19 17:35:06.243309+00:00 [info] <0.230.0> Successfully synced tables from a peer
2024-03-19 17:35:06.250202+00:00 [info] <0.230.0> Waiting for Mnesia tables for 30000 ms, 9 retries left
2024-03-19 17:35:06.250270+00:00 [info] <0.230.0> Successfully synced tables from a peer
2024-03-19 17:35:06.250291+00:00 [info] <0.230.0> Peer discovery backend rabbit_peer_discovery_classic_config does not support registration, skipping registration.
2024-03-19 17:35:06.250320+00:00 [info] <0.230.0> Will try to unlock with peer discovery backend rabbit_peer_discovery_classic_config
2024-03-19 17:35:06.250359+00:00 [info] <0.230.0> Running boot step tracking_metadata_store defined by app rabbit
2024-03-19 17:35:06.250426+00:00 [info] <0.612.0> Setting up a table for connection tracking on this node: tracked_connection
2024-03-19 17:35:06.250450+00:00 [info] <0.612.0> Setting up a table for per-vhost connection counting on this node: tracked_connection_per_vhost
2024-03-19 17:35:06.250485+00:00 [info] <0.612.0> Setting up a table for per-user connection counting on this node: tracked_connection_per_user
2024-03-19 17:35:06.250517+00:00 [info] <0.612.0> Setting up a table for channel tracking on this node: tracked_channel
2024-03-19 17:35:06.250554+00:00 [info] <0.612.0> Setting up a table for channel tracking on this node: tracked_channel_per_user
2024-03-19 17:35:06.250583+00:00 [info] <0.230.0> Running boot step networking_metadata_store defined by app rabbit
2024-03-19 17:35:06.250655+00:00 [info] <0.230.0> Running boot step database_sync defined by app rabbit
2024-03-19 17:35:06.250686+00:00 [info] <0.230.0> Running boot step feature_flags defined by app rabbit
2024-03-19 17:35:06.250749+00:00 [info] <0.230.0> Running boot step codec_correctness_check defined by app rabbit
2024-03-19 17:35:06.250761+00:00 [info] <0.230.0> Running boot step external_infrastructure defined by app rabbit
2024-03-19 17:35:06.250787+00:00 [info] <0.230.0> Running boot step rabbit_event defined by app rabbit
2024-03-19 17:35:06.250944+00:00 [info] <0.230.0> Running boot step rabbit_registry defined by app rabbit
2024-03-19 17:35:06.250984+00:00 [info] <0.230.0> Running boot step rabbit_auth_mechanism_amqplain defined by app rabbit
2024-03-19 17:35:06.251024+00:00 [info] <0.230.0> Running boot step rabbit_auth_mechanism_cr_demo defined by app rabbit
2024-03-19 17:35:06.251045+00:00 [info] <0.230.0> Running boot step rabbit_auth_mechanism_plain defined by app rabbit
2024-03-19 17:35:06.251075+00:00 [info] <0.230.0> Running boot step rabbit_exchange_type_direct defined by app rabbit
2024-03-19 17:35:06.251093+00:00 [info] <0.230.0> Running boot step rabbit_exchange_type_fanout defined by app rabbit
2024-03-19 17:35:06.251119+00:00 [info] <0.230.0> Running boot step rabbit_exchange_type_headers defined by app rabbit
2024-03-19 17:35:06.251159+00:00 [info] <0.230.0> Running boot step rabbit_exchange_type_topic defined by app rabbit
2024-03-19 17:35:06.251179+00:00 [info] <0.230.0> Running boot step rabbit_mirror_queue_mode_all defined by app rabbit
2024-03-19 17:35:06.251195+00:00 [info] <0.230.0> Running boot step rabbit_mirror_queue_mode_exactly defined by app rabbit
2024-03-19 17:35:06.251211+00:00 [info] <0.230.0> Running boot step rabbit_mirror_queue_mode_nodes defined by app rabbit
2024-03-19 17:35:06.251225+00:00 [info] <0.230.0> Running boot step rabbit_priority_queue defined by app rabbit
2024-03-19 17:35:06.251236+00:00 [info] <0.230.0> Priority queues enabled, real BQ is rabbit_variable_queue
2024-03-19 17:35:06.251267+00:00 [info] <0.230.0> Running boot step rabbit_queue_location_client_local defined by app rabbit
2024-03-19 17:35:06.251284+00:00 [info] <0.230.0> Running boot step rabbit_queue_location_min_masters defined by app rabbit
2024-03-19 17:35:06.251303+00:00 [info] <0.230.0> Running boot step rabbit_queue_location_random defined by app rabbit
2024-03-19 17:35:06.251324+00:00 [info] <0.230.0> Running boot step kernel_ready defined by app rabbit
2024-03-19 17:35:06.251334+00:00 [info] <0.230.0> Running boot step rabbit_sysmon_minder defined by app rabbit
2024-03-19 17:35:06.251516+00:00 [info] <0.230.0> Running boot step rabbit_epmd_monitor defined by app rabbit
2024-03-19 17:35:06.252021+00:00 [info] <0.621.0> epmd monitor knows us, inter-node communication (distribution) port: 25672
2024-03-19 17:35:06.252083+00:00 [info] <0.230.0> Running boot step guid_generator defined by app rabbit
2024-03-19 17:35:06.252918+00:00 [info] <0.230.0> Running boot step rabbit_node_monitor defined by app rabbit
2024-03-19 17:35:06.253007+00:00 [info] <0.625.0> Starting rabbit_node_monitor (in ignore mode)
2024-03-19 17:35:06.253069+00:00 [info] <0.230.0> Running boot step delegate_sup defined by app rabbit
2024-03-19 17:35:06.253313+00:00 [info] <0.230.0> Running boot step rabbit_memory_monitor defined by app rabbit
2024-03-19 17:35:06.253490+00:00 [info] <0.230.0> Running boot step rabbit_fifo_dlx_sup defined by app rabbit
2024-03-19 17:35:06.253558+00:00 [info] <0.230.0> Running boot step core_initialized defined by app rabbit
2024-03-19 17:35:06.253569+00:00 [info] <0.230.0> Running boot step upgrade_queues defined by app rabbit
2024-03-19 17:35:06.256634+00:00 [info] <0.230.0> message_store upgrades: 1 to apply
2024-03-19 17:35:06.256694+00:00 [info] <0.230.0> message_store upgrades: Applying rabbit_variable_queue:move_messages_to_vhost_store
2024-03-19 17:35:06.256783+00:00 [info] <0.230.0> message_store upgrades: No durable queues found. Skipping message store migration
2024-03-19 17:35:06.256813+00:00 [info] <0.230.0> message_store upgrades: Removing the old message store data
2024-03-19 17:35:06.257167+00:00 [info] <0.230.0> message_store upgrades: All upgrades applied successfully
2024-03-19 17:35:06.260622+00:00 [info] <0.230.0> Running boot step channel_tracking defined by app rabbit
2024-03-19 17:35:06.260645+00:00 [info] <0.230.0> Running boot step rabbit_channel_tracking_handler defined by app rabbit
2024-03-19 17:35:06.260699+00:00 [info] <0.230.0> Running boot step connection_tracking defined by app rabbit
2024-03-19 17:35:06.260712+00:00 [info] <0.230.0> Running boot step rabbit_connection_tracking_handler defined by app rabbit
2024-03-19 17:35:06.260773+00:00 [info] <0.230.0> Running boot step rabbit_definitions_hashing defined by app rabbit
2024-03-19 17:35:06.260814+00:00 [info] <0.230.0> Running boot step rabbit_exchange_parameters defined by app rabbit
2024-03-19 17:35:06.260863+00:00 [info] <0.230.0> Running boot step rabbit_mirror_queue_misc defined by app rabbit
2024-03-19 17:35:06.260975+00:00 [info] <0.230.0> Running boot step rabbit_policies defined by app rabbit
2024-03-19 17:35:06.261091+00:00 [info] <0.230.0> Running boot step rabbit_policy defined by app rabbit
2024-03-19 17:35:06.261115+00:00 [info] <0.230.0> Running boot step rabbit_queue_location_validator defined by app rabbit
2024-03-19 17:35:06.261138+00:00 [info] <0.230.0> Running boot step rabbit_quorum_memory_manager defined by app rabbit
2024-03-19 17:35:06.261176+00:00 [info] <0.230.0> Running boot step rabbit_stream_coordinator defined by app rabbit
2024-03-19 17:35:06.261265+00:00 [info] <0.230.0> Running boot step rabbit_vhost_limit defined by app rabbit
2024-03-19 17:35:06.261300+00:00 [info] <0.230.0> Running boot step recovery defined by app rabbit
2024-03-19 17:35:06.261798+00:00 [info] <0.230.0> Running boot step empty_db_check defined by app rabbit
2024-03-19 17:35:06.261817+00:00 [info] <0.230.0> Will seed default virtual host and user...
2024-03-19 17:35:06.261869+00:00 [info] <0.230.0> Adding vhost '/' (description: 'Default virtual host', tags: [])
2024-03-19 17:35:06.266894+00:00 [info] <0.662.0> Making sure data directory '/var/lib/rabbitmq/mnesia/rabbit@e34056a14d8f/msg_stores/vhosts/628WB79CIFDYO9LJI6DKMI09L' for vhost '/' exists
2024-03-19 17:35:06.267487+00:00 [info] <0.662.0> Setting segment_entry_count for vhost '/' with 0 queues to '2048'
2024-03-19 17:35:06.268651+00:00 [info] <0.662.0> Starting message stores for vhost '/'
2024-03-19 17:35:06.268784+00:00 [info] <0.667.0> Message store "628WB79CIFDYO9LJI6DKMI09L/msg_store_transient": using rabbit_msg_store_ets_index to provide index
2024-03-19 17:35:06.269351+00:00 [info] <0.662.0> Started message store of type transient for vhost '/'
2024-03-19 17:35:06.269472+00:00 [info] <0.671.0> Message store "628WB79CIFDYO9LJI6DKMI09L/msg_store_persistent": using rabbit_msg_store_ets_index to provide index
2024-03-19 17:35:06.270277+00:00 [warning] <0.671.0> Message store "628WB79CIFDYO9LJI6DKMI09L/msg_store_persistent": rebuilding indices from scratch
2024-03-19 17:35:06.270705+00:00 [info] <0.662.0> Started message store of type persistent for vhost '/'
2024-03-19 17:35:06.270766+00:00 [info] <0.662.0> Recovering 0 queues of type rabbit_classic_queue took 3ms
2024-03-19 17:35:06.270786+00:00 [info] <0.662.0> Recovering 0 queues of type rabbit_quorum_queue took 0ms
2024-03-19 17:35:06.270815+00:00 [info] <0.662.0> Recovering 0 queues of type rabbit_stream_queue took 0ms
2024-03-19 17:35:06.271992+00:00 [info] <0.230.0> Created user 'excdev_test'
2024-03-19 17:35:06.272606+00:00 [info] <0.230.0> Successfully set user tags for user 'excdev_test' to [administrator]
2024-03-19 17:35:06.273164+00:00 [info] <0.230.0> Successfully set permissions for 'excdev_test' in virtual host '/' to '.*', '.*', '.*'
2024-03-19 17:35:06.273231+00:00 [info] <0.230.0> Running boot step rabbit_observer_cli defined by app rabbit
2024-03-19 17:35:06.273280+00:00 [info] <0.230.0> Running boot step rabbit_looking_glass defined by app rabbit
2024-03-19 17:35:06.273320+00:00 [info] <0.230.0> Running boot step rabbit_core_metrics_gc defined by app rabbit
2024-03-19 17:35:06.273397+00:00 [info] <0.230.0> Running boot step background_gc defined by app rabbit
2024-03-19 17:35:06.273495+00:00 [info] <0.230.0> Running boot step routing_ready defined by app rabbit
2024-03-19 17:35:06.273505+00:00 [info] <0.230.0> Running boot step pre_flight defined by app rabbit
2024-03-19 17:35:06.273532+00:00 [info] <0.230.0> Running boot step notify_cluster defined by app rabbit
2024-03-19 17:35:06.273557+00:00 [info] <0.230.0> Running boot step networking defined by app rabbit
2024-03-19 17:35:06.273609+00:00 [info] <0.230.0> Running boot step definition_import_worker_pool defined by app rabbit
2024-03-19 17:35:06.273636+00:00 [info] <0.288.0> Starting worker pool 'definition_import_pool' with 8 processes in it
2024-03-19 17:35:06.273892+00:00 [info] <0.230.0> Running boot step cluster_name defined by app rabbit
2024-03-19 17:35:06.273936+00:00 [info] <0.230.0> Initialising internal cluster ID to 'rabbitmq-cluster-id-6ziR3HbZSPJDTKv3tRg7Vg'
2024-03-19 17:35:06.274586+00:00 [info] <0.230.0> Running boot step direct_client defined by app rabbit
2024-03-19 17:35:06.274639+00:00 [info] <0.230.0> Running boot step rabbit_maintenance_mode_state defined by app rabbit
2024-03-19 17:35:06.274651+00:00 [info] <0.230.0> Creating table rabbit_node_maintenance_states for maintenance mode status
2024-03-19 17:35:06.276315+00:00 [info] <0.713.0> Resetting node maintenance status
2024-03-19 17:35:06.276394+00:00 [info] <0.713.0> Ready to start client connection listeners
2024-03-19 17:35:06.277440+00:00 [info] <0.731.0> started TCP listener on [::]:5672
2024-03-19 17:35:06.343537+00:00 [info] <0.713.0> Server startup complete; 0 plugins started.
2024-03-19 17:35:06.478742+00:00 [info] <0.9.0> Time to start RabbitMQ: 5289877 us
2024-03-19 19:12:09.592205+00:00 [notice] <0.61.0> SIGTERM received - shutting down
2024-03-19 19:12:09.592205+00:00 [notice] <0.61.0> 
2024-03-19 19:12:09.593635+00:00 [info] <0.230.0> Peer discovery backend rabbit_peer_discovery_classic_config does not support registration, skipping unregistration.
2024-03-19 19:12:09.594392+00:00 [info] <0.731.0> stopped TCP listener on [::]:5672
2024-03-19 19:12:09.596413+00:00 [info] <0.754.0> Closing all connections in vhost '/' on node 'rabbit@e34056a14d8f' because the vhost is stopping
2024-03-19 19:12:09.596552+00:00 [info] <0.671.0> Stopping message store for directory '/var/lib/rabbitmq/mnesia/rabbit@e34056a14d8f/msg_stores/vhosts/628WB79CIFDYO9LJI6DKMI09L/msg_store_persistent'
2024-03-19 19:12:09.603030+00:00 [info] <0.671.0> Message store for directory '/var/lib/rabbitmq/mnesia/rabbit@e34056a14d8f/msg_stores/vhosts/628WB79CIFDYO9LJI6DKMI09L/msg_store_persistent' is stopped
2024-03-19 19:12:09.603327+00:00 [info] <0.667.0> Stopping message store for directory '/var/lib/rabbitmq/mnesia/rabbit@e34056a14d8f/msg_stores/vhosts/628WB79CIFDYO9LJI6DKMI09L/msg_store_transient'
2024-03-19 19:12:09.615646+00:00 [info] <0.667.0> Message store for directory '/var/lib/rabbitmq/mnesia/rabbit@e34056a14d8f/msg_stores/vhosts/628WB79CIFDYO9LJI6DKMI09L/msg_store_transient' is stopped
